#
# There is insufficient memory for the Java Runtime Environment to continue.
# Native memory allocation (malloc) failed to allocate 2275856 bytes for Chunk::new
# Possible reasons:
#   The system is out of physical RAM or swap space
#   The process is running with CompressedOops enabled, and the Java Heap may be blocking the growth of the native heap
# Possible solutions:
#   Reduce memory load on the system
#   Increase physical memory or swap space
#   Check if swap backing store is full
#   Decrease Java heap size (-Xmx/-Xms)
#   Decrease number of Java threads
#   Decrease Java thread stack sizes (-Xss)
#   Set larger code cache with -XX:ReservedCodeCacheSize=
#   JVM is running with Unscaled Compressed Oops mode in which the Java heap is
#     placed in the first 4GB address space. The Java Heap base address is the
#     maximum limit for the native heap growth. Please use -XX:HeapBaseMinAddress
#     to set the Java Heap base and to place the Java Heap above 4GB virtual address.
# This output file may be truncated or incomplete.
#
#  Out of Memory Error (./src/hotspot/share/memory/arena.cpp:197), pid=8620, tid=1600
#
# JRE version: OpenJDK Runtime Environment (11.0.13) (build 11.0.13+0-b1751.21-8125866)
# Java VM: OpenJDK 64-Bit Server VM (11.0.13+0-b1751.21-8125866, mixed mode, tiered, compressed oops, g1 gc, windows-amd64)
# No core dump will be written. Minidumps are not enabled by default on client versions of Windows
#

---------------  S U M M A R Y ------------

Command Line: --add-opens=java.base/java.util=ALL-UNNAMED --add-opens=java.base/java.lang=ALL-UNNAMED --add-opens=java.base/java.lang.invoke=ALL-UNNAMED --add-opens=java.base/java.util=ALL-UNNAMED --add-opens=java.prefs/java.util.prefs=ALL-UNNAMED --add-opens=java.prefs/java.util.prefs=ALL-UNNAMED --add-opens=java.base/java.nio.charset=ALL-UNNAMED --add-opens=java.base/java.net=ALL-UNNAMED --add-opens=java.base/java.util.concurrent.atomic=ALL-UNNAMED -Xmx2048m -Dfile.encoding=UTF-8 -Duser.country=MX -Duser.language=es -Duser.variant org.gradle.launcher.daemon.bootstrap.GradleDaemon 7.4

Host: Intel(R) Core(TM) i3-5005U CPU @ 2.00GHz, 4 cores, 3G,  Windows 10 , 64 bit Build 19041 (10.0.19041.2251)
Time: Wed Nov 30 01:25:43 2022 Hora est. Pacífico, Sudamérica elapsed time: 206.959109 seconds (0d 0h 3m 26s)

---------------  T H R E A D  ---------------

Current thread (0x0000023cc847c800):  JavaThread "C2 CompilerThread0" daemon [_thread_in_native, id=1600, stack(0x0000005299100000,0x0000005299200000)]


Current CompileTask:
C2: 206959 14865 %     4       com.android.tools.r8.ir.regalloc.b::a @ 14 (1831 bytes)

Stack: [0x0000005299100000,0x0000005299200000]
Native frames: (J=compiled Java code, j=interpreted, Vv=VM code, C=native code)
V  [jvm.dll+0x6100fa]
V  [jvm.dll+0x747090]
V  [jvm.dll+0x7486ad]
V  [jvm.dll+0x748d83]
V  [jvm.dll+0x24ab48]
V  [jvm.dll+0xc04dc]
V  [jvm.dll+0xc0a0c]
V  [jvm.dll+0x35eb5b]
V  [jvm.dll+0x32b833]
V  [jvm.dll+0x32ad2a]
V  [jvm.dll+0x2032b2]
V  [jvm.dll+0x202437]
V  [jvm.dll+0x188e01]
V  [jvm.dll+0x21106b]
V  [jvm.dll+0x20f8c1]
V  [jvm.dll+0x70de0f]
V  [jvm.dll+0x706a75]
V  [jvm.dll+0x60ed66]
C  [ucrtbase.dll+0x21bb2]
C  [KERNEL32.DLL+0x174b4]
C  [ntdll.dll+0x526a1]


---------------  P R O C E S S  ---------------

Threads class SMR info:
_java_thread_list=0x0000023cca97f520, length=90, elements={
0x0000023cabf55800, 0x0000023cc7acb800, 0x0000023cc7ad5800, 0x0000023cc8472800,
0x0000023cc8473800, 0x0000023cc8476000, 0x0000023cc847c800, 0x0000023cc7b29000,
0x0000023cc7b2b000, 0x0000023cc85d1800, 0x0000023cc9d60800, 0x0000023cca807000,
0x0000023cc94a7800, 0x0000023cc8924000, 0x0000023cc9155800, 0x0000023cc9156800,
0x0000023cc927b000, 0x0000023cc9396800, 0x0000023cc89ce800, 0x0000023cc8c92800,
0x0000023cc8c95000, 0x0000023cc8c96800, 0x0000023cc8c94000, 0x0000023cc8c95800,
0x0000023cc8c90800, 0x0000023cc8c97000, 0x0000023cc8c91800, 0x0000023cc8c93000,
0x0000023cc8529000, 0x0000023cc852d000, 0x0000023cc852d800, 0x0000023cc8528000,
0x0000023cc852f800, 0x0000023cc8530000, 0x0000023cc852c000, 0x0000023cc852a800,
0x0000023cc852e800, 0x0000023cc8531000, 0x0000023cc852b800, 0x0000023cc8532800,
0x0000023cc8533800, 0x0000023cc8536800, 0x0000023cc8534800, 0x0000023cc8535000,
0x0000023cc8536000, 0x0000023cc8532000, 0x0000023cce238000, 0x0000023cce23d800,
0x0000023cce23e800, 0x0000023cce23d000, 0x0000023cce23a800, 0x0000023cce239000,
0x0000023cce23f800, 0x0000023cce239800, 0x0000023cce240000, 0x0000023cce241000,
0x0000023cce23b000, 0x0000023cce242000, 0x0000023cce23c000, 0x0000023cce244000,
0x0000023cce246000, 0x0000023cce242800, 0x0000023cce246800, 0x0000023cce243800,
0x0000023cce245000, 0x0000023ccb1dd800, 0x0000023ccb1de800, 0x0000023ccb1e0000,
0x0000023ccb1df000, 0x0000023ccb1e1000, 0x0000023ccb1db000, 0x0000023ccb1dc000,
0x0000023ccb1e1800, 0x0000023ccb1dc800, 0x0000023ccbb80800, 0x0000023ccbb7d800,
0x0000023ccbb81800, 0x0000023ccbb82000, 0x0000023ccbb83000, 0x0000023ccbb7f000,
0x0000023ccbb84000, 0x0000023ccbb7f800, 0x0000023ccbb85800, 0x0000023ccbb88000,
0x0000023ccbb88800, 0x0000023ccbb86800, 0x0000023ccbb87000, 0x0000023ccbb89800,
0x0000023ccbb8a800, 0x0000023cd2815800
}

Java Threads: ( => current thread )
  0x0000023cabf55800 JavaThread "main" [_thread_blocked, id=4444, stack(0x0000005298500000,0x0000005298600000)]
  0x0000023cc7acb800 JavaThread "Reference Handler" daemon [_thread_blocked, id=8072, stack(0x0000005298c00000,0x0000005298d00000)]
  0x0000023cc7ad5800 JavaThread "Finalizer" daemon [_thread_blocked, id=2056, stack(0x0000005298d00000,0x0000005298e00000)]
  0x0000023cc8472800 JavaThread "Signal Dispatcher" daemon [_thread_blocked, id=7880, stack(0x0000005298e00000,0x0000005298f00000)]
  0x0000023cc8473800 JavaThread "Attach Listener" daemon [_thread_blocked, id=7236, stack(0x0000005298f00000,0x0000005299000000)]
  0x0000023cc8476000 JavaThread "Service Thread" daemon [_thread_blocked, id=3024, stack(0x0000005299000000,0x0000005299100000)]
=>0x0000023cc847c800 JavaThread "C2 CompilerThread0" daemon [_thread_in_native, id=1600, stack(0x0000005299100000,0x0000005299200000)]
  0x0000023cc7b29000 JavaThread "C1 CompilerThread0" daemon [_thread_blocked, id=436, stack(0x0000005299200000,0x0000005299300000)]
  0x0000023cc7b2b000 JavaThread "Sweeper thread" daemon [_thread_blocked, id=5336, stack(0x0000005299300000,0x0000005299400000)]
  0x0000023cc85d1800 JavaThread "Common-Cleaner" daemon [_thread_blocked, id=5364, stack(0x0000005299400000,0x0000005299500000)]
  0x0000023cc9d60800 JavaThread "Daemon health stats" [_thread_blocked, id=3528, stack(0x0000005299600000,0x0000005299700000)]
  0x0000023cca807000 JavaThread "Incoming local TCP Connector on port 56515" [_thread_in_native, id=4960, stack(0x0000005299800000,0x0000005299900000)]
  0x0000023cc94a7800 JavaThread "Daemon periodic checks" [_thread_blocked, id=5400, stack(0x0000005299900000,0x0000005299a00000)]
  0x0000023cc8924000 JavaThread "Daemon" [_thread_blocked, id=5048, stack(0x0000005299c00000,0x0000005299d00000)]
  0x0000023cc9155800 JavaThread "Handler for socket connection from /127.0.0.1:56515 to /127.0.0.1:56516" [_thread_in_native, id=2440, stack(0x0000005299d00000,0x0000005299e00000)]
  0x0000023cc9156800 JavaThread "Cancel handler" [_thread_blocked, id=4584, stack(0x0000005299e00000,0x0000005299f00000)]
  0x0000023cc927b000 JavaThread "Daemon worker" [_thread_blocked, id=10268, stack(0x0000005299f00000,0x000000529a000000)]
  0x0000023cc9396800 JavaThread "Asynchronous log dispatcher for DefaultDaemonConnection: socket connection from /127.0.0.1:56515 to /127.0.0.1:56516" [_thread_blocked, id=8796, stack(0x000000529a000000,0x000000529a100000)]
  0x0000023cc89ce800 JavaThread "Daemon client event forwarder" [_thread_blocked, id=5876, stack(0x000000529a200000,0x000000529a300000)]
  0x0000023cc8c92800 JavaThread "Cache worker for journal cache (C:\Users\ednem\.gradle\caches\journal-1)" [_thread_blocked, id=7780, stack(0x000000529a300000,0x000000529a400000)]
  0x0000023cc8c95000 JavaThread "File lock request listener" [_thread_in_native, id=5316, stack(0x000000529a400000,0x000000529a500000)]
  0x0000023cc8c96800 JavaThread "Cache worker for file hash cache (C:\Users\ednem\.gradle\caches\7.4\fileHashes)" [_thread_blocked, id=11016, stack(0x000000529a500000,0x000000529a600000)]
  0x0000023cc8c94000 JavaThread "File watcher server" daemon [_thread_in_native, id=10736, stack(0x000000529a600000,0x000000529a700000)]
  0x0000023cc8c95800 JavaThread "File watcher consumer" daemon [_thread_blocked, id=2596, stack(0x000000529a700000,0x000000529a800000)]
  0x0000023cc8c90800 JavaThread "Cache worker for checksums cache (C:\Users\ednem\AndroidStudioProjects\Magucho\.gradle\7.4\checksums)" [_thread_blocked, id=11104, stack(0x000000529a800000,0x000000529a900000)]
  0x0000023cc8c97000 JavaThread "Cache worker for cache directory md-rule (C:\Users\ednem\.gradle\caches\7.4\md-rule)" [_thread_blocked, id=5636, stack(0x000000529a900000,0x000000529aa00000)]
  0x0000023cc8c91800 JavaThread "Cache worker for file hash cache (C:\Users\ednem\AndroidStudioProjects\Magucho\.gradle\7.4\fileHashes)" [_thread_blocked, id=7272, stack(0x000000529aa00000,0x000000529ab00000)]
  0x0000023cc8c93000 JavaThread "Cache worker for cache directory md-supplier (C:\Users\ednem\.gradle\caches\7.4\md-supplier)" [_thread_blocked, id=7460, stack(0x000000529ab00000,0x000000529ac00000)]
  0x0000023cc8529000 JavaThread "Cache worker for execution history cache (C:\Users\ednem\.gradle\caches\7.4\executionHistory)" [_thread_blocked, id=9880, stack(0x000000529ac00000,0x000000529ad00000)]
  0x0000023cc852d000 JavaThread "jar transforms" [_thread_blocked, id=8380, stack(0x000000529ad00000,0x000000529ae00000)]
  0x0000023cc852d800 JavaThread "Cache worker for file content cache (C:\Users\ednem\.gradle\caches\7.4\fileContent)" [_thread_blocked, id=2432, stack(0x000000529ae00000,0x000000529af00000)]
  0x0000023cc8528000 JavaThread "jar transforms Thread 2" [_thread_blocked, id=10248, stack(0x000000529b000000,0x000000529b100000)]
  0x0000023cc852f800 JavaThread "Cache worker for dependencies-accessors (C:\Users\ednem\AndroidStudioProjects\Magucho\.gradle\7.4\dependencies-accessors)" [_thread_blocked, id=8816, stack(0x000000529af00000,0x000000529b000000)]
  0x0000023cc8530000 JavaThread "jar transforms Thread 3" [_thread_blocked, id=10592, stack(0x000000529b100000,0x000000529b200000)]
  0x0000023cc852c000 JavaThread "Cache worker for Build Output Cleanup Cache (C:\Users\ednem\AndroidStudioProjects\Magucho\.gradle\buildOutputCleanup)" [_thread_blocked, id=10808, stack(0x000000529b400000,0x000000529b500000)]
  0x0000023cc852a800 JavaThread "Unconstrained build operations" [_thread_blocked, id=9996, stack(0x000000529b500000,0x000000529b600000)]
  0x0000023cc852e800 JavaThread "Unconstrained build operations Thread 2" [_thread_blocked, id=9576, stack(0x000000529b600000,0x000000529b700000)]
  0x0000023cc8531000 JavaThread "Unconstrained build operations Thread 3" [_thread_blocked, id=1896, stack(0x000000529b700000,0x000000529b800000)]
  0x0000023cc852b800 JavaThread "Unconstrained build operations Thread 4" [_thread_blocked, id=512, stack(0x000000529b800000,0x000000529b900000)]
  0x0000023cc8532800 JavaThread "Unconstrained build operations Thread 5" [_thread_blocked, id=2904, stack(0x000000529b900000,0x000000529ba00000)]
  0x0000023cc8533800 JavaThread "Unconstrained build operations Thread 6" [_thread_blocked, id=8408, stack(0x000000529ba00000,0x000000529bb00000)]
  0x0000023cc8536800 JavaThread "Unconstrained build operations Thread 7" [_thread_blocked, id=7728, stack(0x000000529bb00000,0x000000529bc00000)]
  0x0000023cc8534800 JavaThread "Unconstrained build operations Thread 8" [_thread_blocked, id=2736, stack(0x000000529bc00000,0x000000529bd00000)]
  0x0000023cc8535000 JavaThread "Unconstrained build operations Thread 9" [_thread_blocked, id=8988, stack(0x000000529bd00000,0x000000529be00000)]
  0x0000023cc8536000 JavaThread "Unconstrained build operations Thread 10" [_thread_blocked, id=3316, stack(0x000000529be00000,0x000000529bf00000)]
  0x0000023cc8532000 JavaThread "Unconstrained build operations Thread 11" [_thread_blocked, id=7000, stack(0x000000529bf00000,0x000000529c000000)]
  0x0000023cce238000 JavaThread "Unconstrained build operations Thread 12" [_thread_blocked, id=8736, stack(0x000000529c000000,0x000000529c100000)]
  0x0000023cce23d800 JavaThread "Unconstrained build operations Thread 13" [_thread_blocked, id=8008, stack(0x000000529c100000,0x000000529c200000)]
  0x0000023cce23e800 JavaThread "Unconstrained build operations Thread 14" [_thread_blocked, id=11012, stack(0x000000529c200000,0x000000529c300000)]
  0x0000023cce23d000 JavaThread "Unconstrained build operations Thread 15" [_thread_blocked, id=684, stack(0x000000529c300000,0x000000529c400000)]
  0x0000023cce23a800 JavaThread "Unconstrained build operations Thread 16" [_thread_blocked, id=1172, stack(0x000000529c400000,0x000000529c500000)]
  0x0000023cce239000 JavaThread "Unconstrained build operations Thread 17" [_thread_blocked, id=2488, stack(0x000000529c500000,0x000000529c600000)]
  0x0000023cce23f800 JavaThread "Unconstrained build operations Thread 18" [_thread_blocked, id=2276, stack(0x000000529c600000,0x000000529c700000)]
  0x0000023cce239800 JavaThread "Unconstrained build operations Thread 19" [_thread_blocked, id=984, stack(0x000000529c700000,0x000000529c800000)]
  0x0000023cce240000 JavaThread "Unconstrained build operations Thread 20" [_thread_blocked, id=1212, stack(0x000000529c800000,0x000000529c900000)]
  0x0000023cce241000 JavaThread "Unconstrained build operations Thread 21" [_thread_blocked, id=2136, stack(0x000000529c900000,0x000000529ca00000)]
  0x0000023cce23b000 JavaThread "Unconstrained build operations Thread 22" [_thread_blocked, id=8024, stack(0x000000529ca00000,0x000000529cb00000)]
  0x0000023cce242000 JavaThread "Unconstrained build operations Thread 23" [_thread_blocked, id=2060, stack(0x000000529cb00000,0x000000529cc00000)]
  0x0000023cce23c000 JavaThread "Unconstrained build operations Thread 24" [_thread_blocked, id=7784, stack(0x000000529cc00000,0x000000529cd00000)]
  0x0000023cce244000 JavaThread "Unconstrained build operations Thread 25" [_thread_blocked, id=10544, stack(0x000000529cd00000,0x000000529ce00000)]
  0x0000023cce246000 JavaThread "Unconstrained build operations Thread 26" [_thread_blocked, id=988, stack(0x000000529ce00000,0x000000529cf00000)]
  0x0000023cce242800 JavaThread "Unconstrained build operations Thread 27" [_thread_blocked, id=1568, stack(0x000000529cf00000,0x000000529d000000)]
  0x0000023cce246800 JavaThread "Unconstrained build operations Thread 28" [_thread_blocked, id=9016, stack(0x000000529d000000,0x000000529d100000)]
  0x0000023cce243800 JavaThread "Unconstrained build operations Thread 29" [_thread_blocked, id=6720, stack(0x000000529d100000,0x000000529d200000)]
  0x0000023cce245000 JavaThread "Unconstrained build operations Thread 30" [_thread_blocked, id=8872, stack(0x000000529d200000,0x000000529d300000)]
  0x0000023ccb1dd800 JavaThread "Unconstrained build operations Thread 31" [_thread_blocked, id=8012, stack(0x000000529d300000,0x000000529d400000)]
  0x0000023ccb1de800 JavaThread "Unconstrained build operations Thread 32" [_thread_blocked, id=1416, stack(0x000000529d400000,0x000000529d500000)]
  0x0000023ccb1e0000 JavaThread "Unconstrained build operations Thread 33" [_thread_in_Java, id=8900, stack(0x000000529d500000,0x000000529d600000)]
  0x0000023ccb1df000 JavaThread "Unconstrained build operations Thread 34" [_thread_blocked, id=356, stack(0x000000529d600000,0x000000529d700000)]
  0x0000023ccb1e1000 JavaThread "Unconstrained build operations Thread 35" [_thread_blocked, id=2944, stack(0x000000529d700000,0x000000529d800000)]
  0x0000023ccb1db000 JavaThread "Unconstrained build operations Thread 36" [_thread_blocked, id=9124, stack(0x000000529d800000,0x000000529d900000)]
  0x0000023ccb1dc000 JavaThread "Unconstrained build operations Thread 37" [_thread_blocked, id=6964, stack(0x000000529d900000,0x000000529da00000)]
  0x0000023ccb1e1800 JavaThread "Unconstrained build operations Thread 38" [_thread_in_Java, id=11156, stack(0x000000529da00000,0x000000529db00000)]
  0x0000023ccb1dc800 JavaThread "Unconstrained build operations Thread 39" [_thread_blocked, id=7276, stack(0x000000529db00000,0x000000529dc00000)]
  0x0000023ccbb80800 JavaThread "Unconstrained build operations Thread 40" [_thread_blocked, id=10912, stack(0x000000529dc00000,0x000000529dd00000)]
  0x0000023ccbb7d800 JavaThread "jar transforms Thread 4" [_thread_blocked, id=7844, stack(0x0000005298200000,0x0000005298300000)]
  0x0000023ccbb81800 JavaThread "Memory manager" [_thread_blocked, id=1480, stack(0x0000005298400000,0x0000005298500000)]
  0x0000023ccbb82000 JavaThread "build event listener" [_thread_blocked, id=1208, stack(0x000000529a100000,0x000000529a200000)]
  0x0000023ccbb83000 JavaThread "pool-3-thread-1" [_thread_blocked, id=8316, stack(0x0000005298300000,0x0000005298400000)]
  0x0000023ccbb7f000 JavaThread "build event listener" [_thread_blocked, id=10644, stack(0x000000529dd00000,0x000000529de00000)]
  0x0000023ccbb84000 JavaThread "included builds" [_thread_blocked, id=9044, stack(0x000000529de00000,0x000000529df00000)]
  0x0000023ccbb7f800 JavaThread "Execution worker for ':'" [_thread_blocked, id=11248, stack(0x000000529df00000,0x000000529e000000)]
  0x0000023ccbb85800 JavaThread "Execution worker for ':' Thread 2" [_thread_in_Java, id=10968, stack(0x000000529e000000,0x000000529e100000)]
  0x0000023ccbb88000 JavaThread "Execution worker for ':' Thread 3" [_thread_blocked, id=9228, stack(0x000000529e100000,0x000000529e200000)]
  0x0000023ccbb88800 JavaThread "Cache worker for execution history cache (C:\Users\ednem\AndroidStudioProjects\Magucho\.gradle\7.4\executionHistory)" [_thread_blocked, id=8420, stack(0x000000529e200000,0x000000529e300000)]
  0x0000023ccbb86800 JavaThread "WorkerExecutor Queue" [_thread_blocked, id=10148, stack(0x000000529e400000,0x000000529e500000)]
  0x0000023ccbb87000 JavaThread "pool-4-thread-1" [_thread_blocked, id=2456, stack(0x000000529e500000,0x000000529e600000)]
  0x0000023ccbb89800 JavaThread "stderr" [_thread_in_native, id=3696, stack(0x000000529e300000,0x000000529e400000)]
  0x0000023ccbb8a800 JavaThread "stdout" [_thread_in_native, id=9820, stack(0x000000529e600000,0x000000529e700000)]
  0x0000023cd2815800 JavaThread "C2 CompilerThread1" daemon [_thread_in_native, id=2172, stack(0x000000529e700000,0x000000529e800000)]

Other Threads:
  0x0000023cc7ac7000 VMThread "VM Thread" [stack: 0x0000005298b00000,0x0000005298c00000] [id=7704]
  0x0000023cc85ea800 WatcherThread [stack: 0x0000005299500000,0x0000005299600000] [id=1584]
  0x0000023cabf68000 GCTaskThread "GC Thread#0" [stack: 0x0000005298600000,0x0000005298700000] [id=9408]
  0x0000023cc9051800 GCTaskThread "GC Thread#1" [stack: 0x0000005299700000,0x0000005299800000] [id=5088]
  0x0000023ccacdf800 GCTaskThread "GC Thread#2" [stack: 0x0000005299a00000,0x0000005299b00000] [id=7356]
  0x0000023cc8736000 GCTaskThread "GC Thread#3" [stack: 0x0000005299b00000,0x0000005299c00000] [id=3492]
  0x0000023cabf99000 ConcurrentGCThread "G1 Main Marker" [stack: 0x0000005298700000,0x0000005298800000] [id=8428]
  0x0000023cabf9a800 ConcurrentGCThread "G1 Conc#0" [stack: 0x0000005298800000,0x0000005298900000] [id=1236]
  0x0000023cabff2800 ConcurrentGCThread "G1 Refine#0" [stack: 0x0000005298900000,0x0000005298a00000] [id=1876]
  0x0000023cabff3800 ConcurrentGCThread "G1 Young RemSet Sampling" [stack: 0x0000005298a00000,0x0000005298b00000] [id=4188]

Threads with active compile tasks:
C2 CompilerThread0 208197 14865 %     4       com.android.tools.r8.ir.regalloc.b::a @ 14 (1831 bytes)
C1 CompilerThread0 208197 15696       2       com.android.tools.r8.internal.vY::a (49 bytes)
C2 CompilerThread1 208197 15180       4       com.android.tools.r8.ir.regalloc.b::c (4031 bytes)

VM state:not at safepoint (normal execution)

VM Mutex/Monitor currently owned by a thread: None

Heap address: 0x0000000080000000, size: 2048 MB, Compressed Oops mode: 32-bit
Narrow klass base: 0x0000000000000000, Narrow klass shift: 3
Compressed class space size: 1073741824 Address: 0x0000000100000000

Heap:
 garbage-first heap   total 334848K, used 256188K [0x0000000080000000, 0x0000000100000000)
  region size 1024K, 112 young (114688K), 8 survivors (8192K)
 Metaspace       used 105679K, capacity 108529K, committed 108752K, reserved 1142784K
  class space    used 13464K, capacity 14586K, committed 14624K, reserved 1048576K
Heap Regions: E=young(eden), S=young(survivor), O=old, HS=humongous(starts), HC=humongous(continues), CS=collection set, F=free, A=archive, TAMS=top-at-mark-start (previous, next)
|   0|0x0000000080000000, 0x0000000080100000, 0x0000000080100000|100%|HS|  |TAMS 0x0000000080100000, 0x0000000080000000| Complete 
|   1|0x0000000080100000, 0x0000000080200000, 0x0000000080200000|100%|HC|  |TAMS 0x0000000080200000, 0x0000000080100000| Complete 
|   2|0x0000000080200000, 0x0000000080300000, 0x0000000080300000|100%|HC|  |TAMS 0x0000000080300000, 0x0000000080200000| Complete 
|   3|0x0000000080300000, 0x0000000080400000, 0x0000000080400000|100%| O|  |TAMS 0x0000000080400000, 0x0000000080300000| Untracked 
|   4|0x0000000080400000, 0x0000000080500000, 0x0000000080500000|100%| O|  |TAMS 0x0000000080500000, 0x0000000080400000| Untracked 
|   5|0x0000000080500000, 0x0000000080600000, 0x0000000080600000|100%| O|  |TAMS 0x0000000080600000, 0x0000000080500000| Untracked 
|   6|0x0000000080600000, 0x0000000080700000, 0x0000000080700000|100%| O|  |TAMS 0x0000000080700000, 0x0000000080600000| Untracked 
|   7|0x0000000080700000, 0x0000000080800000, 0x0000000080800000|100%| O|  |TAMS 0x0000000080800000, 0x0000000080700000| Untracked 
|   8|0x0000000080800000, 0x0000000080900000, 0x0000000080900000|100%| O|  |TAMS 0x0000000080900000, 0x0000000080800000| Untracked 
|   9|0x0000000080900000, 0x0000000080a00000, 0x0000000080a00000|100%| O|  |TAMS 0x0000000080a00000, 0x0000000080900000| Untracked 
|  10|0x0000000080a00000, 0x0000000080b00000, 0x0000000080b00000|100%| O|  |TAMS 0x0000000080b00000, 0x0000000080a00000| Untracked 
|  11|0x0000000080b00000, 0x0000000080c00000, 0x0000000080c00000|100%| O|  |TAMS 0x0000000080c00000, 0x0000000080b00000| Untracked 
|  12|0x0000000080c00000, 0x0000000080d00000, 0x0000000080d00000|100%| O|  |TAMS 0x0000000080d00000, 0x0000000080c00000| Untracked 
|  13|0x0000000080d00000, 0x0000000080e00000, 0x0000000080e00000|100%| O|  |TAMS 0x0000000080e00000, 0x0000000080d00000| Untracked 
|  14|0x0000000080e00000, 0x0000000080f00000, 0x0000000080f00000|100%| O|  |TAMS 0x0000000080f00000, 0x0000000080e00000| Untracked 
|  15|0x0000000080f00000, 0x0000000081000000, 0x0000000081000000|100%| O|  |TAMS 0x0000000081000000, 0x0000000080f00000| Untracked 
|  16|0x0000000081000000, 0x0000000081100000, 0x0000000081100000|100%| O|  |TAMS 0x0000000081100000, 0x0000000081000000| Untracked 
|  17|0x0000000081100000, 0x0000000081200000, 0x0000000081200000|100%| O|  |TAMS 0x0000000081200000, 0x0000000081100000| Untracked 
|  18|0x0000000081200000, 0x0000000081300000, 0x0000000081300000|100%| O|  |TAMS 0x0000000081300000, 0x0000000081200000| Untracked 
|  19|0x0000000081300000, 0x0000000081400000, 0x0000000081400000|100%| O|  |TAMS 0x0000000081400000, 0x0000000081300000| Untracked 
|  20|0x0000000081400000, 0x0000000081500000, 0x0000000081500000|100%| O|  |TAMS 0x0000000081500000, 0x0000000081400000| Untracked 
|  21|0x0000000081500000, 0x0000000081600000, 0x0000000081600000|100%| O|  |TAMS 0x0000000081600000, 0x0000000081500000| Untracked 
|  22|0x0000000081600000, 0x0000000081700000, 0x0000000081700000|100%| O|  |TAMS 0x0000000081700000, 0x0000000081600000| Untracked 
|  23|0x0000000081700000, 0x0000000081800000, 0x0000000081800000|100%| O|  |TAMS 0x0000000081800000, 0x0000000081700000| Untracked 
|  24|0x0000000081800000, 0x0000000081900000, 0x0000000081900000|100%| O|  |TAMS 0x0000000081900000, 0x0000000081800000| Untracked 
|  25|0x0000000081900000, 0x0000000081a00000, 0x0000000081a00000|100%| O|  |TAMS 0x0000000081a00000, 0x0000000081900000| Untracked 
|  26|0x0000000081a00000, 0x0000000081b00000, 0x0000000081b00000|100%| O|  |TAMS 0x0000000081b00000, 0x0000000081a00000| Untracked 
|  27|0x0000000081b00000, 0x0000000081c00000, 0x0000000081c00000|100%| O|  |TAMS 0x0000000081c00000, 0x0000000081b00000| Untracked 
|  28|0x0000000081c00000, 0x0000000081d00000, 0x0000000081d00000|100%| O|  |TAMS 0x0000000081d00000, 0x0000000081c00000| Untracked 
|  29|0x0000000081d00000, 0x0000000081e00000, 0x0000000081e00000|100%| O|  |TAMS 0x0000000081e00000, 0x0000000081d00000| Untracked 
|  30|0x0000000081e00000, 0x0000000081f00000, 0x0000000081f00000|100%| O|  |TAMS 0x0000000081f00000, 0x0000000081e00000| Untracked 
|  31|0x0000000081f00000, 0x0000000082000000, 0x0000000082000000|100%|HS|  |TAMS 0x0000000082000000, 0x0000000081f00000| Complete 
|  32|0x0000000082000000, 0x0000000082100000, 0x0000000082100000|100%| O|  |TAMS 0x0000000082100000, 0x0000000082000000| Untracked 
|  33|0x0000000082100000, 0x0000000082200000, 0x0000000082200000|100%| O|  |TAMS 0x0000000082200000, 0x0000000082100000| Untracked 
|  34|0x0000000082200000, 0x0000000082300000, 0x0000000082300000|100%| O|  |TAMS 0x0000000082300000, 0x0000000082200000| Untracked 
|  35|0x0000000082300000, 0x0000000082400000, 0x0000000082400000|100%|HS|  |TAMS 0x0000000082400000, 0x0000000082300000| Complete 
|  36|0x0000000082400000, 0x0000000082500000, 0x0000000082500000|100%| O|  |TAMS 0x0000000082500000, 0x0000000082400000| Untracked 
|  37|0x0000000082500000, 0x0000000082600000, 0x0000000082600000|100%| O|  |TAMS 0x0000000082600000, 0x0000000082500000| Untracked 
|  38|0x0000000082600000, 0x0000000082700000, 0x0000000082700000|100%| O|  |TAMS 0x0000000082700000, 0x0000000082600000| Untracked 
|  39|0x0000000082700000, 0x0000000082800000, 0x0000000082800000|100%| O|  |TAMS 0x0000000082800000, 0x0000000082700000| Untracked 
|  40|0x0000000082800000, 0x0000000082900000, 0x0000000082900000|100%| O|  |TAMS 0x0000000082900000, 0x0000000082800000| Untracked 
|  41|0x0000000082900000, 0x0000000082a00000, 0x0000000082a00000|100%|HS|  |TAMS 0x0000000082a00000, 0x0000000082900000| Complete 
|  42|0x0000000082a00000, 0x0000000082b00000, 0x0000000082b00000|100%|HC|  |TAMS 0x0000000082b00000, 0x0000000082a00000| Complete 
|  43|0x0000000082b00000, 0x0000000082c00000, 0x0000000082c00000|100%| O|  |TAMS 0x0000000082c00000, 0x0000000082b00000| Untracked 
|  44|0x0000000082c00000, 0x0000000082d00000, 0x0000000082d00000|100%| O|  |TAMS 0x0000000082d00000, 0x0000000082c00000| Untracked 
|  45|0x0000000082d00000, 0x0000000082e00000, 0x0000000082e00000|100%| O|  |TAMS 0x0000000082e00000, 0x0000000082d00000| Untracked 
|  46|0x0000000082e00000, 0x0000000082f00000, 0x0000000082f00000|100%| O|  |TAMS 0x0000000082f00000, 0x0000000082e00000| Untracked 
|  47|0x0000000082f00000, 0x0000000083000000, 0x0000000083000000|100%| O|  |TAMS 0x0000000083000000, 0x0000000082f00000| Untracked 
|  48|0x0000000083000000, 0x0000000083100000, 0x0000000083100000|100%| O|  |TAMS 0x0000000083100000, 0x0000000083000000| Untracked 
|  49|0x0000000083100000, 0x0000000083200000, 0x0000000083200000|100%| O|  |TAMS 0x0000000083200000, 0x0000000083100000| Untracked 
|  50|0x0000000083200000, 0x0000000083300000, 0x0000000083300000|100%| O|  |TAMS 0x0000000083300000, 0x0000000083200000| Untracked 
|  51|0x0000000083300000, 0x0000000083400000, 0x0000000083400000|100%| O|  |TAMS 0x0000000083400000, 0x0000000083300000| Untracked 
|  52|0x0000000083400000, 0x0000000083500000, 0x0000000083500000|100%| O|  |TAMS 0x0000000083500000, 0x0000000083400000| Untracked 
|  53|0x0000000083500000, 0x0000000083600000, 0x0000000083600000|100%| O|  |TAMS 0x0000000083600000, 0x0000000083500000| Untracked 
|  54|0x0000000083600000, 0x0000000083700000, 0x0000000083700000|100%| O|  |TAMS 0x0000000083700000, 0x0000000083600000| Untracked 
|  55|0x0000000083700000, 0x0000000083800000, 0x0000000083800000|100%| O|  |TAMS 0x0000000083800000, 0x0000000083700000| Untracked 
|  56|0x0000000083800000, 0x0000000083900000, 0x0000000083900000|100%| O|  |TAMS 0x0000000083800000, 0x0000000083800000| Untracked 
|  57|0x0000000083900000, 0x0000000083a00000, 0x0000000083a00000|100%| O|  |TAMS 0x0000000083a00000, 0x0000000083900000| Untracked 
|  58|0x0000000083a00000, 0x0000000083b00000, 0x0000000083b00000|100%| O|  |TAMS 0x0000000083b00000, 0x0000000083a00000| Untracked 
|  59|0x0000000083b00000, 0x0000000083c00000, 0x0000000083c00000|100%| O|  |TAMS 0x0000000083c00000, 0x0000000083b00000| Untracked 
|  60|0x0000000083c00000, 0x0000000083d00000, 0x0000000083d00000|100%| O|  |TAMS 0x0000000083d00000, 0x0000000083c00000| Untracked 
|  61|0x0000000083d00000, 0x0000000083e00000, 0x0000000083e00000|100%| O|  |TAMS 0x0000000083e00000, 0x0000000083d00000| Untracked 
|  62|0x0000000083e00000, 0x0000000083f00000, 0x0000000083f00000|100%| O|  |TAMS 0x0000000083f00000, 0x0000000083e00000| Untracked 
|  63|0x0000000083f00000, 0x0000000084000000, 0x0000000084000000|100%| O|  |TAMS 0x0000000084000000, 0x0000000083f00000| Untracked 
|  64|0x0000000084000000, 0x0000000084100000, 0x0000000084100000|100%| O|  |TAMS 0x0000000084100000, 0x0000000084000000| Untracked 
|  65|0x0000000084100000, 0x0000000084200000, 0x0000000084200000|100%| O|  |TAMS 0x0000000084200000, 0x0000000084100000| Untracked 
|  66|0x0000000084200000, 0x0000000084300000, 0x0000000084300000|100%| O|  |TAMS 0x0000000084300000, 0x0000000084200000| Untracked 
|  67|0x0000000084300000, 0x0000000084400000, 0x0000000084400000|100%| O|  |TAMS 0x0000000084400000, 0x0000000084300000| Untracked 
|  68|0x0000000084400000, 0x0000000084500000, 0x0000000084500000|100%| O|  |TAMS 0x0000000084500000, 0x0000000084400000| Untracked 
|  69|0x0000000084500000, 0x0000000084600000, 0x0000000084600000|100%| O|  |TAMS 0x0000000084600000, 0x0000000084500000| Untracked 
|  70|0x0000000084600000, 0x0000000084700000, 0x0000000084700000|100%| O|  |TAMS 0x0000000084700000, 0x0000000084600000| Untracked 
|  71|0x0000000084700000, 0x0000000084800000, 0x0000000084800000|100%| O|  |TAMS 0x0000000084800000, 0x0000000084700000| Untracked 
|  72|0x0000000084800000, 0x0000000084900000, 0x0000000084900000|100%| O|  |TAMS 0x0000000084900000, 0x0000000084800000| Untracked 
|  73|0x0000000084900000, 0x0000000084a00000, 0x0000000084a00000|100%| O|  |TAMS 0x0000000084a00000, 0x0000000084900000| Untracked 
|  74|0x0000000084a00000, 0x0000000084b00000, 0x0000000084b00000|100%| O|  |TAMS 0x0000000084b00000, 0x0000000084a00000| Untracked 
|  75|0x0000000084b00000, 0x0000000084c00000, 0x0000000084c00000|100%| O|  |TAMS 0x0000000084c00000, 0x0000000084b00000| Untracked 
|  76|0x0000000084c00000, 0x0000000084d00000, 0x0000000084d00000|100%| O|  |TAMS 0x0000000084d00000, 0x0000000084c00000| Untracked 
|  77|0x0000000084d00000, 0x0000000084e00000, 0x0000000084e00000|100%| O|  |TAMS 0x0000000084e00000, 0x0000000084d00000| Untracked 
|  78|0x0000000084e00000, 0x0000000084f00000, 0x0000000084f00000|100%| O|  |TAMS 0x0000000084f00000, 0x0000000084e00000| Untracked 
|  79|0x0000000084f00000, 0x0000000085000000, 0x0000000085000000|100%| O|  |TAMS 0x0000000084fcfe00, 0x0000000084f00000| Untracked 
|  80|0x0000000085000000, 0x0000000085100000, 0x0000000085100000|100%| O|  |TAMS 0x0000000085000000, 0x0000000085000000| Untracked 
|  81|0x0000000085100000, 0x0000000085200000, 0x0000000085200000|100%| O|  |TAMS 0x0000000085200000, 0x0000000085100000| Untracked 
|  82|0x0000000085200000, 0x0000000085300000, 0x0000000085300000|100%| O|  |TAMS 0x0000000085300000, 0x0000000085200000| Untracked 
|  83|0x0000000085300000, 0x0000000085400000, 0x0000000085400000|100%| O|  |TAMS 0x0000000085400000, 0x0000000085300000| Untracked 
|  84|0x0000000085400000, 0x0000000085500000, 0x0000000085500000|100%| O|  |TAMS 0x0000000085500000, 0x0000000085400000| Untracked 
|  85|0x0000000085500000, 0x0000000085600000, 0x0000000085600000|100%| O|  |TAMS 0x0000000085600000, 0x0000000085500000| Untracked 
|  86|0x0000000085600000, 0x0000000085700000, 0x0000000085700000|100%| O|  |TAMS 0x0000000085700000, 0x0000000085600000| Untracked 
|  87|0x0000000085700000, 0x0000000085800000, 0x0000000085800000|100%| O|  |TAMS 0x0000000085800000, 0x0000000085700000| Untracked 
|  88|0x0000000085800000, 0x0000000085900000, 0x0000000085900000|100%| O|  |TAMS 0x0000000085900000, 0x0000000085800000| Untracked 
|  89|0x0000000085900000, 0x0000000085a00000, 0x0000000085a00000|100%| O|  |TAMS 0x0000000085a00000, 0x0000000085900000| Untracked 
|  90|0x0000000085a00000, 0x0000000085b00000, 0x0000000085b00000|100%| O|  |TAMS 0x0000000085b00000, 0x0000000085a00000| Untracked 
|  91|0x0000000085b00000, 0x0000000085c00000, 0x0000000085c00000|100%| O|  |TAMS 0x0000000085c00000, 0x0000000085b00000| Untracked 
|  92|0x0000000085c00000, 0x0000000085d00000, 0x0000000085d00000|100%| O|  |TAMS 0x0000000085d00000, 0x0000000085c00000| Untracked 
|  93|0x0000000085d00000, 0x0000000085e00000, 0x0000000085e00000|100%| O|  |TAMS 0x0000000085e00000, 0x0000000085d00000| Untracked 
|  94|0x0000000085e00000, 0x0000000085f00000, 0x0000000085f00000|100%| O|  |TAMS 0x0000000085f00000, 0x0000000085e00000| Untracked 
|  95|0x0000000085f00000, 0x0000000086000000, 0x0000000086000000|100%| O|  |TAMS 0x0000000086000000, 0x0000000085f00000| Untracked 
|  96|0x0000000086000000, 0x0000000086100000, 0x0000000086100000|100%| O|  |TAMS 0x0000000086100000, 0x0000000086000000| Untracked 
|  97|0x0000000086100000, 0x0000000086200000, 0x0000000086200000|100%| O|  |TAMS 0x0000000086200000, 0x0000000086100000| Untracked 
|  98|0x0000000086200000, 0x0000000086300000, 0x0000000086300000|100%| O|  |TAMS 0x0000000086300000, 0x0000000086200000| Untracked 
|  99|0x0000000086300000, 0x0000000086400000, 0x0000000086400000|100%| O|  |TAMS 0x0000000086400000, 0x0000000086300000| Untracked 
| 100|0x0000000086400000, 0x0000000086500000, 0x0000000086500000|100%| O|  |TAMS 0x0000000086500000, 0x0000000086400000| Untracked 
| 101|0x0000000086500000, 0x0000000086600000, 0x0000000086600000|100%| O|  |TAMS 0x0000000086600000, 0x0000000086500000| Untracked 
| 102|0x0000000086600000, 0x0000000086700000, 0x0000000086700000|100%| O|  |TAMS 0x0000000086600000, 0x0000000086600000| Untracked 
| 103|0x0000000086700000, 0x0000000086800000, 0x0000000086800000|100%| O|  |TAMS 0x0000000086800000, 0x0000000086700000| Untracked 
| 104|0x0000000086800000, 0x0000000086900000, 0x0000000086900000|100%| O|  |TAMS 0x0000000086900000, 0x0000000086800000| Untracked 
| 105|0x0000000086900000, 0x0000000086a00000, 0x0000000086a00000|100%| O|  |TAMS 0x0000000086a00000, 0x0000000086900000| Untracked 
| 106|0x0000000086a00000, 0x0000000086b00000, 0x0000000086b00000|100%| O|  |TAMS 0x0000000086b00000, 0x0000000086a00000| Untracked 
| 107|0x0000000086b00000, 0x0000000086c00000, 0x0000000086c00000|100%| O|  |TAMS 0x0000000086c00000, 0x0000000086b00000| Untracked 
| 108|0x0000000086c00000, 0x0000000086d00000, 0x0000000086d00000|100%| O|  |TAMS 0x0000000086d00000, 0x0000000086c00000| Untracked 
| 109|0x0000000086d00000, 0x0000000086e00000, 0x0000000086e00000|100%| O|  |TAMS 0x0000000086d00000, 0x0000000086d00000| Untracked 
| 110|0x0000000086e00000, 0x0000000086f00000, 0x0000000086f00000|100%| O|  |TAMS 0x0000000086f00000, 0x0000000086e00000| Untracked 
| 111|0x0000000086f00000, 0x0000000087000000, 0x0000000087000000|100%| O|  |TAMS 0x0000000087000000, 0x0000000086f00000| Untracked 
| 112|0x0000000087000000, 0x0000000087100000, 0x0000000087100000|100%| O|  |TAMS 0x0000000087100000, 0x0000000087000000| Untracked 
| 113|0x0000000087100000, 0x0000000087200000, 0x0000000087200000|100%| O|  |TAMS 0x0000000087200000, 0x0000000087100000| Untracked 
| 114|0x0000000087200000, 0x0000000087300000, 0x0000000087300000|100%| O|  |TAMS 0x0000000087300000, 0x0000000087200000| Untracked 
| 115|0x0000000087300000, 0x0000000087400000, 0x0000000087400000|100%| O|  |TAMS 0x0000000087300000, 0x0000000087300000| Untracked 
| 116|0x0000000087400000, 0x0000000087500000, 0x0000000087500000|100%| O|  |TAMS 0x0000000087400000, 0x0000000087400000| Untracked 
| 117|0x0000000087500000, 0x0000000087600000, 0x0000000087600000|100%| O|  |TAMS 0x0000000087500000, 0x0000000087500000| Untracked 
| 118|0x0000000087600000, 0x0000000087700000, 0x0000000087700000|100%| O|  |TAMS 0x0000000087600000, 0x0000000087600000| Untracked 
| 119|0x0000000087700000, 0x0000000087800000, 0x0000000087800000|100%| O|  |TAMS 0x0000000087700000, 0x0000000087700000| Untracked 
| 120|0x0000000087800000, 0x0000000087900000, 0x0000000087900000|100%| O|  |TAMS 0x0000000087800000, 0x0000000087800000| Untracked 
| 121|0x0000000087900000, 0x0000000087a00000, 0x0000000087a00000|100%| O|  |TAMS 0x0000000087900000, 0x0000000087900000| Untracked 
| 122|0x0000000087a00000, 0x0000000087b00000, 0x0000000087b00000|100%| O|  |TAMS 0x0000000087a00000, 0x0000000087a00000| Untracked 
| 123|0x0000000087b00000, 0x0000000087c00000, 0x0000000087c00000|100%| O|  |TAMS 0x0000000087b00000, 0x0000000087b00000| Untracked 
| 124|0x0000000087c00000, 0x0000000087d00000, 0x0000000087d00000|100%| O|  |TAMS 0x0000000087c00000, 0x0000000087c00000| Untracked 
| 125|0x0000000087d00000, 0x0000000087e00000, 0x0000000087e00000|100%| O|  |TAMS 0x0000000087d00000, 0x0000000087d00000| Untracked 
| 126|0x0000000087e00000, 0x0000000087f00000, 0x0000000087f00000|100%| O|  |TAMS 0x0000000087e00000, 0x0000000087e00000| Untracked 
| 127|0x0000000087f00000, 0x0000000088000000, 0x0000000088000000|100%| O|  |TAMS 0x0000000087f00000, 0x0000000087f00000| Untracked 
| 128|0x0000000088000000, 0x0000000088100000, 0x0000000088100000|100%| O|  |TAMS 0x0000000088000000, 0x0000000088000000| Untracked 
| 129|0x0000000088100000, 0x0000000088200000, 0x0000000088200000|100%| O|  |TAMS 0x0000000088100000, 0x0000000088100000| Untracked 
| 130|0x0000000088200000, 0x0000000088300000, 0x0000000088300000|100%| O|  |TAMS 0x0000000088200000, 0x0000000088200000| Untracked 
| 131|0x0000000088300000, 0x0000000088400000, 0x0000000088400000|100%| O|  |TAMS 0x0000000088300000, 0x0000000088300000| Untracked 
| 132|0x0000000088400000, 0x0000000088500000, 0x0000000088500000|100%| O|  |TAMS 0x0000000088400000, 0x0000000088400000| Untracked 
| 133|0x0000000088500000, 0x0000000088600000, 0x0000000088600000|100%| O|  |TAMS 0x0000000088500000, 0x0000000088500000| Untracked 
| 134|0x0000000088600000, 0x0000000088700000, 0x0000000088700000|100%| O|  |TAMS 0x0000000088600000, 0x0000000088600000| Untracked 
| 135|0x0000000088700000, 0x0000000088800000, 0x0000000088800000|100%| O|  |TAMS 0x0000000088700000, 0x0000000088700000| Untracked 
| 136|0x0000000088800000, 0x0000000088900000, 0x0000000088900000|100%| O|  |TAMS 0x0000000088800000, 0x0000000088800000| Untracked 
| 137|0x0000000088900000, 0x0000000088a00000, 0x0000000088a00000|100%| O|  |TAMS 0x0000000088900000, 0x0000000088900000| Untracked 
| 138|0x0000000088a00000, 0x0000000088b00000, 0x0000000088b00000|100%| O|  |TAMS 0x0000000088a00000, 0x0000000088a00000| Untracked 
| 139|0x0000000088b00000, 0x0000000088b2f200, 0x0000000088c00000| 18%| O|  |TAMS 0x0000000088b00000, 0x0000000088b00000| Untracked 
| 140|0x0000000088c00000, 0x0000000088c00000, 0x0000000088d00000|  0%| F|  |TAMS 0x0000000088c00000, 0x0000000088c00000| Untracked 
| 141|0x0000000088d00000, 0x0000000088d00000, 0x0000000088e00000|  0%| F|  |TAMS 0x0000000088d00000, 0x0000000088d00000| Untracked 
| 142|0x0000000088e00000, 0x0000000088e00000, 0x0000000088f00000|  0%| F|  |TAMS 0x0000000088e00000, 0x0000000088e00000| Untracked 
| 143|0x0000000088f00000, 0x0000000088f00000, 0x0000000089000000|  0%| F|  |TAMS 0x0000000088f00000, 0x0000000088f00000| Untracked 
| 144|0x0000000089000000, 0x0000000089000000, 0x0000000089100000|  0%| F|  |TAMS 0x0000000089000000, 0x0000000089000000| Untracked 
| 145|0x0000000089100000, 0x0000000089100000, 0x0000000089200000|  0%| F|  |TAMS 0x0000000089100000, 0x0000000089100000| Untracked 
| 146|0x0000000089200000, 0x0000000089200000, 0x0000000089300000|  0%| F|  |TAMS 0x0000000089200000, 0x0000000089200000| Untracked 
| 147|0x0000000089300000, 0x0000000089300000, 0x0000000089400000|  0%| F|  |TAMS 0x0000000089300000, 0x0000000089300000| Untracked 
| 148|0x0000000089400000, 0x0000000089400000, 0x0000000089500000|  0%| F|  |TAMS 0x0000000089400000, 0x0000000089400000| Untracked 
| 149|0x0000000089500000, 0x0000000089500000, 0x0000000089600000|  0%| F|  |TAMS 0x0000000089500000, 0x0000000089500000| Untracked 
| 150|0x0000000089600000, 0x0000000089600000, 0x0000000089700000|  0%| F|  |TAMS 0x0000000089600000, 0x0000000089600000| Untracked 
| 151|0x0000000089700000, 0x0000000089700000, 0x0000000089800000|  0%| F|  |TAMS 0x0000000089700000, 0x0000000089700000| Untracked 
| 152|0x0000000089800000, 0x0000000089800000, 0x0000000089900000|  0%| F|  |TAMS 0x0000000089800000, 0x0000000089800000| Untracked 
| 153|0x0000000089900000, 0x0000000089900000, 0x0000000089a00000|  0%| F|  |TAMS 0x0000000089900000, 0x0000000089900000| Untracked 
| 154|0x0000000089a00000, 0x0000000089a00000, 0x0000000089b00000|  0%| F|  |TAMS 0x0000000089a00000, 0x0000000089a00000| Untracked 
| 155|0x0000000089b00000, 0x0000000089b00000, 0x0000000089c00000|  0%| F|  |TAMS 0x0000000089b00000, 0x0000000089b00000| Untracked 
| 156|0x0000000089c00000, 0x0000000089c00000, 0x0000000089d00000|  0%| F|  |TAMS 0x0000000089c00000, 0x0000000089c00000| Untracked 
| 157|0x0000000089d00000, 0x0000000089d00000, 0x0000000089e00000|  0%| F|  |TAMS 0x0000000089d00000, 0x0000000089d00000| Untracked 
| 158|0x0000000089e00000, 0x0000000089e00000, 0x0000000089f00000|  0%| F|  |TAMS 0x0000000089e00000, 0x0000000089e00000| Untracked 
| 159|0x0000000089f00000, 0x0000000089f00000, 0x000000008a000000|  0%| F|  |TAMS 0x0000000089f00000, 0x0000000089f00000| Untracked 
| 160|0x000000008a000000, 0x000000008a000000, 0x000000008a100000|  0%| F|  |TAMS 0x000000008a000000, 0x000000008a000000| Untracked 
| 161|0x000000008a100000, 0x000000008a100000, 0x000000008a200000|  0%| F|  |TAMS 0x000000008a100000, 0x000000008a100000| Untracked 
| 162|0x000000008a200000, 0x000000008a200000, 0x000000008a300000|  0%| F|  |TAMS 0x000000008a200000, 0x000000008a200000| Untracked 
| 163|0x000000008a300000, 0x000000008a300000, 0x000000008a400000|  0%| F|  |TAMS 0x000000008a300000, 0x000000008a300000| Untracked 
| 164|0x000000008a400000, 0x000000008a400000, 0x000000008a500000|  0%| F|  |TAMS 0x000000008a400000, 0x000000008a400000| Untracked 
| 165|0x000000008a500000, 0x000000008a500000, 0x000000008a600000|  0%| F|  |TAMS 0x000000008a500000, 0x000000008a500000| Untracked 
| 166|0x000000008a600000, 0x000000008a600000, 0x000000008a700000|  0%| F|  |TAMS 0x000000008a600000, 0x000000008a600000| Untracked 
| 167|0x000000008a700000, 0x000000008a700000, 0x000000008a800000|  0%| F|  |TAMS 0x000000008a700000, 0x000000008a700000| Untracked 
| 168|0x000000008a800000, 0x000000008a800000, 0x000000008a900000|  0%| F|  |TAMS 0x000000008a800000, 0x000000008a800000| Untracked 
| 169|0x000000008a900000, 0x000000008a900000, 0x000000008aa00000|  0%| F|  |TAMS 0x000000008a900000, 0x000000008a900000| Untracked 
| 170|0x000000008aa00000, 0x000000008aa00000, 0x000000008ab00000|  0%| F|  |TAMS 0x000000008aa00000, 0x000000008aa00000| Untracked 
| 171|0x000000008ab00000, 0x000000008ab00000, 0x000000008ac00000|  0%| F|  |TAMS 0x000000008ab00000, 0x000000008ab00000| Untracked 
| 172|0x000000008ac00000, 0x000000008ac00000, 0x000000008ad00000|  0%| F|  |TAMS 0x000000008ac00000, 0x000000008ac00000| Untracked 
| 173|0x000000008ad00000, 0x000000008ae00000, 0x000000008ae00000|100%| S|CS|TAMS 0x000000008ad00000, 0x000000008ad00000| Complete 
| 174|0x000000008ae00000, 0x000000008ae00000, 0x000000008af00000|  0%| F|  |TAMS 0x000000008ae00000, 0x000000008ae00000| Untracked 
| 175|0x000000008af00000, 0x000000008af00000, 0x000000008b000000|  0%| F|  |TAMS 0x000000008af00000, 0x000000008af00000| Untracked 
| 176|0x000000008b000000, 0x000000008b000000, 0x000000008b100000|  0%| F|  |TAMS 0x000000008b000000, 0x000000008b000000| Untracked 
| 177|0x000000008b100000, 0x000000008b100000, 0x000000008b200000|  0%| F|  |TAMS 0x000000008b100000, 0x000000008b100000| Untracked 
| 178|0x000000008b200000, 0x000000008b200000, 0x000000008b300000|  0%| F|  |TAMS 0x000000008b200000, 0x000000008b200000| Untracked 
| 179|0x000000008b300000, 0x000000008b300000, 0x000000008b400000|  0%| F|  |TAMS 0x000000008b300000, 0x000000008b300000| Untracked 
| 180|0x000000008b400000, 0x000000008b400000, 0x000000008b500000|  0%| F|  |TAMS 0x000000008b400000, 0x000000008b400000| Untracked 
| 181|0x000000008b500000, 0x000000008b600000, 0x000000008b600000|100%| S|CS|TAMS 0x000000008b500000, 0x000000008b500000| Complete 
| 182|0x000000008b600000, 0x000000008b700000, 0x000000008b700000|100%| S|CS|TAMS 0x000000008b600000, 0x000000008b600000| Complete 
| 183|0x000000008b700000, 0x000000008b800000, 0x000000008b800000|100%| S|CS|TAMS 0x000000008b700000, 0x000000008b700000| Complete 
| 184|0x000000008b800000, 0x000000008b900000, 0x000000008b900000|100%| S|CS|TAMS 0x000000008b800000, 0x000000008b800000| Complete 
| 185|0x000000008b900000, 0x000000008ba00000, 0x000000008ba00000|100%| S|CS|TAMS 0x000000008b900000, 0x000000008b900000| Complete 
| 186|0x000000008ba00000, 0x000000008bb00000, 0x000000008bb00000|100%| S|CS|TAMS 0x000000008ba00000, 0x000000008ba00000| Complete 
| 187|0x000000008bb00000, 0x000000008bb00000, 0x000000008bc00000|  0%| F|  |TAMS 0x000000008bb00000, 0x000000008bb00000| Untracked 
| 188|0x000000008bc00000, 0x000000008bd00000, 0x000000008bd00000|100%| S|CS|TAMS 0x000000008bc00000, 0x000000008bc00000| Complete 
| 189|0x000000008bd00000, 0x000000008bd00000, 0x000000008be00000|  0%| F|  |TAMS 0x000000008bd00000, 0x000000008bd00000| Untracked 
| 190|0x000000008be00000, 0x000000008be00000, 0x000000008bf00000|  0%| F|  |TAMS 0x000000008be00000, 0x000000008be00000| Untracked 
| 191|0x000000008bf00000, 0x000000008bf00000, 0x000000008c000000|  0%| F|  |TAMS 0x000000008bf00000, 0x000000008bf00000| Untracked 
| 192|0x000000008c000000, 0x000000008c000000, 0x000000008c100000|  0%| F|  |TAMS 0x000000008c000000, 0x000000008c000000| Untracked 
| 193|0x000000008c100000, 0x000000008c100000, 0x000000008c200000|  0%| F|  |TAMS 0x000000008c100000, 0x000000008c100000| Untracked 
| 194|0x000000008c200000, 0x000000008c200000, 0x000000008c300000|  0%| F|  |TAMS 0x000000008c200000, 0x000000008c200000| Untracked 
| 195|0x000000008c300000, 0x000000008c300000, 0x000000008c400000|  0%| F|  |TAMS 0x000000008c300000, 0x000000008c300000| Untracked 
| 196|0x000000008c400000, 0x000000008c400000, 0x000000008c500000|  0%| F|  |TAMS 0x000000008c400000, 0x000000008c400000| Untracked 
| 197|0x000000008c500000, 0x000000008c500000, 0x000000008c600000|  0%| F|  |TAMS 0x000000008c500000, 0x000000008c500000| Untracked 
| 198|0x000000008c600000, 0x000000008c600000, 0x000000008c700000|  0%| F|  |TAMS 0x000000008c600000, 0x000000008c600000| Untracked 
| 199|0x000000008c700000, 0x000000008c700000, 0x000000008c800000|  0%| F|  |TAMS 0x000000008c700000, 0x000000008c700000| Untracked 
| 200|0x000000008c800000, 0x000000008c800000, 0x000000008c900000|  0%| F|  |TAMS 0x000000008c800000, 0x000000008c800000| Untracked 
| 201|0x000000008c900000, 0x000000008c900000, 0x000000008ca00000|  0%| F|  |TAMS 0x000000008c900000, 0x000000008c900000| Untracked 
| 202|0x000000008ca00000, 0x000000008ca00000, 0x000000008cb00000|  0%| F|  |TAMS 0x000000008ca00000, 0x000000008ca00000| Untracked 
| 203|0x000000008cb00000, 0x000000008cb00000, 0x000000008cc00000|  0%| F|  |TAMS 0x000000008cb00000, 0x000000008cb00000| Untracked 
| 204|0x000000008cc00000, 0x000000008cc00000, 0x000000008cd00000|  0%| F|  |TAMS 0x000000008cc00000, 0x000000008cc00000| Untracked 
| 205|0x000000008cd00000, 0x000000008cd00000, 0x000000008ce00000|  0%| F|  |TAMS 0x000000008cd00000, 0x000000008cd00000| Untracked 
| 206|0x000000008ce00000, 0x000000008ce00000, 0x000000008cf00000|  0%| F|  |TAMS 0x000000008ce00000, 0x000000008ce00000| Untracked 
| 207|0x000000008cf00000, 0x000000008cf00000, 0x000000008d000000|  0%| F|  |TAMS 0x000000008cf00000, 0x000000008cf00000| Untracked 
| 208|0x000000008d000000, 0x000000008d000000, 0x000000008d100000|  0%| F|  |TAMS 0x000000008d000000, 0x000000008d000000| Untracked 
| 209|0x000000008d100000, 0x000000008d100000, 0x000000008d200000|  0%| F|  |TAMS 0x000000008d100000, 0x000000008d100000| Untracked 
| 210|0x000000008d200000, 0x000000008d200000, 0x000000008d300000|  0%| F|  |TAMS 0x000000008d200000, 0x000000008d200000| Untracked 
| 211|0x000000008d300000, 0x000000008d300000, 0x000000008d400000|  0%| F|  |TAMS 0x000000008d300000, 0x000000008d300000| Untracked 
| 212|0x000000008d400000, 0x000000008d400000, 0x000000008d500000|  0%| F|  |TAMS 0x000000008d400000, 0x000000008d400000| Untracked 
| 213|0x000000008d500000, 0x000000008d500000, 0x000000008d600000|  0%| F|  |TAMS 0x000000008d500000, 0x000000008d500000| Untracked 
| 214|0x000000008d600000, 0x000000008d600000, 0x000000008d700000|  0%| F|  |TAMS 0x000000008d600000, 0x000000008d600000| Untracked 
| 215|0x000000008d700000, 0x000000008d700000, 0x000000008d800000|  0%| F|  |TAMS 0x000000008d700000, 0x000000008d700000| Untracked 
| 216|0x000000008d800000, 0x000000008d800000, 0x000000008d900000|  0%| F|  |TAMS 0x000000008d800000, 0x000000008d800000| Untracked 
| 217|0x000000008d900000, 0x000000008d900000, 0x000000008da00000|  0%| F|  |TAMS 0x000000008d900000, 0x000000008d900000| Untracked 
| 218|0x000000008da00000, 0x000000008da00000, 0x000000008db00000|  0%| F|  |TAMS 0x000000008da00000, 0x000000008da00000| Untracked 
| 219|0x000000008db00000, 0x000000008dc00000, 0x000000008dc00000|100%| E|  |TAMS 0x000000008db00000, 0x000000008db00000| Complete 
| 220|0x000000008dc00000, 0x000000008dd00000, 0x000000008dd00000|100%| E|CS|TAMS 0x000000008dc00000, 0x000000008dc00000| Complete 
| 221|0x000000008dd00000, 0x000000008de00000, 0x000000008de00000|100%| E|CS|TAMS 0x000000008dd00000, 0x000000008dd00000| Complete 
| 222|0x000000008de00000, 0x000000008df00000, 0x000000008df00000|100%| E|CS|TAMS 0x000000008de00000, 0x000000008de00000| Complete 
| 223|0x000000008df00000, 0x000000008e000000, 0x000000008e000000|100%| E|CS|TAMS 0x000000008df00000, 0x000000008df00000| Complete 
| 224|0x000000008e000000, 0x000000008e100000, 0x000000008e100000|100%| E|CS|TAMS 0x000000008e000000, 0x000000008e000000| Complete 
| 225|0x000000008e100000, 0x000000008e200000, 0x000000008e200000|100%| E|CS|TAMS 0x000000008e100000, 0x000000008e100000| Complete 
| 226|0x000000008e200000, 0x000000008e300000, 0x000000008e300000|100%| E|CS|TAMS 0x000000008e200000, 0x000000008e200000| Complete 
| 227|0x000000008e300000, 0x000000008e400000, 0x000000008e400000|100%| E|CS|TAMS 0x000000008e300000, 0x000000008e300000| Complete 
| 228|0x000000008e400000, 0x000000008e500000, 0x000000008e500000|100%| E|CS|TAMS 0x000000008e400000, 0x000000008e400000| Complete 
| 229|0x000000008e500000, 0x000000008e600000, 0x000000008e600000|100%| E|CS|TAMS 0x000000008e500000, 0x000000008e500000| Complete 
| 230|0x000000008e600000, 0x000000008e700000, 0x000000008e700000|100%| E|CS|TAMS 0x000000008e600000, 0x000000008e600000| Complete 
| 231|0x000000008e700000, 0x000000008e800000, 0x000000008e800000|100%| E|CS|TAMS 0x000000008e700000, 0x000000008e700000| Complete 
| 232|0x000000008e800000, 0x000000008e900000, 0x000000008e900000|100%| E|CS|TAMS 0x000000008e800000, 0x000000008e800000| Complete 
| 233|0x000000008e900000, 0x000000008ea00000, 0x000000008ea00000|100%| E|CS|TAMS 0x000000008e900000, 0x000000008e900000| Complete 
| 234|0x000000008ea00000, 0x000000008eb00000, 0x000000008eb00000|100%| E|CS|TAMS 0x000000008ea00000, 0x000000008ea00000| Complete 
| 235|0x000000008eb00000, 0x000000008ec00000, 0x000000008ec00000|100%| E|CS|TAMS 0x000000008eb00000, 0x000000008eb00000| Complete 
| 236|0x000000008ec00000, 0x000000008ed00000, 0x000000008ed00000|100%| E|CS|TAMS 0x000000008ec00000, 0x000000008ec00000| Complete 
| 237|0x000000008ed00000, 0x000000008ee00000, 0x000000008ee00000|100%| E|CS|TAMS 0x000000008ed00000, 0x000000008ed00000| Complete 
| 238|0x000000008ee00000, 0x000000008ef00000, 0x000000008ef00000|100%| E|CS|TAMS 0x000000008ee00000, 0x000000008ee00000| Complete 
| 239|0x000000008ef00000, 0x000000008f000000, 0x000000008f000000|100%| E|CS|TAMS 0x000000008ef00000, 0x000000008ef00000| Complete 
| 240|0x000000008f000000, 0x000000008f100000, 0x000000008f100000|100%| E|CS|TAMS 0x000000008f000000, 0x000000008f000000| Complete 
| 241|0x000000008f100000, 0x000000008f200000, 0x000000008f200000|100%| E|CS|TAMS 0x000000008f100000, 0x000000008f100000| Complete 
| 242|0x000000008f200000, 0x000000008f300000, 0x000000008f300000|100%| E|CS|TAMS 0x000000008f200000, 0x000000008f200000| Complete 
| 243|0x000000008f300000, 0x000000008f400000, 0x000000008f400000|100%| E|CS|TAMS 0x000000008f300000, 0x000000008f300000| Complete 
| 244|0x000000008f400000, 0x000000008f500000, 0x000000008f500000|100%| E|CS|TAMS 0x000000008f400000, 0x000000008f400000| Complete 
| 245|0x000000008f500000, 0x000000008f600000, 0x000000008f600000|100%| E|CS|TAMS 0x000000008f500000, 0x000000008f500000| Complete 
| 246|0x000000008f600000, 0x000000008f700000, 0x000000008f700000|100%| E|CS|TAMS 0x000000008f600000, 0x000000008f600000| Complete 
| 247|0x000000008f700000, 0x000000008f800000, 0x000000008f800000|100%| E|CS|TAMS 0x000000008f700000, 0x000000008f700000| Complete 
| 248|0x000000008f800000, 0x000000008f900000, 0x000000008f900000|100%| E|CS|TAMS 0x000000008f800000, 0x000000008f800000| Complete 
| 249|0x000000008f900000, 0x000000008fa00000, 0x000000008fa00000|100%| E|CS|TAMS 0x000000008f900000, 0x000000008f900000| Complete 
| 250|0x000000008fa00000, 0x000000008fb00000, 0x000000008fb00000|100%| E|CS|TAMS 0x000000008fa00000, 0x000000008fa00000| Complete 
| 251|0x000000008fb00000, 0x000000008fc00000, 0x000000008fc00000|100%| E|CS|TAMS 0x000000008fb00000, 0x000000008fb00000| Complete 
| 252|0x000000008fc00000, 0x000000008fd00000, 0x000000008fd00000|100%| E|CS|TAMS 0x000000008fc00000, 0x000000008fc00000| Complete 
| 253|0x000000008fd00000, 0x000000008fe00000, 0x000000008fe00000|100%| E|CS|TAMS 0x000000008fd00000, 0x000000008fd00000| Complete 
| 254|0x000000008fe00000, 0x000000008ff00000, 0x000000008ff00000|100%| E|CS|TAMS 0x000000008fe00000, 0x000000008fe00000| Complete 
| 255|0x000000008ff00000, 0x0000000090000000, 0x0000000090000000|100%| E|CS|TAMS 0x000000008ff00000, 0x000000008ff00000| Complete 
| 256|0x0000000090000000, 0x0000000090100000, 0x0000000090100000|100%| E|CS|TAMS 0x0000000090000000, 0x0000000090000000| Complete 
| 257|0x0000000090100000, 0x0000000090200000, 0x0000000090200000|100%| E|CS|TAMS 0x0000000090100000, 0x0000000090100000| Complete 
| 258|0x0000000090200000, 0x0000000090300000, 0x0000000090300000|100%| E|CS|TAMS 0x0000000090200000, 0x0000000090200000| Complete 
| 259|0x0000000090300000, 0x0000000090400000, 0x0000000090400000|100%| E|CS|TAMS 0x0000000090300000, 0x0000000090300000| Complete 
| 260|0x0000000090400000, 0x0000000090500000, 0x0000000090500000|100%| E|CS|TAMS 0x0000000090400000, 0x0000000090400000| Complete 
| 261|0x0000000090500000, 0x0000000090600000, 0x0000000090600000|100%| E|CS|TAMS 0x0000000090500000, 0x0000000090500000| Complete 
| 262|0x0000000090600000, 0x0000000090700000, 0x0000000090700000|100%| E|CS|TAMS 0x0000000090600000, 0x0000000090600000| Complete 
| 263|0x0000000090700000, 0x0000000090800000, 0x0000000090800000|100%| E|CS|TAMS 0x0000000090700000, 0x0000000090700000| Complete 
| 264|0x0000000090800000, 0x0000000090900000, 0x0000000090900000|100%| E|CS|TAMS 0x0000000090800000, 0x0000000090800000| Complete 
| 265|0x0000000090900000, 0x0000000090a00000, 0x0000000090a00000|100%| E|CS|TAMS 0x0000000090900000, 0x0000000090900000| Complete 
| 266|0x0000000090a00000, 0x0000000090b00000, 0x0000000090b00000|100%| E|CS|TAMS 0x0000000090a00000, 0x0000000090a00000| Complete 
| 267|0x0000000090b00000, 0x0000000090c00000, 0x0000000090c00000|100%| E|CS|TAMS 0x0000000090b00000, 0x0000000090b00000| Complete 
| 268|0x0000000090c00000, 0x0000000090d00000, 0x0000000090d00000|100%| E|CS|TAMS 0x0000000090c00000, 0x0000000090c00000| Complete 
| 269|0x0000000090d00000, 0x0000000090e00000, 0x0000000090e00000|100%| E|CS|TAMS 0x0000000090d00000, 0x0000000090d00000| Complete 
| 270|0x0000000090e00000, 0x0000000090f00000, 0x0000000090f00000|100%| E|CS|TAMS 0x0000000090e00000, 0x0000000090e00000| Complete 
| 271|0x0000000090f00000, 0x0000000091000000, 0x0000000091000000|100%| E|CS|TAMS 0x0000000090f00000, 0x0000000090f00000| Complete 
| 272|0x0000000091000000, 0x0000000091100000, 0x0000000091100000|100%| E|CS|TAMS 0x0000000091000000, 0x0000000091000000| Complete 
| 273|0x0000000091100000, 0x0000000091200000, 0x0000000091200000|100%| E|CS|TAMS 0x0000000091100000, 0x0000000091100000| Complete 
| 274|0x0000000091200000, 0x0000000091300000, 0x0000000091300000|100%| E|CS|TAMS 0x0000000091200000, 0x0000000091200000| Complete 
| 275|0x0000000091300000, 0x0000000091400000, 0x0000000091400000|100%| E|CS|TAMS 0x0000000091300000, 0x0000000091300000| Complete 
| 276|0x0000000091400000, 0x0000000091500000, 0x0000000091500000|100%| E|CS|TAMS 0x0000000091400000, 0x0000000091400000| Complete 
| 277|0x0000000091500000, 0x0000000091600000, 0x0000000091600000|100%| E|CS|TAMS 0x0000000091500000, 0x0000000091500000| Complete 
| 278|0x0000000091600000, 0x0000000091700000, 0x0000000091700000|100%| E|CS|TAMS 0x0000000091600000, 0x0000000091600000| Complete 
| 279|0x0000000091700000, 0x0000000091800000, 0x0000000091800000|100%| E|CS|TAMS 0x0000000091700000, 0x0000000091700000| Complete 
| 280|0x0000000091800000, 0x0000000091900000, 0x0000000091900000|100%| E|CS|TAMS 0x0000000091800000, 0x0000000091800000| Complete 
| 281|0x0000000091900000, 0x0000000091a00000, 0x0000000091a00000|100%| E|CS|TAMS 0x0000000091900000, 0x0000000091900000| Complete 
| 282|0x0000000091a00000, 0x0000000091b00000, 0x0000000091b00000|100%| E|CS|TAMS 0x0000000091a00000, 0x0000000091a00000| Complete 
| 283|0x0000000091b00000, 0x0000000091c00000, 0x0000000091c00000|100%| E|CS|TAMS 0x0000000091b00000, 0x0000000091b00000| Complete 
| 284|0x0000000091c00000, 0x0000000091d00000, 0x0000000091d00000|100%| E|CS|TAMS 0x0000000091c00000, 0x0000000091c00000| Complete 
| 285|0x0000000091d00000, 0x0000000091e00000, 0x0000000091e00000|100%| E|CS|TAMS 0x0000000091d00000, 0x0000000091d00000| Complete 
| 286|0x0000000091e00000, 0x0000000091f00000, 0x0000000091f00000|100%| E|CS|TAMS 0x0000000091e00000, 0x0000000091e00000| Complete 
| 287|0x0000000091f00000, 0x0000000092000000, 0x0000000092000000|100%| E|CS|TAMS 0x0000000091f00000, 0x0000000091f00000| Complete 
| 288|0x0000000092000000, 0x0000000092100000, 0x0000000092100000|100%| E|CS|TAMS 0x0000000092000000, 0x0000000092000000| Complete 
| 289|0x0000000092100000, 0x0000000092200000, 0x0000000092200000|100%| E|CS|TAMS 0x0000000092100000, 0x0000000092100000| Complete 
| 290|0x0000000092200000, 0x0000000092300000, 0x0000000092300000|100%| E|CS|TAMS 0x0000000092200000, 0x0000000092200000| Complete 
| 291|0x0000000092300000, 0x0000000092400000, 0x0000000092400000|100%| E|CS|TAMS 0x0000000092300000, 0x0000000092300000| Complete 
| 292|0x0000000092400000, 0x0000000092500000, 0x0000000092500000|100%| E|CS|TAMS 0x0000000092400000, 0x0000000092400000| Complete 
| 293|0x0000000092500000, 0x0000000092600000, 0x0000000092600000|100%| E|CS|TAMS 0x0000000092500000, 0x0000000092500000| Complete 
| 294|0x0000000092600000, 0x0000000092700000, 0x0000000092700000|100%| E|CS|TAMS 0x0000000092600000, 0x0000000092600000| Complete 
| 295|0x0000000092700000, 0x0000000092800000, 0x0000000092800000|100%| E|CS|TAMS 0x0000000092700000, 0x0000000092700000| Complete 
| 296|0x0000000092800000, 0x0000000092900000, 0x0000000092900000|100%| E|CS|TAMS 0x0000000092800000, 0x0000000092800000| Complete 
| 297|0x0000000092900000, 0x0000000092a00000, 0x0000000092a00000|100%| E|CS|TAMS 0x0000000092900000, 0x0000000092900000| Complete 
| 298|0x0000000092a00000, 0x0000000092b00000, 0x0000000092b00000|100%| E|CS|TAMS 0x0000000092a00000, 0x0000000092a00000| Complete 
| 299|0x0000000092b00000, 0x0000000092c00000, 0x0000000092c00000|100%| E|CS|TAMS 0x0000000092b00000, 0x0000000092b00000| Complete 
| 300|0x0000000092c00000, 0x0000000092d00000, 0x0000000092d00000|100%| E|CS|TAMS 0x0000000092c00000, 0x0000000092c00000| Complete 
| 301|0x0000000092d00000, 0x0000000092e00000, 0x0000000092e00000|100%| E|CS|TAMS 0x0000000092d00000, 0x0000000092d00000| Complete 
| 302|0x0000000092e00000, 0x0000000092f00000, 0x0000000092f00000|100%| E|CS|TAMS 0x0000000092e00000, 0x0000000092e00000| Complete 
| 303|0x0000000092f00000, 0x0000000093000000, 0x0000000093000000|100%| E|CS|TAMS 0x0000000092f00000, 0x0000000092f00000| Complete 
| 304|0x0000000093000000, 0x0000000093100000, 0x0000000093100000|100%| E|CS|TAMS 0x0000000093000000, 0x0000000093000000| Complete 
| 305|0x0000000093100000, 0x0000000093200000, 0x0000000093200000|100%| E|CS|TAMS 0x0000000093100000, 0x0000000093100000| Complete 
| 306|0x0000000093200000, 0x0000000093300000, 0x0000000093300000|100%| E|CS|TAMS 0x0000000093200000, 0x0000000093200000| Complete 
| 307|0x0000000093300000, 0x0000000093400000, 0x0000000093400000|100%| E|CS|TAMS 0x0000000093300000, 0x0000000093300000| Complete 
| 308|0x0000000093400000, 0x0000000093500000, 0x0000000093500000|100%| E|CS|TAMS 0x0000000093400000, 0x0000000093400000| Complete 
| 309|0x0000000093500000, 0x0000000093600000, 0x0000000093600000|100%| E|CS|TAMS 0x0000000093500000, 0x0000000093500000| Complete 
| 310|0x0000000093600000, 0x0000000093700000, 0x0000000093700000|100%| E|CS|TAMS 0x0000000093600000, 0x0000000093600000| Complete 
| 311|0x0000000093700000, 0x0000000093800000, 0x0000000093800000|100%| E|CS|TAMS 0x0000000093700000, 0x0000000093700000| Complete 
| 312|0x0000000093800000, 0x0000000093900000, 0x0000000093900000|100%| E|CS|TAMS 0x0000000093800000, 0x0000000093800000| Complete 
| 313|0x0000000093900000, 0x0000000093a00000, 0x0000000093a00000|100%| E|CS|TAMS 0x0000000093900000, 0x0000000093900000| Complete 
| 314|0x0000000093a00000, 0x0000000093b00000, 0x0000000093b00000|100%| E|CS|TAMS 0x0000000093a00000, 0x0000000093a00000| Complete 
| 315|0x0000000093b00000, 0x0000000093c00000, 0x0000000093c00000|100%| E|CS|TAMS 0x0000000093b00000, 0x0000000093b00000| Complete 
| 316|0x0000000093c00000, 0x0000000093d00000, 0x0000000093d00000|100%| E|CS|TAMS 0x0000000093c00000, 0x0000000093c00000| Complete 
| 317|0x0000000093d00000, 0x0000000093e00000, 0x0000000093e00000|100%| E|CS|TAMS 0x0000000093d00000, 0x0000000093d00000| Complete 
| 318|0x0000000093e00000, 0x0000000093f00000, 0x0000000093f00000|100%| E|CS|TAMS 0x0000000093e00000, 0x0000000093e00000| Complete 
| 319|0x0000000093f00000, 0x0000000094000000, 0x0000000094000000|100%| E|CS|TAMS 0x0000000093f00000, 0x0000000093f00000| Complete 
| 320|0x0000000094000000, 0x0000000094100000, 0x0000000094100000|100%| E|CS|TAMS 0x0000000094000000, 0x0000000094000000| Complete 
| 321|0x0000000094100000, 0x0000000094200000, 0x0000000094200000|100%| E|CS|TAMS 0x0000000094100000, 0x0000000094100000| Complete 
| 322|0x0000000094200000, 0x0000000094300000, 0x0000000094300000|100%| E|CS|TAMS 0x0000000094200000, 0x0000000094200000| Complete 
| 323|0x0000000094300000, 0x0000000094400000, 0x0000000094400000|100%| E|CS|TAMS 0x0000000094300000, 0x0000000094300000| Complete 
| 324|0x0000000094400000, 0x0000000094500000, 0x0000000094500000|100%| E|CS|TAMS 0x0000000094400000, 0x0000000094400000| Complete 
| 325|0x0000000094500000, 0x0000000094600000, 0x0000000094600000|100%| E|CS|TAMS 0x0000000094500000, 0x0000000094500000| Complete 
| 326|0x0000000094600000, 0x0000000094700000, 0x0000000094700000|100%| E|CS|TAMS 0x0000000094600000, 0x0000000094600000| Complete 

Card table byte_map: [0x0000023cc0cc0000,0x0000023cc10c0000] _byte_map_base: 0x0000023cc08c0000

Marking Bits (Prev, Next): (CMBitMap*) 0x0000023cabf90250, (CMBitMap*) 0x0000023cabf90218
 Prev Bits: [0x0000023cc34c0000, 0x0000023cc54c0000)
 Next Bits: [0x0000023cc14c0000, 0x0000023cc34c0000)

Polling page: 0x0000023cac030000

Metaspace:

Usage:
  Non-class:     91.74 MB capacity,    90.05 MB ( 98%) used,     1.35 MB (  1%) free+waste,   349.38 KB ( <1%) overhead. 
      Class:     14.24 MB capacity,    13.15 MB ( 92%) used,   965.52 KB (  7%) free+waste,   156.25 KB (  1%) overhead. 
       Both:    105.99 MB capacity,   103.20 MB ( 97%) used,     2.29 MB (  2%) free+waste,   505.63 KB ( <1%) overhead. 

Virtual space:
  Non-class space:       92.00 MB reserved,      91.92 MB (>99%) committed 
      Class space:        1.00 GB reserved,      14.28 MB (  1%) committed 
             Both:        1.09 GB reserved,     106.20 MB ( 10%) committed 

Chunk freelists:
   Non-Class:  57.00 KB
       Class:  6.00 KB
        Both:  63.00 KB

MaxMetaspaceSize: 17179869184.00 GB
CompressedClassSpaceSize: 1.00 GB
Initial GC threshold: 20.80 MB
Current GC threshold: 163.05 MB
CDS: off

CodeHeap 'non-profiled nmethods': size=120064Kb used=10090Kb max_used=10090Kb free=109973Kb
 bounds [0x0000023cb8d40000, 0x0000023cb9720000, 0x0000023cc0280000]
CodeHeap 'profiled nmethods': size=120000Kb used=39525Kb max_used=39525Kb free=80474Kb
 bounds [0x0000023cb1810000, 0x0000023cb3eb0000, 0x0000023cb8d40000]
CodeHeap 'non-nmethods': size=5696Kb used=2404Kb max_used=2464Kb free=3291Kb
 bounds [0x0000023cb1280000, 0x0000023cb14f0000, 0x0000023cb1810000]
 total_blobs=16356 nmethods=15426 adapters=841
 compilation: enabled
              stopped_count=0, restarted_count=0
 full_count=0

Compilation events (20 events):
Event: 206.560 Thread 0x0000023cc7b29000 15260       2       com.android.tools.r8.internal.jp::size (10 bytes)
Event: 206.560 Thread 0x0000023cc7b29000 nmethod 15260 0x0000023cb3e0af90 code [0x0000023cb3e0b140, 0x0000023cb3e0b268]
Event: 206.564 Thread 0x0000023cc7b29000 15261       2       com.android.tools.r8.ir.regalloc.i$$Lambda$1528/0x0000000100daec40::apply (8 bytes)
Event: 206.564 Thread 0x0000023cc7b29000 nmethod 15261 0x0000023cb3e0b310 code [0x0000023cb3e0b500, 0x0000023cb3e0b788]
Event: 206.564 Thread 0x0000023cc7b29000 15262       2       com.android.tools.r8.ir.regalloc.i::b (8 bytes)
Event: 206.565 Thread 0x0000023cc7b29000 nmethod 15262 0x0000023cb3e0b910 code [0x0000023cb3e0bb00, 0x0000023cb3e0bd48]
Event: 206.658 Thread 0x0000023cc7b29000 15264       1       com.android.tools.r8.internal.jH::l2 (3 bytes)
Event: 206.659 Thread 0x0000023cc7b29000 nmethod 15264 0x0000023cb970f690 code [0x0000023cb970f840, 0x0000023cb970f8f8]
Event: 206.660 Thread 0x0000023cc7b29000 15265       2       com.android.tools.r8.internal.jH::a (188 bytes)
Event: 206.662 Thread 0x0000023cc7b29000 nmethod 15265 0x0000023cb3e0be90 code [0x0000023cb3e0c140, 0x0000023cb3e0caa8]
Event: 206.662 Thread 0x0000023cc7b29000 15266       2       com.android.tools.r8.code.U0::<init> (46 bytes)
Event: 206.663 Thread 0x0000023cc7b29000 nmethod 15266 0x0000023cb3e0d010 code [0x0000023cb3e0d1c0, 0x0000023cb3e0d2d8]
Event: 206.663 Thread 0x0000023cc7b29000 15267       2       com.android.tools.r8.code.U0::hashCode (21 bytes)
Event: 206.663 Thread 0x0000023cc7b29000 nmethod 15267 0x0000023cb3e0d390 code [0x0000023cb3e0d540, 0x0000023cb3e0d688]
Event: 206.733 Thread 0x0000023cc7b29000 15268 %     3       com.android.tools.r8.internal.Rn::b @ 17 (107 bytes)
Event: 206.736 Thread 0x0000023cc7b29000 nmethod 15268% 0x0000023cb3e0d710 code [0x0000023cb3e0da60, 0x0000023cb3e0f2d8]
Event: 206.762 Thread 0x0000023cc7b29000 15269       3       com.android.tools.r8.internal.Rn::b (107 bytes)
Event: 206.765 Thread 0x0000023cc7b29000 nmethod 15269 0x0000023cb3e0fb90 code [0x0000023cb3e0fee0, 0x0000023cb3e11698]
Event: 206.823 Thread 0x0000023cc7b29000 15270       2       java.util.LinkedList::unlinkLast (64 bytes)
Event: 206.824 Thread 0x0000023cc7b29000 nmethod 15270 0x0000023cb3e11f10 code [0x0000023cb3e120c0, 0x0000023cb3e12318]

GC Heap History (20 events):
Event: 196.284 GC heap before
{Heap before GC invocations=95 (full 0):
 garbage-first heap   total 334848K, used 279157K [0x0000000080000000, 0x0000000100000000)
  region size 1024K, 134 young (137216K), 2 survivors (2048K)
 Metaspace       used 103838K, capacity 106347K, committed 106576K, reserved 1142784K
  class space    used 13225K, capacity 14209K, committed 14240K, reserved 1048576K
}
Event: 196.297 GC heap after
{Heap after GC invocations=96 (full 0):
 garbage-first heap   total 334848K, used 144757K [0x0000000080000000, 0x0000000100000000)
  region size 1024K, 3 young (3072K), 3 survivors (3072K)
 Metaspace       used 103838K, capacity 106347K, committed 106576K, reserved 1142784K
  class space    used 13225K, capacity 14209K, committed 14240K, reserved 1048576K
}
Event: 197.557 GC heap before
{Heap before GC invocations=96 (full 0):
 garbage-first heap   total 334848K, used 279925K [0x0000000080000000, 0x0000000100000000)
  region size 1024K, 135 young (138240K), 3 survivors (3072K)
 Metaspace       used 103871K, capacity 106413K, committed 106576K, reserved 1142784K
  class space    used 13225K, capacity 14209K, committed 14240K, reserved 1048576K
}
Event: 197.577 GC heap after
{Heap after GC invocations=97 (full 0):
 garbage-first heap   total 334848K, used 145256K [0x0000000080000000, 0x0000000100000000)
  region size 1024K, 3 young (3072K), 3 survivors (3072K)
 Metaspace       used 103871K, capacity 106413K, committed 106576K, reserved 1142784K
  class space    used 13225K, capacity 14209K, committed 14240K, reserved 1048576K
}
Event: 198.578 GC heap before
{Heap before GC invocations=97 (full 0):
 garbage-first heap   total 334848K, used 281448K [0x0000000080000000, 0x0000000100000000)
  region size 1024K, 137 young (140288K), 3 survivors (3072K)
 Metaspace       used 103897K, capacity 106417K, committed 106576K, reserved 1142784K
  class space    used 13226K, capacity 14210K, committed 14240K, reserved 1048576K
}
Event: 198.600 GC heap after
{Heap after GC invocations=98 (full 0):
 garbage-first heap   total 334848K, used 145678K [0x0000000080000000, 0x0000000100000000)
  region size 1024K, 4 young (4096K), 4 survivors (4096K)
 Metaspace       used 103897K, capacity 106417K, committed 106576K, reserved 1142784K
  class space    used 13226K, capacity 14210K, committed 14240K, reserved 1048576K
}
Event: 199.690 GC heap before
{Heap before GC invocations=98 (full 0):
 garbage-first heap   total 334848K, used 283918K [0x0000000080000000, 0x0000000100000000)
  region size 1024K, 139 young (142336K), 4 survivors (4096K)
 Metaspace       used 103934K, capacity 106429K, committed 106576K, reserved 1142784K
  class space    used 13233K, capacity 14214K, committed 14240K, reserved 1048576K
}
Event: 199.707 GC heap after
{Heap after GC invocations=99 (full 0):
 garbage-first heap   total 334848K, used 146461K [0x0000000080000000, 0x0000000100000000)
  region size 1024K, 5 young (5120K), 5 survivors (5120K)
 Metaspace       used 103934K, capacity 106429K, committed 106576K, reserved 1142784K
  class space    used 13233K, capacity 14214K, committed 14240K, reserved 1048576K
}
Event: 200.892 GC heap before
{Heap before GC invocations=99 (full 0):
 garbage-first heap   total 334848K, used 285725K [0x0000000080000000, 0x0000000100000000)
  region size 1024K, 141 young (144384K), 5 survivors (5120K)
 Metaspace       used 103990K, capacity 106508K, committed 106576K, reserved 1142784K
  class space    used 13236K, capacity 14219K, committed 14240K, reserved 1048576K
}
Event: 200.918 GC heap after
{Heap after GC invocations=100 (full 0):
 garbage-first heap   total 334848K, used 147218K [0x0000000080000000, 0x0000000100000000)
  region size 1024K, 5 young (5120K), 5 survivors (5120K)
 Metaspace       used 103990K, capacity 106508K, committed 106576K, reserved 1142784K
  class space    used 13236K, capacity 14219K, committed 14240K, reserved 1048576K
}
Event: 202.046 GC heap before
{Heap before GC invocations=100 (full 0):
 garbage-first heap   total 334848K, used 290578K [0x0000000080000000, 0x0000000100000000)
  region size 1024K, 145 young (148480K), 5 survivors (5120K)
 Metaspace       used 104029K, capacity 106583K, committed 106832K, reserved 1142784K
  class space    used 13238K, capacity 14222K, committed 14240K, reserved 1048576K
}
Event: 202.069 GC heap after
{Heap after GC invocations=101 (full 0):
 garbage-first heap   total 334848K, used 147777K [0x0000000080000000, 0x0000000100000000)
  region size 1024K, 6 young (6144K), 6 survivors (6144K)
 Metaspace       used 104029K, capacity 106583K, committed 106832K, reserved 1142784K
  class space    used 13238K, capacity 14222K, committed 14240K, reserved 1048576K
}
Event: 203.179 GC heap before
{Heap before GC invocations=101 (full 0):
 garbage-first heap   total 334848K, used 290113K [0x0000000080000000, 0x0000000100000000)
  region size 1024K, 145 young (148480K), 6 survivors (6144K)
 Metaspace       used 104055K, capacity 106591K, committed 106832K, reserved 1142784K
  class space    used 13240K, capacity 14225K, committed 14240K, reserved 1048576K
}
Event: 203.206 GC heap after
{Heap after GC invocations=102 (full 0):
 garbage-first heap   total 334848K, used 148304K [0x0000000080000000, 0x0000000100000000)
  region size 1024K, 6 young (6144K), 6 survivors (6144K)
 Metaspace       used 104055K, capacity 106591K, committed 106832K, reserved 1142784K
  class space    used 13240K, capacity 14225K, committed 14240K, reserved 1048576K
}
Event: 204.355 GC heap before
{Heap before GC invocations=102 (full 0):
 garbage-first heap   total 334848K, used 291664K [0x0000000080000000, 0x0000000100000000)
  region size 1024K, 146 young (149504K), 6 survivors (6144K)
 Metaspace       used 104070K, capacity 106595K, committed 106832K, reserved 1142784K
  class space    used 13241K, capacity 14226K, committed 14240K, reserved 1048576K
}
Event: 204.382 GC heap after
{Heap after GC invocations=103 (full 0):
 garbage-first heap   total 334848K, used 148886K [0x0000000080000000, 0x0000000100000000)
  region size 1024K, 7 young (7168K), 7 survivors (7168K)
 Metaspace       used 104070K, capacity 106595K, committed 106832K, reserved 1142784K
  class space    used 13241K, capacity 14226K, committed 14240K, reserved 1048576K
}
Event: 205.470 GC heap before
{Heap before GC invocations=103 (full 0):
 garbage-first heap   total 334848K, used 292246K [0x0000000080000000, 0x0000000100000000)
  region size 1024K, 147 young (150528K), 7 survivors (7168K)
 Metaspace       used 104079K, capacity 106596K, committed 106832K, reserved 1142784K
  class space    used 13241K, capacity 14226K, committed 14240K, reserved 1048576K
}
Event: 205.504 GC heap after
{Heap after GC invocations=104 (full 0):
 garbage-first heap   total 334848K, used 149671K [0x0000000080000000, 0x0000000100000000)
  region size 1024K, 8 young (8192K), 8 survivors (8192K)
 Metaspace       used 104079K, capacity 106596K, committed 106832K, reserved 1142784K
  class space    used 13241K, capacity 14226K, committed 14240K, reserved 1048576K
}
Event: 206.608 GC heap before
{Heap before GC invocations=104 (full 0):
 garbage-first heap   total 334848K, used 292007K [0x0000000080000000, 0x0000000100000000)
  region size 1024K, 147 young (150528K), 8 survivors (8192K)
 Metaspace       used 104097K, capacity 106596K, committed 106832K, reserved 1142784K
  class space    used 13241K, capacity 14226K, committed 14240K, reserved 1048576K
}
Event: 206.641 GC heap after
{Heap after GC invocations=105 (full 0):
 garbage-first heap   total 334848K, used 150213K [0x0000000080000000, 0x0000000100000000)
  region size 1024K, 8 young (8192K), 8 survivors (8192K)
 Metaspace       used 104097K, capacity 106596K, committed 106832K, reserved 1142784K
  class space    used 13241K, capacity 14226K, committed 14240K, reserved 1048576K
}

Deoptimization events (20 events):
Event: 206.142 Thread 0x0000023ccb1e1800 DEOPT PACKING pc=0x0000023cb39fd1e4 sp=0x000000529daf8910
Event: 206.142 Thread 0x0000023ccb1e1800 DEOPT UNPACKING pc=0x0000023cb12ca95e sp=0x000000529daf81b0 mode 0
Event: 206.288 Thread 0x0000023ccb1e1800 DEOPT PACKING pc=0x0000023cb39fcb1e sp=0x000000529daf8db0
Event: 206.288 Thread 0x0000023ccb1e1800 DEOPT UNPACKING pc=0x0000023cb12ca95e sp=0x000000529daf8648 mode 0
Event: 206.347 Thread 0x0000023ccbb85800 DEOPT PACKING pc=0x0000023cb39fcafd sp=0x000000529e0f5610
Event: 206.347 Thread 0x0000023ccbb85800 DEOPT UNPACKING pc=0x0000023cb12ca95e sp=0x000000529e0f4ea8 mode 0
Event: 206.392 Thread 0x0000023ccb1e1800 DEOPT PACKING pc=0x0000023cb376acf2 sp=0x000000529daf94d0
Event: 206.392 Thread 0x0000023ccb1e1800 DEOPT UNPACKING pc=0x0000023cb12ca95e sp=0x000000529daf8ac0 mode 0
Event: 206.448 Thread 0x0000023ccb1e0000 DEOPT PACKING pc=0x0000023cb39fcb1e sp=0x000000529d5f8c00
Event: 206.448 Thread 0x0000023ccb1e0000 DEOPT UNPACKING pc=0x0000023cb12ca95e sp=0x000000529d5f8498 mode 0
Event: 206.543 Thread 0x0000023ccb1e0000 DEOPT PACKING pc=0x0000023cb39fcb1e sp=0x000000529d5f8c00
Event: 206.543 Thread 0x0000023ccb1e0000 DEOPT UNPACKING pc=0x0000023cb12ca95e sp=0x000000529d5f8498 mode 0
Event: 206.554 Thread 0x0000023ccb1e1800 DEOPT PACKING pc=0x0000023cb39fd1e4 sp=0x000000529daf8910
Event: 206.554 Thread 0x0000023ccb1e1800 DEOPT UNPACKING pc=0x0000023cb12ca95e sp=0x000000529daf81b0 mode 0
Event: 206.692 Thread 0x0000023ccb1e0000 DEOPT PACKING pc=0x0000023cb39fcb1e sp=0x000000529d5f8c00
Event: 206.693 Thread 0x0000023ccb1e0000 DEOPT UNPACKING pc=0x0000023cb12ca95e sp=0x000000529d5f8498 mode 0
Event: 206.809 Thread 0x0000023ccb1e1800 DEOPT PACKING pc=0x0000023cb39fcb1e sp=0x000000529daf8910
Event: 206.809 Thread 0x0000023ccb1e1800 DEOPT UNPACKING pc=0x0000023cb12ca95e sp=0x000000529daf81a8 mode 0
Event: 206.878 Thread 0x0000023ccbb85800 DEOPT PACKING pc=0x0000023cb39fcb1e sp=0x000000529e0f5ab0
Event: 206.878 Thread 0x0000023ccbb85800 DEOPT UNPACKING pc=0x0000023cb12ca95e sp=0x000000529e0f5348 mode 0

Classes redefined (0 events):
No events

Internal exceptions (20 events):
Event: 180.250 Thread 0x0000023ccbb86800 Exception <a 'java/lang/NoSuchMethodError'{0x000000008a11dea8}: 'int java.lang.invoke.DirectMethodHandle$Holder.invokeSpecialIFC(java.lang.Object, java.lang.Object, java.lang.Object)'> (0x000000008a11dea8) thrown at [./src/hotspot/share/interpreter/linkResolver.cpp, line 773]
Event: 181.142 Thread 0x0000023ccb1e0000 Exception <a 'java/lang/NoSuchMethodError'{0x0000000089c2fd28}: 'java.lang.Object java.lang.invoke.DirectMethodHandle$Holder.invokeStaticInit(java.lang.Object, java.lang.Object, java.lang.Object, java.lang.Object, java.lang.Object, java.lang.Object, java.lang.Object, java.lang.Object, java.lang.Object, java.lang.Object, java.lang.Object, java.lang.Object, java.lang.Object, java.lang.Object, java.lang.Object, java.lang.Object, java.lang.Object, java.lang.Object, int, java.lang.Object, java.lang.Object)'> (0
Event: 181.398 Thread 0x0000023ccb1e1800 Exception <a 'java/lang/IncompatibleClassChangeError'{0x0000000089cc6500}: Found class java.lang.Object, but interface was expected> (0x0000000089cc6500) thrown at [./src/hotspot/share/interpreter/linkResolver.cpp, line 839]
Event: 181.398 Thread 0x0000023ccbb85800 Exception <a 'java/lang/IncompatibleClassChangeError'{0x0000000089d66288}: Found class java.lang.Object, but interface was expected> (0x0000000089d66288) thrown at [./src/hotspot/share/interpreter/linkResolver.cpp, line 839]
Event: 181.398 Thread 0x0000023ccb1e0000 Exception <a 'java/lang/IncompatibleClassChangeError'{0x0000000089b61e80}: Found class java.lang.Object, but interface was expected> (0x0000000089b61e80) thrown at [./src/hotspot/share/interpreter/linkResolver.cpp, line 839]
Event: 182.880 Thread 0x0000023ccb1e0000 Exception <a 'java/lang/NoSuchMethodError'{0x000000008a545530}: 'void java.lang.invoke.DirectMethodHandle$Holder.invokeStatic(java.lang.Object, java.lang.Object, java.lang.Object, int)'> (0x000000008a545530) thrown at [./src/hotspot/share/interpreter/linkResolver.cpp, line 773]
Event: 182.881 Thread 0x0000023ccbb85800 Exception <a 'java/lang/NoSuchMethodError'{0x000000008a57f120}: 'void java.lang.invoke.DirectMethodHandle$Holder.invokeStatic(java.lang.Object, java.lang.Object, java.lang.Object, int)'> (0x000000008a57f120) thrown at [./src/hotspot/share/interpreter/linkResolver.cpp, line 773]
Event: 182.885 Thread 0x0000023ccbb85800 Exception <a 'java/lang/IncompatibleClassChangeError'{0x000000008a58ae70}: Found class java.lang.Object, but interface was expected> (0x000000008a58ae70) thrown at [./src/hotspot/share/interpreter/linkResolver.cpp, line 839]
Event: 184.256 Thread 0x0000023ccbb85800 Exception <a 'java/lang/NoSuchMethodError'{0x0000000089736c40}: 'java.lang.Object java.lang.invoke.DirectMethodHandle$Holder.invokeStatic(java.lang.Object, int, java.lang.Object, java.lang.Object)'> (0x0000000089736c40) thrown at [./src/hotspot/share/interpreter/linkResolver.cpp, line 773]
Event: 185.573 Thread 0x0000023ccb1e1800 Exception <a 'java/lang/IncompatibleClassChangeError'{0x000000008b5f8e38}: Found class java.lang.Object, but interface was expected> (0x000000008b5f8e38) thrown at [./src/hotspot/share/interpreter/linkResolver.cpp, line 839]
Event: 185.575 Thread 0x0000023ccb1e1800 Exception <a 'java/lang/IncompatibleClassChangeError'{0x000000008b438258}: Found class java.lang.Object, but interface was expected> (0x000000008b438258) thrown at [./src/hotspot/share/interpreter/linkResolver.cpp, line 839]
Event: 185.913 Thread 0x0000023ccb1e1800 Exception <a 'java/lang/NoSuchMethodError'{0x000000008c7aea38}: 'void java.lang.invoke.DirectMethodHandle$Holder.invokeSpecial(java.lang.Object, java.lang.Object, int, java.lang.Object)'> (0x000000008c7aea38) thrown at [./src/hotspot/share/interpreter/linkResolver.cpp, line 773]
Event: 186.111 Thread 0x0000023ccbb85800 Exception <a 'java/lang/NoSuchMethodError'{0x000000008c323aa0}: 'int java.lang.invoke.DirectMethodHandle$Holder.invokeSpecial(java.lang.Object, java.lang.Object, java.lang.Object, int, java.lang.Object)'> (0x000000008c323aa0) thrown at [./src/hotspot/share/interpreter/linkResolver.cpp, line 773]
Event: 186.750 Thread 0x0000023ccb1e1800 Exception <a 'java/lang/NoSuchMethodError'{0x000000008bc69108}: 'java.lang.Object java.lang.invoke.DirectMethodHandle$Holder.invokeInterface(java.lang.Object, java.lang.Object, int)'> (0x000000008bc69108) thrown at [./src/hotspot/share/interpreter/linkResolver.cpp, line 773]
Event: 189.076 Thread 0x0000023ccb1e1800 Exception <a 'java/lang/NoSuchMethodError'{0x000000008c50fbd8}: 'int java.lang.invoke.DirectMethodHandle$Holder.invokeInterface(java.lang.Object, java.lang.Object, int)'> (0x000000008c50fbd8) thrown at [./src/hotspot/share/interpreter/linkResolver.cpp, line 773]
Event: 189.419 Thread 0x0000023ccb1e0000 Exception <a 'java/lang/NoSuchMethodError'{0x000000008ba6b0f8}: 'java.lang.Object java.lang.invoke.DirectMethodHandle$Holder.invokeSpecial(java.lang.Object, java.lang.Object, java.lang.Object, java.lang.Object, java.lang.Object, java.lang.Object, java.lang.Object, java.lang.Object, java.lang.Object, java.lang.Object, java.lang.Object)'> (0x000000008ba6b0f8) thrown at [./src/hotspot/share/interpreter/linkResolver.cpp, line 773]
Event: 189.422 Thread 0x0000023ccb1e0000 Exception <a 'java/lang/NoSuchMethodError'{0x000000008ba76a98}: 'java.lang.Object java.lang.invoke.Invokers$Holder.linkToTargetMethod(java.lang.Object, java.lang.Object, java.lang.Object, java.lang.Object, java.lang.Object, java.lang.Object, java.lang.Object, java.lang.Object, java.lang.Object, java.lang.Object)'> (0x000000008ba76a98) thrown at [./src/hotspot/share/interpreter/linkResolver.cpp, line 773]
Event: 189.470 Thread 0x0000023ccb1e0000 Exception <a 'java/lang/IncompatibleClassChangeError'{0x000000008b790d50}: Found class java.lang.Object, but interface was expected> (0x000000008b790d50) thrown at [./src/hotspot/share/interpreter/linkResolver.cpp, line 839]
Event: 195.423 Thread 0x0000023ccb1e1800 Implicit null exception at 0x0000023cb9583c58 to 0x0000023cb9586eb8
Event: 205.375 Thread 0x0000023ccbb85800 Implicit null exception at 0x0000023cb8ef516b to 0x0000023cb8ef518c

Events (20 events):
Event: 202.713 loading class com/android/tools/r8/internal/vY
Event: 202.713 loading class com/android/tools/r8/internal/vY done
Event: 202.713 loading class com/android/tools/r8/internal/uY
Event: 202.713 loading class com/android/tools/r8/internal/uY done
Event: 202.714 loading class com/android/tools/r8/code/G0
Event: 202.714 loading class com/android/tools/r8/code/G0 done
Event: 202.714 loading class com/android/tools/r8/code/G0
Event: 202.714 loading class com/android/tools/r8/code/G0 done
Event: 202.714 loading class com/android/tools/r8/code/G0
Event: 202.714 loading class com/android/tools/r8/code/G0 done
Event: 203.179 Executing VM operation: G1CollectForAllocation
Event: 203.206 Executing VM operation: G1CollectForAllocation done
Event: 203.363 loading class com/android/tools/r8/internal/EM
Event: 203.363 loading class com/android/tools/r8/internal/EM done
Event: 204.354 Executing VM operation: G1CollectForAllocation
Event: 204.382 Executing VM operation: G1CollectForAllocation done
Event: 205.467 Executing VM operation: G1CollectForAllocation
Event: 205.504 Executing VM operation: G1CollectForAllocation done
Event: 206.607 Executing VM operation: G1CollectForAllocation
Event: 206.641 Executing VM operation: G1CollectForAllocation done


Dynamic libraries:
0x00007ff73c9f0000 - 0x00007ff73c9fa000 	C:\Program Files\Android\Android Studio\jre\bin\java.exe
0x00007ffa9a910000 - 0x00007ffa9ab08000 	C:\WINDOWS\SYSTEM32\ntdll.dll
0x00007ffa99960000 - 0x00007ffa99a1f000 	C:\WINDOWS\System32\KERNEL32.DLL
0x00007ffa98190000 - 0x00007ffa98462000 	C:\WINDOWS\System32\KERNELBASE.dll
0x00007ffa98700000 - 0x00007ffa98800000 	C:\WINDOWS\System32\ucrtbase.dll
0x00007ffa8b8d0000 - 0x00007ffa8b8e9000 	C:\Program Files\Android\Android Studio\jre\bin\jli.dll
0x00007ffa8b7d0000 - 0x00007ffa8b7e7000 	C:\Program Files\Android\Android Studio\jre\bin\VCRUNTIME140.dll
0x00007ffa9a730000 - 0x00007ffa9a8cd000 	C:\WINDOWS\System32\USER32.dll
0x00007ffa8fa40000 - 0x00007ffa8fcda000 	C:\WINDOWS\WinSxS\amd64_microsoft.windows.common-controls_6595b64144ccf1df_6.0.19041.1110_none_60b5254171f9507e\COMCTL32.dll
0x00007ffa99b30000 - 0x00007ffa99bce000 	C:\WINDOWS\System32\msvcrt.dll
0x00007ffa98160000 - 0x00007ffa98182000 	C:\WINDOWS\System32\win32u.dll
0x00007ffa9a180000 - 0x00007ffa9a1ab000 	C:\WINDOWS\System32\GDI32.dll
0x00007ffa985c0000 - 0x00007ffa986cf000 	C:\WINDOWS\System32\gdi32full.dll
0x00007ffa98010000 - 0x00007ffa980ad000 	C:\WINDOWS\System32\msvcp_win.dll
0x00007ffa99fe0000 - 0x00007ffa9a012000 	C:\WINDOWS\System32\IMM32.DLL
0x00007ffa77a50000 - 0x00007ffa77aed000 	C:\Program Files\Android\Android Studio\jre\bin\msvcp140.dll
0x00007ffa517b0000 - 0x00007ffa522b2000 	C:\Program Files\Android\Android Studio\jre\bin\server\jvm.dll
0x00007ffa99a20000 - 0x00007ffa99ace000 	C:\WINDOWS\System32\ADVAPI32.dll
0x00007ffa9a3e0000 - 0x00007ffa9a47c000 	C:\WINDOWS\System32\sechost.dll
0x00007ffa9a4e0000 - 0x00007ffa9a605000 	C:\WINDOWS\System32\RPCRT4.dll
0x00007ffa9a720000 - 0x00007ffa9a728000 	C:\WINDOWS\System32\PSAPI.DLL
0x00007ffa8bd00000 - 0x00007ffa8bd27000 	C:\WINDOWS\SYSTEM32\WINMM.dll
0x00007ffa86df0000 - 0x00007ffa86df9000 	C:\WINDOWS\SYSTEM32\WSOCK32.dll
0x00007ffa8b7b0000 - 0x00007ffa8b7ba000 	C:\WINDOWS\SYSTEM32\VERSION.dll
0x00007ffa9a110000 - 0x00007ffa9a17b000 	C:\WINDOWS\System32\WS2_32.dll
0x00007ffa960b0000 - 0x00007ffa960c2000 	C:\WINDOWS\SYSTEM32\kernel.appcore.dll
0x00007ffa951c0000 - 0x00007ffa951d1000 	C:\Program Files\Android\Android Studio\jre\bin\verify.dll
0x00007ffa95dc0000 - 0x00007ffa95fa4000 	C:\WINDOWS\SYSTEM32\DBGHELP.DLL
0x00007ffa72930000 - 0x00007ffa7295c000 	C:\WINDOWS\SYSTEM32\dbgcore.DLL
0x00007ffa98470000 - 0x00007ffa984f2000 	C:\WINDOWS\System32\bcryptPrimitives.dll
0x00007ffa94bc0000 - 0x00007ffa94be9000 	C:\Program Files\Android\Android Studio\jre\bin\java.dll
0x00007ffa94b60000 - 0x00007ffa94b6b000 	C:\Program Files\Android\Android Studio\jre\bin\jimage.dll
0x00007ffa92430000 - 0x00007ffa92448000 	C:\Program Files\Android\Android Studio\jre\bin\zip.dll
0x00007ffa98f40000 - 0x00007ffa99683000 	C:\WINDOWS\System32\SHELL32.dll
0x00007ffa960d0000 - 0x00007ffa96862000 	C:\WINDOWS\SYSTEM32\windows.storage.dll
0x00007ffa99bd0000 - 0x00007ffa99f24000 	C:\WINDOWS\System32\combase.dll
0x00007ffa97a00000 - 0x00007ffa97a30000 	C:\WINDOWS\SYSTEM32\Wldp.dll
0x00007ffa99f30000 - 0x00007ffa99fdd000 	C:\WINDOWS\System32\SHCORE.dll
0x00007ffa9a0b0000 - 0x00007ffa9a105000 	C:\WINDOWS\System32\shlwapi.dll
0x00007ffa97f50000 - 0x00007ffa97f6f000 	C:\WINDOWS\SYSTEM32\profapi.dll
0x00007ffa90fb0000 - 0x00007ffa90fca000 	C:\Program Files\Android\Android Studio\jre\bin\net.dll
0x00007ffa87cb0000 - 0x00007ffa87dbc000 	C:\WINDOWS\SYSTEM32\WINHTTP.dll
0x00007ffa97760000 - 0x00007ffa977ca000 	C:\WINDOWS\system32\mswsock.dll
0x00007ffa90f90000 - 0x00007ffa90fa4000 	C:\Program Files\Android\Android Studio\jre\bin\nio.dll
0x00007ffa8b8a0000 - 0x00007ffa8b8c7000 	C:\Users\ednem\.gradle\native\e1d6ef7f7dcc3fd88c89a11ec53ec762bb8ba0a96d01ffa2cd45eb1d1d8dd5c5\windows-amd64\native-platform.dll
0x00007ffa610f0000 - 0x00007ffa61234000 	C:\Users\ednem\.gradle\native\0d407fdbe67a94daf76414ababcb853783967236a71b16ec16e742cd7a986fd3\windows-amd64\native-platform-file-events.dll
0x00007ffa92d70000 - 0x00007ffa92d7a000 	C:\Program Files\Android\Android Studio\jre\bin\management.dll
0x00007ffa92ae0000 - 0x00007ffa92aed000 	C:\Program Files\Android\Android Studio\jre\bin\management_ext.dll
0x00007ffa97950000 - 0x00007ffa97968000 	C:\WINDOWS\SYSTEM32\CRYPTSP.dll
0x00007ffa97010000 - 0x00007ffa97044000 	C:\WINDOWS\system32\rsaenh.dll
0x00007ffa986d0000 - 0x00007ffa986f7000 	C:\WINDOWS\System32\bcrypt.dll
0x00007ffa97ed0000 - 0x00007ffa97efe000 	C:\WINDOWS\SYSTEM32\USERENV.dll
0x00007ffa97970000 - 0x00007ffa9797c000 	C:\WINDOWS\SYSTEM32\CRYPTBASE.dll
0x00007ffa973e0000 - 0x00007ffa9741b000 	C:\WINDOWS\SYSTEM32\IPHLPAPI.DLL
0x00007ffa98f30000 - 0x00007ffa98f38000 	C:\WINDOWS\System32\NSI.dll
0x00007ffa8d260000 - 0x00007ffa8d277000 	C:\WINDOWS\SYSTEM32\dhcpcsvc6.DLL
0x00007ffa8d240000 - 0x00007ffa8d25d000 	C:\WINDOWS\SYSTEM32\dhcpcsvc.DLL
0x00007ffa97490000 - 0x00007ffa9755a000 	C:\WINDOWS\SYSTEM32\DNSAPI.dll

dbghelp: loaded successfully - version: 4.0.5 - missing functions: none
symbol engine: initialized successfully - sym options: 0x614 - pdb path: .;C:\Program Files\Android\Android Studio\jre\bin;C:\WINDOWS\SYSTEM32;C:\WINDOWS\WinSxS\amd64_microsoft.windows.common-controls_6595b64144ccf1df_6.0.19041.1110_none_60b5254171f9507e;C:\Program Files\Android\Android Studio\jre\bin\server;C:\Users\ednem\.gradle\native\e1d6ef7f7dcc3fd88c89a11ec53ec762bb8ba0a96d01ffa2cd45eb1d1d8dd5c5\windows-amd64;C:\Users\ednem\.gradle\native\0d407fdbe67a94daf76414ababcb853783967236a71b16ec16e742cd7a986fd3\windows-amd64

VM Arguments:
jvm_args: --add-opens=java.base/java.util=ALL-UNNAMED --add-opens=java.base/java.lang=ALL-UNNAMED --add-opens=java.base/java.lang.invoke=ALL-UNNAMED --add-opens=java.base/java.util=ALL-UNNAMED --add-opens=java.prefs/java.util.prefs=ALL-UNNAMED --add-opens=java.prefs/java.util.prefs=ALL-UNNAMED --add-opens=java.base/java.nio.charset=ALL-UNNAMED --add-opens=java.base/java.net=ALL-UNNAMED --add-opens=java.base/java.util.concurrent.atomic=ALL-UNNAMED -Xmx2048m -Dfile.encoding=UTF-8 -Duser.country=MX -Duser.language=es -Duser.variant 
java_command: org.gradle.launcher.daemon.bootstrap.GradleDaemon 7.4
java_class_path (initial): C:\Users\ednem\.gradle\wrapper\dists\gradle-7.4-bin\c0gwcg53nkjbqw7r0h0umtfvt\gradle-7.4\lib\gradle-launcher-7.4.jar
Launcher Type: SUN_STANDARD

[Global flags]
     intx CICompilerCount                          = 3                                         {product} {ergonomic}
     uint ConcGCThreads                            = 1                                         {product} {ergonomic}
     uint G1ConcRefinementThreads                  = 4                                         {product} {ergonomic}
   size_t G1HeapRegionSize                         = 1048576                                   {product} {ergonomic}
    uintx GCDrainStackTargetSize                   = 64                                        {product} {ergonomic}
   size_t InitialHeapSize                          = 67108864                                  {product} {ergonomic}
   size_t MarkStackSize                            = 4194304                                   {product} {ergonomic}
   size_t MaxHeapSize                              = 2147483648                                {product} {command line}
   size_t MaxNewSize                               = 1287651328                                {product} {ergonomic}
   size_t MinHeapDeltaBytes                        = 1048576                                   {product} {ergonomic}
    uintx NonNMethodCodeHeapSize                   = 5830732                                {pd product} {ergonomic}
    uintx NonProfiledCodeHeapSize                  = 122913754                              {pd product} {ergonomic}
    uintx ProfiledCodeHeapSize                     = 122913754                              {pd product} {ergonomic}
    uintx ReservedCodeCacheSize                    = 251658240                              {pd product} {ergonomic}
     bool SegmentedCodeCache                       = true                                      {product} {ergonomic}
     bool UseCompressedClassPointers               = true                                 {lp64_product} {ergonomic}
     bool UseCompressedOops                        = true                                 {lp64_product} {ergonomic}
     bool UseG1GC                                  = true                                      {product} {ergonomic}
     bool UseLargePagesIndividualAllocation        = false                                  {pd product} {ergonomic}

Logging:
Log output configuration:
 #0: stdout all=warning uptime,level,tags
 #1: stderr all=off uptime,level,tags

Environment Variables:
JAVA_HOME=C:\Program Files\Java\jdk-15.0.1
PATH="C:\ProgramData\Oracle\Java\javapath\;C:\Program Files\Java\jdk-17.0.4.1\bin";C:\Program Files\Microsoft MPI\Bin\;C:\Program Files\Common Files\Oracle\Java\javapath;C:\Program Files (x86)\Common Files\Oracle\Java\javapath;C:\Program Files\Broadcom\Broadcom 802.11 Network Adapter;C:\Program Files (x86)\Intel\iCLS Client\;C:\Program Files\Intel\iCLS Client\;C:\WINDOWS\system32;C:\WINDOWS;C:\WINDOWS\System32\Wbem;C:\WINDOWS\System32\WindowsPowerShell\v1.0\;C:\Program Files (x86)\Intel\Intel(R) Management Engine Components\DAL;C:\Program Files\Intel\Intel(R) Management Engine Components\DAL;C:\Program Files (x86)\Intel\Intel(R) Management Engine Components\IPT;C:\Program Files\Intel\Intel(R) Management Engine Components\IPT;C:\WINDOWS\System32\OpenSSH\;C:\Program Files\dotnet\;C:\Program Files (x86)\Microsoft SQL Server\150\Tools\Binn\;C:\Program Files\Microsoft SQL Server\150\Tools\Binn\;C:\Program Files (x86)\Microsoft SQL Server\150\DTS\Binn\;C:\Program Files\Microsoft SQL Server\150\DTS\Binn\;C:\Program Files\Microsoft SQL Server\Client SDK\ODBC\170\Tools\Binn\;C:\Program Files\Azure Data Studio\bin;C:\Program Files\Git\cmd;C:\Program Files\Java\jdk-17.0.5\bin;C:\apache-maven-3.8.6\bin;C:\Program Files\Java\jdk-17.0.5\bin;C:\ProgramData\Oracle\Java\javapath\;C:\Users\ednem\.dotnet\tools;C:\Program Files\Azure Data Studio\bin;
USERNAME=ednem
OS=Windows_NT
PROCESSOR_IDENTIFIER=Intel64 Family 6 Model 61 Stepping 4, GenuineIntel



---------------  S Y S T E M  ---------------

OS: Windows 10 , 64 bit Build 19041 (10.0.19041.2251)
OS uptime: 1 days 11:16 hours

CPU:total 4 (initial active 4) (2 cores per cpu, 2 threads per core) family 6 model 61 stepping 4 microcode 0x2d, cmov, cx8, fxsr, mmx, sse, sse2, sse3, ssse3, sse4.1, sse4.2, popcnt, avx, avx2, aes, clmul, erms, 3dnowpref, lzcnt, ht, tsc, tscinvbit, bmi1, bmi2, adx, fma

Memory: 4k page, system-wide physical 4011M (309M free)
TotalPageFile size 6805M (AvailPageFile size 29M)
current process WorkingSet (physical memory assigned to process): 689M, peak: 691M
current process commit charge ("private bytes"): 763M, peak: 765M

vm_info: OpenJDK 64-Bit Server VM (11.0.13+0-b1751.21-8125866) for windows-amd64 JRE (11.0.13+0-b1751.21-8125866), built on Feb  2 2022 03:00:22 by "builder" with MS VC++ 14.0 (VS2015)

END.
