#
# There is insufficient memory for the Java Runtime Environment to continue.
# Native memory allocation (mmap) failed to map 435159040 bytes for Failed to commit area from 0x0000000095900000 to 0x00000000af800000 of length 435159040.
# Possible reasons:
#   The system is out of physical RAM or swap space
#   The process is running with CompressedOops enabled, and the Java Heap may be blocking the growth of the native heap
# Possible solutions:
#   Reduce memory load on the system
#   Increase physical memory or swap space
#   Check if swap backing store is full
#   Decrease Java heap size (-Xmx/-Xms)
#   Decrease number of Java threads
#   Decrease Java thread stack sizes (-Xss)
#   Set larger code cache with -XX:ReservedCodeCacheSize=
#   JVM is running with Unscaled Compressed Oops mode in which the Java heap is
#     placed in the first 4GB address space. The Java Heap base address is the
#     maximum limit for the native heap growth. Please use -XX:HeapBaseMinAddress
#     to set the Java Heap base and to place the Java Heap above 4GB virtual address.
# This output file may be truncated or incomplete.
#
#  Out of Memory Error (./src/hotspot/os/windows/os_windows.cpp:3619), pid=9952, tid=10048
#
# JRE version: OpenJDK Runtime Environment (11.0.13) (build 11.0.13+0-b1751.21-8125866)
# Java VM: OpenJDK 64-Bit Server VM (11.0.13+0-b1751.21-8125866, mixed mode, tiered, compressed oops, g1 gc, windows-amd64)
# No core dump will be written. Minidumps are not enabled by default on client versions of Windows
#

---------------  S U M M A R Y ------------

Command Line: --add-opens=java.base/java.util=ALL-UNNAMED --add-opens=java.base/java.lang=ALL-UNNAMED --add-opens=java.base/java.lang.invoke=ALL-UNNAMED --add-opens=java.base/java.util=ALL-UNNAMED --add-opens=java.prefs/java.util.prefs=ALL-UNNAMED --add-opens=java.prefs/java.util.prefs=ALL-UNNAMED --add-opens=java.base/java.nio.charset=ALL-UNNAMED --add-opens=java.base/java.net=ALL-UNNAMED --add-opens=java.base/java.util.concurrent.atomic=ALL-UNNAMED -Xmx2048m -Dfile.encoding=UTF-8 -Duser.country=MX -Duser.language=es -Duser.variant org.gradle.launcher.daemon.bootstrap.GradleDaemon 7.4

Host: Intel(R) Core(TM) i3-5005U CPU @ 2.00GHz, 4 cores, 3G,  Windows 10 , 64 bit Build 19041 (10.0.19041.2251)
Time: Sat Dec  3 00:56:44 2022 Hora est. Pacífico, Sudamérica elapsed time: 2861.445994 seconds (0d 0h 47m 41s)

---------------  T H R E A D  ---------------

Current thread (0x0000025f02176000):  VMThread "VM Thread" [stack: 0x00000098a7600000,0x00000098a7700000] [id=10048]

Stack: [0x00000098a7600000,0x00000098a7700000]
[error occurred during error reporting (printing stack bounds), id 0xc0000005, EXCEPTION_ACCESS_VIOLATION (0xc0000005) at pc=0x0000025f6c0a112d]

Native frames: (J=compiled Java code, j=interpreted, Vv=VM code, C=native code)
V  [jvm.dll+0x6100fa]
V  [jvm.dll+0x747090]
V  [jvm.dll+0x7486ad]
V  [jvm.dll+0x748ce5]
V  [jvm.dll+0x748c9b]
V  [jvm.dll+0x60f224]
V  [jvm.dll+0x60f9b8]
C  [ntdll.dll+0xa241f]
C  [ntdll.dll+0x514a4]
C  [ntdll.dll+0xa0f4e]
C  0x0000025f6c0a112d

VM_Operation (0x00000098a99fdff0): G1CollectForAllocation, mode: safepoint, requested by thread 0x0000025f06d91800


---------------  P R O C E S S  ---------------

Threads class SMR info:
_java_thread_list=0x0000025f0de88c10, length=95, elements={
0x0000025f6857e800, 0x0000025f0217e800, 0x0000025f02187800, 0x0000025f021da800,
0x0000025f021de800, 0x0000025f021df800, 0x0000025f021e5000, 0x0000025f021ee000,
0x0000025f021f2800, 0x0000025f02c75000, 0x0000025f03cf2800, 0x0000025f0380e000,
0x0000025f04647800, 0x0000025f04d12800, 0x0000025f04d0d800, 0x0000025f04d0f800,
0x0000025f04d11000, 0x0000025f04d13800, 0x0000025f04d11800, 0x0000025f04d14000,
0x0000025f04d10000, 0x0000025f04d0e800, 0x0000025f06d88800, 0x0000025f06d83800,
0x0000025f03153800, 0x0000025f03157000, 0x0000025f0abc2800, 0x0000025f0abc6800,
0x0000025f09409800, 0x0000025f0314f000, 0x0000025f06d8b800, 0x0000025f06d86800,
0x0000025f06d82800, 0x0000025f06d8a000, 0x0000025f06d84000, 0x0000025f06d85000,
0x0000025f06d86000, 0x0000025f06d8f800, 0x0000025f06d90800, 0x0000025f06d91800,
0x0000025f09408800, 0x0000025f09406000, 0x0000025f0940a000, 0x0000025f09407800,
0x0000025f0940b000, 0x0000025f09405000, 0x0000025f09407000, 0x0000025f0940e000,
0x0000025f0940b800, 0x0000025f09410000, 0x0000025f0940f000, 0x0000025f09410800,
0x0000025f0940c800, 0x0000025f09411800, 0x0000025f09412000, 0x0000025f09413000,
0x0000025f0940d800, 0x0000025f09414000, 0x0000025f0abc0000, 0x0000025f0abbf000,
0x0000025f0abc0800, 0x0000025f0abbc800, 0x0000025f0abc1800, 0x0000025f0abbd800,
0x0000025f0abc4000, 0x0000025f0abbe000, 0x0000025f0abc5000, 0x0000025f0abc7000,
0x0000025f0abc3000, 0x0000025f0abc8000, 0x0000025f0abcb800, 0x0000025f0abc9800,
0x0000025f0abc5800, 0x0000025f0abca800, 0x0000025f0abc9000, 0x0000025f0314b800,
0x0000025f0314c800, 0x0000025f0314d000, 0x0000025f0314e000, 0x0000025f0314f800,
0x0000025f0314a000, 0x0000025f03150800, 0x0000025f0314a800, 0x0000025f03155800,
0x0000025f03153000, 0x0000025f03151000, 0x0000025f03158000, 0x0000025f03156000,
0x0000025f03158800, 0x0000025f0b35c800, 0x0000025f0b35a000, 0x0000025f0b35b800,
0x0000025f0b35e000, 0x0000025f0b35f000, 0x0000025f0b359000
}

Java Threads: ( => current thread )
  0x0000025f6857e800 JavaThread "main" [_thread_blocked, id=10496, stack(0x00000098a7000000,0x00000098a7100000)]
  0x0000025f0217e800 JavaThread "Reference Handler" daemon [_thread_blocked, id=6740, stack(0x00000098a7700000,0x00000098a7800000)]
  0x0000025f02187800 JavaThread "Finalizer" daemon [_thread_blocked, id=9932, stack(0x00000098a7800000,0x00000098a7900000)]
  0x0000025f021da800 JavaThread "Signal Dispatcher" daemon [_thread_blocked, id=3276, stack(0x00000098a7900000,0x00000098a7a00000)]
  0x0000025f021de800 JavaThread "Attach Listener" daemon [_thread_blocked, id=7308, stack(0x00000098a7a00000,0x00000098a7b00000)]
  0x0000025f021df800 JavaThread "Service Thread" daemon [_thread_blocked, id=6728, stack(0x00000098a7b00000,0x00000098a7c00000)]
  0x0000025f021e5000 JavaThread "C2 CompilerThread0" daemon [_thread_blocked, id=8592, stack(0x00000098a7c00000,0x00000098a7d00000)]
  0x0000025f021ee000 JavaThread "C1 CompilerThread0" daemon [_thread_blocked, id=10628, stack(0x00000098a7d00000,0x00000098a7e00000)]
  0x0000025f021f2800 JavaThread "Sweeper thread" daemon [_thread_blocked, id=11552, stack(0x00000098a7e00000,0x00000098a7f00000)]
  0x0000025f02c75000 JavaThread "Common-Cleaner" daemon [_thread_blocked, id=12952, stack(0x00000098a7f00000,0x00000098a8000000)]
  0x0000025f03cf2800 JavaThread "Daemon health stats" [_thread_blocked, id=7160, stack(0x00000098a8100000,0x00000098a8200000)]
  0x0000025f0380e000 JavaThread "Incoming local TCP Connector on port 55919" [_thread_in_native, id=9252, stack(0x00000098a8500000,0x00000098a8600000)]
  0x0000025f04647800 JavaThread "Daemon periodic checks" [_thread_blocked, id=10388, stack(0x00000098a8600000,0x00000098a8700000)]
  0x0000025f04d12800 JavaThread "Cache worker for journal cache (C:\Users\ednem\AndroidStudioProjects\Hogar_Gestor\caches\journal-1)" [_thread_blocked, id=11808, stack(0x00000098a8e00000,0x00000098a8f00000)]
  0x0000025f04d0d800 JavaThread "File lock request listener" [_thread_in_native, id=5780, stack(0x00000098a8f00000,0x00000098a9000000)]
  0x0000025f04d0f800 JavaThread "Cache worker for file hash cache (C:\Users\ednem\AndroidStudioProjects\Hogar_Gestor\caches\7.4\fileHashes)" [_thread_blocked, id=4448, stack(0x00000098a9000000,0x00000098a9100000)]
  0x0000025f04d11000 JavaThread "File watcher server" daemon [_thread_blocked, id=9124, stack(0x00000098a9100000,0x00000098a9200000)]
  0x0000025f04d13800 JavaThread "File watcher consumer" daemon [_thread_blocked, id=10288, stack(0x00000098a9200000,0x00000098a9300000)]
  0x0000025f04d11800 JavaThread "jar transforms" [_thread_blocked, id=5028, stack(0x00000098a9300000,0x00000098a9400000)]
  0x0000025f04d14000 JavaThread "jar transforms Thread 2" [_thread_blocked, id=10804, stack(0x00000098a9400000,0x00000098a9500000)]
  0x0000025f04d10000 JavaThread "jar transforms Thread 3" [_thread_blocked, id=10284, stack(0x00000098a9500000,0x00000098a9600000)]
  0x0000025f04d0e800 JavaThread "jar transforms Thread 4" [_thread_blocked, id=840, stack(0x00000098a9600000,0x00000098a9700000)]
  0x0000025f06d88800 JavaThread "Cache worker for execution history cache (C:\Users\ednem\AndroidStudioProjects\Hogar_Gestor\caches\7.4\executionHistory)" [_thread_blocked, id=10720, stack(0x00000098a9b00000,0x00000098a9c00000)]
  0x0000025f06d83800 JavaThread "Cache worker for file content cache (C:\Users\ednem\AndroidStudioProjects\Hogar_Gestor\caches\7.4\fileContent)" [_thread_blocked, id=11224, stack(0x00000098a9c00000,0x00000098a9d00000)]
  0x0000025f03153800 JavaThread "Memory manager" [_thread_blocked, id=5764, stack(0x00000098ac900000,0x00000098aca00000)]
  0x0000025f03157000 JavaThread "pool-3-thread-1" [_thread_blocked, id=10080, stack(0x00000098a6d00000,0x00000098a6e00000)]
  0x0000025f0abc2800 JavaThread "pool-6-thread-1" [_thread_blocked, id=9580, stack(0x00000098ac800000,0x00000098ac900000)]
  0x0000025f0abc6800 JavaThread "Cache worker for Java compile cache (C:\Users\ednem\AndroidStudioProjects\Hogar_Gestor\caches\7.4\javaCompile)" [_thread_blocked, id=4640, stack(0x00000098ad000000,0x00000098ad100000)]
  0x0000025f09409800 JavaThread "ForkJoinPool.commonPool-worker-7" daemon [_thread_blocked, id=10260, stack(0x00000098ada00000,0x00000098adb00000)]
  0x0000025f0314f000 JavaThread "pool-10-thread-1" [_thread_blocked, id=8340, stack(0x00000098ac600000,0x00000098ac700000)]
  0x0000025f06d8b800 JavaThread "pool-13-thread-1" [_thread_blocked, id=13188, stack(0x00000098acc00000,0x00000098acd00000)]
  0x0000025f06d86800 JavaThread "Daemon Thread 7" [_thread_blocked, id=9188, stack(0x00000098a6e00000,0x00000098a6f00000)]
  0x0000025f06d82800 JavaThread "Handler for socket connection from /127.0.0.1:55919 to /127.0.0.1:56103" [_thread_in_native, id=6668, stack(0x00000098a6f00000,0x00000098a7000000)]
  0x0000025f06d8a000 JavaThread "Cancel handler" [_thread_blocked, id=10652, stack(0x00000098a8700000,0x00000098a8800000)]
  0x0000025f06d84000 JavaThread "Daemon worker Thread 5" [_thread_blocked, id=10676, stack(0x00000098a8a00000,0x00000098a8b00000)]
  0x0000025f06d85000 JavaThread "Asynchronous log dispatcher for DefaultDaemonConnection: socket connection from /127.0.0.1:55919 to /127.0.0.1:56103" [_thread_blocked, id=12716, stack(0x00000098a8b00000,0x00000098a8c00000)]
  0x0000025f06d86000 JavaThread "Daemon client event forwarder" [_thread_blocked, id=1120, stack(0x00000098a8d00000,0x00000098a8e00000)]
  0x0000025f06d8f800 JavaThread "Cache worker for checksums cache (C:\Users\ednem\AndroidStudioProjects\Magucho\.gradle\7.4\checksums)" [_thread_blocked, id=8588, stack(0x00000098a9700000,0x00000098a9800000)]
  0x0000025f06d90800 JavaThread "Cache worker for cache directory md-rule (C:\Users\ednem\AndroidStudioProjects\Hogar_Gestor\caches\7.4\md-rule)" [_thread_blocked, id=9292, stack(0x00000098a9800000,0x00000098a9900000)]
  0x0000025f06d91800 JavaThread "Cache worker for file hash cache (C:\Users\ednem\AndroidStudioProjects\Magucho\.gradle\7.4\fileHashes)" [_thread_blocked, id=6584, stack(0x00000098a9900000,0x00000098a9a00000)]
  0x0000025f09408800 JavaThread "Cache worker for cache directory md-supplier (C:\Users\ednem\AndroidStudioProjects\Hogar_Gestor\caches\7.4\md-supplier)" [_thread_blocked, id=5532, stack(0x00000098a9a00000,0x00000098a9b00000)]
  0x0000025f09406000 JavaThread "Cache worker for dependencies-accessors (C:\Users\ednem\AndroidStudioProjects\Magucho\.gradle\7.4\dependencies-accessors)" [_thread_blocked, id=11476, stack(0x00000098a9d00000,0x00000098a9e00000)]
  0x0000025f0940a000 JavaThread "Cache worker for Build Output Cleanup Cache (C:\Users\ednem\AndroidStudioProjects\Magucho\.gradle\buildOutputCleanup)" [_thread_blocked, id=4724, stack(0x00000098a9e00000,0x00000098a9f00000)]
  0x0000025f09407800 JavaThread "Unconstrained build operations" [_thread_blocked, id=10076, stack(0x00000098a9f00000,0x00000098aa000000)]
  0x0000025f0940b000 JavaThread "Unconstrained build operations Thread 2" [_thread_blocked, id=788, stack(0x00000098aa000000,0x00000098aa100000)]
  0x0000025f09405000 JavaThread "Unconstrained build operations Thread 3" [_thread_blocked, id=6496, stack(0x00000098aa100000,0x00000098aa200000)]
  0x0000025f09407000 JavaThread "Unconstrained build operations Thread 4" [_thread_blocked, id=8892, stack(0x00000098aa200000,0x00000098aa300000)]
  0x0000025f0940e000 JavaThread "Unconstrained build operations Thread 5" [_thread_blocked, id=3348, stack(0x00000098aa300000,0x00000098aa400000)]
  0x0000025f0940b800 JavaThread "Unconstrained build operations Thread 6" [_thread_blocked, id=7468, stack(0x00000098aa400000,0x00000098aa500000)]
  0x0000025f09410000 JavaThread "Unconstrained build operations Thread 7" [_thread_blocked, id=10428, stack(0x00000098aa500000,0x00000098aa600000)]
  0x0000025f0940f000 JavaThread "Unconstrained build operations Thread 8" [_thread_blocked, id=8760, stack(0x00000098aa600000,0x00000098aa700000)]
  0x0000025f09410800 JavaThread "Unconstrained build operations Thread 9" [_thread_blocked, id=5228, stack(0x00000098aa700000,0x00000098aa800000)]
  0x0000025f0940c800 JavaThread "Unconstrained build operations Thread 10" [_thread_blocked, id=12524, stack(0x00000098aa800000,0x00000098aa900000)]
  0x0000025f09411800 JavaThread "Unconstrained build operations Thread 11" [_thread_blocked, id=2464, stack(0x00000098aa900000,0x00000098aaa00000)]
  0x0000025f09412000 JavaThread "Unconstrained build operations Thread 12" [_thread_blocked, id=11124, stack(0x00000098aaa00000,0x00000098aab00000)]
  0x0000025f09413000 JavaThread "Unconstrained build operations Thread 13" [_thread_blocked, id=9164, stack(0x00000098aab00000,0x00000098aac00000)]
  0x0000025f0940d800 JavaThread "Unconstrained build operations Thread 14" [_thread_blocked, id=9108, stack(0x00000098aac00000,0x00000098aad00000)]
  0x0000025f09414000 JavaThread "Unconstrained build operations Thread 15" [_thread_blocked, id=12444, stack(0x00000098aad00000,0x00000098aae00000)]
  0x0000025f0abc0000 JavaThread "Unconstrained build operations Thread 16" [_thread_blocked, id=10768, stack(0x00000098aae00000,0x00000098aaf00000)]
  0x0000025f0abbf000 JavaThread "Unconstrained build operations Thread 17" [_thread_blocked, id=10700, stack(0x00000098aaf00000,0x00000098ab000000)]
  0x0000025f0abc0800 JavaThread "Unconstrained build operations Thread 18" [_thread_blocked, id=8380, stack(0x00000098ab000000,0x00000098ab100000)]
  0x0000025f0abbc800 JavaThread "Unconstrained build operations Thread 19" [_thread_blocked, id=8316, stack(0x00000098ab100000,0x00000098ab200000)]
  0x0000025f0abc1800 JavaThread "Unconstrained build operations Thread 20" [_thread_blocked, id=3960, stack(0x00000098ab200000,0x00000098ab300000)]
  0x0000025f0abbd800 JavaThread "Unconstrained build operations Thread 21" [_thread_blocked, id=5460, stack(0x00000098ab300000,0x00000098ab400000)]
  0x0000025f0abc4000 JavaThread "Unconstrained build operations Thread 22" [_thread_blocked, id=1740, stack(0x00000098ab400000,0x00000098ab500000)]
  0x0000025f0abbe000 JavaThread "Unconstrained build operations Thread 23" [_thread_blocked, id=11820, stack(0x00000098ab500000,0x00000098ab600000)]
  0x0000025f0abc5000 JavaThread "Unconstrained build operations Thread 24" [_thread_blocked, id=8312, stack(0x00000098ab600000,0x00000098ab700000)]
  0x0000025f0abc7000 JavaThread "Unconstrained build operations Thread 25" [_thread_blocked, id=9636, stack(0x00000098ab700000,0x00000098ab800000)]
  0x0000025f0abc3000 JavaThread "Unconstrained build operations Thread 26" [_thread_blocked, id=10364, stack(0x00000098ab800000,0x00000098ab900000)]
  0x0000025f0abc8000 JavaThread "Unconstrained build operations Thread 27" [_thread_blocked, id=2820, stack(0x00000098ab900000,0x00000098aba00000)]
  0x0000025f0abcb800 JavaThread "Unconstrained build operations Thread 28" [_thread_blocked, id=5332, stack(0x00000098aba00000,0x00000098abb00000)]
  0x0000025f0abc9800 JavaThread "Unconstrained build operations Thread 29" [_thread_blocked, id=10920, stack(0x00000098abb00000,0x00000098abc00000)]
  0x0000025f0abc5800 JavaThread "Unconstrained build operations Thread 30" [_thread_blocked, id=9864, stack(0x00000098abc00000,0x00000098abd00000)]
  0x0000025f0abca800 JavaThread "Unconstrained build operations Thread 31" [_thread_blocked, id=5736, stack(0x00000098abd00000,0x00000098abe00000)]
  0x0000025f0abc9000 JavaThread "Unconstrained build operations Thread 32" [_thread_blocked, id=12128, stack(0x00000098abe00000,0x00000098abf00000)]
  0x0000025f0314b800 JavaThread "Unconstrained build operations Thread 33" [_thread_blocked, id=10820, stack(0x00000098abf00000,0x00000098ac000000)]
  0x0000025f0314c800 JavaThread "Unconstrained build operations Thread 34" [_thread_blocked, id=13120, stack(0x00000098ac000000,0x00000098ac100000)]
  0x0000025f0314d000 JavaThread "Unconstrained build operations Thread 35" [_thread_blocked, id=2844, stack(0x00000098ac100000,0x00000098ac200000)]
  0x0000025f0314e000 JavaThread "Unconstrained build operations Thread 36" [_thread_blocked, id=11512, stack(0x00000098ac200000,0x00000098ac300000)]
  0x0000025f0314f800 JavaThread "Unconstrained build operations Thread 37" [_thread_blocked, id=11692, stack(0x00000098ac300000,0x00000098ac400000)]
  0x0000025f0314a000 JavaThread "Unconstrained build operations Thread 38" [_thread_blocked, id=10692, stack(0x00000098ac400000,0x00000098ac500000)]
  0x0000025f03150800 JavaThread "Unconstrained build operations Thread 39" [_thread_blocked, id=5404, stack(0x00000098ac500000,0x00000098ac600000)]
  0x0000025f0314a800 JavaThread "Unconstrained build operations Thread 40" [_thread_blocked, id=13140, stack(0x00000098ac700000,0x00000098ac800000)]
  0x0000025f03155800 JavaThread "build event listener" [_thread_blocked, id=1908, stack(0x00000098aca00000,0x00000098acb00000)]
  0x0000025f03153000 JavaThread "pool-16-thread-1" [_thread_blocked, id=5224, stack(0x00000098acb00000,0x00000098acc00000)]
  0x0000025f03151000 JavaThread "build event listener" [_thread_blocked, id=7392, stack(0x00000098acd00000,0x00000098ace00000)]
  0x0000025f03158000 JavaThread "included builds" [_thread_blocked, id=9552, stack(0x00000098ace00000,0x00000098acf00000)]
  0x0000025f03156000 JavaThread "Execution worker for ':'" [_thread_blocked, id=5320, stack(0x00000098acf00000,0x00000098ad000000)]
  0x0000025f03158800 JavaThread "Execution worker for ':' Thread 2" [_thread_blocked, id=7728, stack(0x00000098ad100000,0x00000098ad200000)]
  0x0000025f0b35c800 JavaThread "Execution worker for ':' Thread 3" [_thread_blocked, id=12308, stack(0x00000098ad200000,0x00000098ad300000)]
  0x0000025f0b35a000 JavaThread "Cache worker for execution history cache (C:\Users\ednem\AndroidStudioProjects\Magucho\.gradle\7.4\executionHistory)" [_thread_blocked, id=2312, stack(0x00000098ad300000,0x00000098ad400000)]
  0x0000025f0b35b800 JavaThread "WorkerExecutor Queue" [_thread_blocked, id=7412, stack(0x00000098ad400000,0x00000098ad500000)]
  0x0000025f0b35e000 JavaThread "WorkerExecutor Queue Thread 2" [_thread_blocked, id=9412, stack(0x00000098ad500000,0x00000098ad600000)]
  0x0000025f0b35f000 JavaThread "WorkerExecutor Queue Thread 3" [_thread_blocked, id=3736, stack(0x00000098ad600000,0x00000098ad700000)]
  0x0000025f0b359000 JavaThread "WorkerExecutor Queue Thread 4" [_thread_blocked, id=7536, stack(0x00000098ad700000,0x00000098ad800000)]

Other Threads:
=>0x0000025f02176000 VMThread "VM Thread" [stack: 0x00000098a7600000,0x00000098a7700000] [id=10048]
  0x0000025f02cb0800 WatcherThread [stack: 0x00000098a8000000,0x00000098a8100000] [id=5908]
  0x0000025f68597800 GCTaskThread "GC Thread#0" [stack: 0x00000098a7100000,0x00000098a7200000] [id=2284]
  0x0000025f031c2800 GCTaskThread "GC Thread#1" [stack: 0x00000098a8200000,0x00000098a8300000] [id=10664]
  0x0000025f04ec8800 GCTaskThread "GC Thread#2" [stack: 0x00000098a8300000,0x00000098a8400000] [id=1940]
  0x0000025f03bb9800 GCTaskThread "GC Thread#3" [stack: 0x00000098a8400000,0x00000098a8500000] [id=3420]
  0x0000025f685c7000 ConcurrentGCThread "G1 Main Marker" [stack: 0x00000098a7200000,0x00000098a7300000] [id=2292]
  0x0000025f685c8800 ConcurrentGCThread "G1 Conc#0" [stack: 0x00000098a7300000,0x00000098a7400000] [id=1340]
  0x0000025f68625800 ConcurrentGCThread "G1 Refine#0" [stack: 0x00000098a7400000,0x00000098a7500000] [id=3180]
  0x0000025f68626800 ConcurrentGCThread "G1 Young RemSet Sampling" [stack: 0x00000098a7500000,0x00000098a7600000] [id=10716]

Threads with active compile tasks:

VM state:at safepoint (normal execution)

VM Mutex/Monitor currently owned by a thread:  ([mutex/lock_event])
[0x0000025f6857b7d0] Threads_lock - owner thread: 0x0000025f02176000
[0x0000025f6857a540] Heap_lock - owner thread: 0x0000025f06d91800

Heap address: 0x0000000080000000, size: 2048 MB, Compressed Oops mode: 32-bit
Narrow klass base: 0x0000000000000000, Narrow klass shift: 3
Compressed class space size: 1073741824 Address: 0x0000000100000000

Heap:
 garbage-first heap   total 778240K, used 206522K [0x0000000080000000, 0x0000000100000000)
  region size 1024K, 3 young (3072K), 3 survivors (3072K)
 Metaspace       used 154610K, capacity 159160K, committed 159484K, reserved 1187840K
  class space    used 19121K, capacity 20713K, committed 20812K, reserved 1048576K
Heap Regions: E=young(eden), S=young(survivor), O=old, HS=humongous(starts), HC=humongous(continues), CS=collection set, F=free, A=archive, TAMS=top-at-mark-start (previous, next)
|   0|0x0000000080000000, 0x0000000080100000, 0x0000000080100000|100%|HS|  |TAMS 0x0000000080100000, 0x0000000080000000| Complete 
|   1|0x0000000080100000, 0x0000000080200000, 0x0000000080200000|100%|HC|  |TAMS 0x0000000080200000, 0x0000000080100000| Complete 
|   2|0x0000000080200000, 0x0000000080300000, 0x0000000080300000|100%|HC|  |TAMS 0x0000000080300000, 0x0000000080200000| Complete 
|   3|0x0000000080300000, 0x0000000080400000, 0x0000000080400000|100%| O|  |TAMS 0x0000000080400000, 0x0000000080300000| Untracked 
|   4|0x0000000080400000, 0x0000000080500000, 0x0000000080500000|100%| O|  |TAMS 0x0000000080500000, 0x0000000080400000| Untracked 
|   5|0x0000000080500000, 0x0000000080600000, 0x0000000080600000|100%| O|  |TAMS 0x0000000080600000, 0x0000000080500000| Untracked 
|   6|0x0000000080600000, 0x0000000080700000, 0x0000000080700000|100%| O|  |TAMS 0x0000000080700000, 0x0000000080600000| Untracked 
|   7|0x0000000080700000, 0x0000000080800000, 0x0000000080800000|100%| O|  |TAMS 0x0000000080800000, 0x0000000080700000| Untracked 
|   8|0x0000000080800000, 0x0000000080900000, 0x0000000080900000|100%| O|  |TAMS 0x0000000080900000, 0x0000000080800000| Untracked 
|   9|0x0000000080900000, 0x0000000080a00000, 0x0000000080a00000|100%| O|  |TAMS 0x0000000080a00000, 0x0000000080900000| Untracked 
|  10|0x0000000080a00000, 0x0000000080b00000, 0x0000000080b00000|100%| O|  |TAMS 0x0000000080b00000, 0x0000000080a00000| Untracked 
|  11|0x0000000080b00000, 0x0000000080c00000, 0x0000000080c00000|100%| O|  |TAMS 0x0000000080c00000, 0x0000000080b00000| Untracked 
|  12|0x0000000080c00000, 0x0000000080d00000, 0x0000000080d00000|100%| O|  |TAMS 0x0000000080d00000, 0x0000000080c00000| Untracked 
|  13|0x0000000080d00000, 0x0000000080e00000, 0x0000000080e00000|100%| O|  |TAMS 0x0000000080e00000, 0x0000000080d00000| Untracked 
|  14|0x0000000080e00000, 0x0000000080f00000, 0x0000000080f00000|100%| O|  |TAMS 0x0000000080f00000, 0x0000000080e00000| Complete 
|  15|0x0000000080f00000, 0x0000000081000000, 0x0000000081000000|100%| O|  |TAMS 0x0000000081000000, 0x0000000080f00000| Complete 
|  16|0x0000000081000000, 0x0000000081100000, 0x0000000081100000|100%| O|  |TAMS 0x0000000081100000, 0x0000000081000000| Complete 
|  17|0x0000000081100000, 0x0000000081200000, 0x0000000081200000|100%|HS|  |TAMS 0x0000000081200000, 0x0000000081100000| Complete 
|  18|0x0000000081200000, 0x0000000081300000, 0x0000000081300000|100%|HC|  |TAMS 0x0000000081300000, 0x0000000081200000| Complete 
|  19|0x0000000081300000, 0x0000000081400000, 0x0000000081400000|100%|HS|  |TAMS 0x0000000081400000, 0x0000000081300000| Complete 
|  20|0x0000000081400000, 0x0000000081500000, 0x0000000081500000|100%|HC|  |TAMS 0x0000000081500000, 0x0000000081400000| Complete 
|  21|0x0000000081500000, 0x0000000081600000, 0x0000000081600000|100%|HC|  |TAMS 0x0000000081600000, 0x0000000081500000| Complete 
|  22|0x0000000081600000, 0x0000000081700000, 0x0000000081700000|100%|HS|  |TAMS 0x0000000081700000, 0x0000000081600000| Complete 
|  23|0x0000000081700000, 0x0000000081800000, 0x0000000081800000|100%|HC|  |TAMS 0x0000000081800000, 0x0000000081700000| Complete 
|  24|0x0000000081800000, 0x0000000081900000, 0x0000000081900000|100%|HC|  |TAMS 0x0000000081900000, 0x0000000081800000| Complete 
|  25|0x0000000081900000, 0x0000000081a00000, 0x0000000081a00000|100%|HS|  |TAMS 0x0000000081a00000, 0x0000000081900000| Complete 
|  26|0x0000000081a00000, 0x0000000081b00000, 0x0000000081b00000|100%|HC|  |TAMS 0x0000000081b00000, 0x0000000081a00000| Complete 
|  27|0x0000000081b00000, 0x0000000081c00000, 0x0000000081c00000|100%|HC|  |TAMS 0x0000000081c00000, 0x0000000081b00000| Complete 
|  28|0x0000000081c00000, 0x0000000081d00000, 0x0000000081d00000|100%|HC|  |TAMS 0x0000000081d00000, 0x0000000081c00000| Complete 
|  29|0x0000000081d00000, 0x0000000081e00000, 0x0000000081e00000|100%| O|  |TAMS 0x0000000081e00000, 0x0000000081d00000| Complete 
|  30|0x0000000081e00000, 0x0000000081f00000, 0x0000000081f00000|100%|HS|  |TAMS 0x0000000081f00000, 0x0000000081e00000| Complete 
|  31|0x0000000081f00000, 0x0000000082000000, 0x0000000082000000|100%|HC|  |TAMS 0x0000000082000000, 0x0000000081f00000| Complete 
|  32|0x0000000082000000, 0x0000000082100000, 0x0000000082100000|100%|HC|  |TAMS 0x0000000082100000, 0x0000000082000000| Complete 
|  33|0x0000000082100000, 0x0000000082200000, 0x0000000082200000|100%|HC|  |TAMS 0x0000000082200000, 0x0000000082100000| Complete 
|  34|0x0000000082200000, 0x0000000082300000, 0x0000000082300000|100%|HC|  |TAMS 0x0000000082300000, 0x0000000082200000| Complete 
|  35|0x0000000082300000, 0x0000000082400000, 0x0000000082400000|100%| O|  |TAMS 0x0000000082400000, 0x0000000082300000| Complete 
|  36|0x0000000082400000, 0x0000000082400000, 0x0000000082500000|  0%| F|  |TAMS 0x0000000082400000, 0x0000000082400000| Untracked 
|  37|0x0000000082500000, 0x0000000082600000, 0x0000000082600000|100%| O|  |TAMS 0x0000000082600000, 0x0000000082500000| Untracked 
|  38|0x0000000082600000, 0x0000000082700000, 0x0000000082700000|100%| O|  |TAMS 0x0000000082700000, 0x0000000082600000| Complete 
|  39|0x0000000082700000, 0x0000000082800000, 0x0000000082800000|100%| O|  |TAMS 0x0000000082800000, 0x0000000082700000| Untracked 
|  40|0x0000000082800000, 0x0000000082900000, 0x0000000082900000|100%|HS|  |TAMS 0x0000000082900000, 0x0000000082800000| Complete 
|  41|0x0000000082900000, 0x0000000082a00000, 0x0000000082a00000|100%| O|  |TAMS 0x0000000082a00000, 0x0000000082900000| Untracked 
|  42|0x0000000082a00000, 0x0000000082b00000, 0x0000000082b00000|100%| O|  |TAMS 0x0000000082b00000, 0x0000000082a00000| Complete 
|  43|0x0000000082b00000, 0x0000000082c00000, 0x0000000082c00000|100%| O|  |TAMS 0x0000000082c00000, 0x0000000082b00000| Complete 
|  44|0x0000000082c00000, 0x0000000082d00000, 0x0000000082d00000|100%| O|  |TAMS 0x0000000082d00000, 0x0000000082c00000| Complete 
|  45|0x0000000082d00000, 0x0000000082e00000, 0x0000000082e00000|100%| O|  |TAMS 0x0000000082e00000, 0x0000000082d00000| Complete 
|  46|0x0000000082e00000, 0x0000000082f00000, 0x0000000082f00000|100%| O|  |TAMS 0x0000000082f00000, 0x0000000082e00000| Complete 
|  47|0x0000000082f00000, 0x0000000083000000, 0x0000000083000000|100%| O|  |TAMS 0x0000000083000000, 0x0000000082f00000| Untracked 
|  48|0x0000000083000000, 0x0000000083100000, 0x0000000083100000|100%| O|  |TAMS 0x0000000083100000, 0x0000000083000000| Complete 
|  49|0x0000000083100000, 0x0000000083200000, 0x0000000083200000|100%| O|  |TAMS 0x0000000083200000, 0x0000000083100000| Complete 
|  50|0x0000000083200000, 0x0000000083300000, 0x0000000083300000|100%|HS|  |TAMS 0x0000000083300000, 0x0000000083200000| Complete 
|  51|0x0000000083300000, 0x0000000083400000, 0x0000000083400000|100%|HC|  |TAMS 0x0000000083400000, 0x0000000083300000| Complete 
|  52|0x0000000083400000, 0x0000000083500000, 0x0000000083500000|100%| O|  |TAMS 0x0000000083500000, 0x0000000083400000| Complete 
|  53|0x0000000083500000, 0x0000000083600000, 0x0000000083600000|100%|HS|  |TAMS 0x0000000083600000, 0x0000000083500000| Complete 
|  54|0x0000000083600000, 0x0000000083700000, 0x0000000083700000|100%|HC|  |TAMS 0x0000000083700000, 0x0000000083600000| Complete 
|  55|0x0000000083700000, 0x0000000083800000, 0x0000000083800000|100%|HC|  |TAMS 0x0000000083800000, 0x0000000083700000| Complete 
|  56|0x0000000083800000, 0x0000000083900000, 0x0000000083900000|100%|HC|  |TAMS 0x0000000083900000, 0x0000000083800000| Complete 
|  57|0x0000000083900000, 0x0000000083a00000, 0x0000000083a00000|100%|HS|  |TAMS 0x0000000083a00000, 0x0000000083900000| Complete 
|  58|0x0000000083a00000, 0x0000000083b00000, 0x0000000083b00000|100%|HC|  |TAMS 0x0000000083b00000, 0x0000000083a00000| Complete 
|  59|0x0000000083b00000, 0x0000000083c00000, 0x0000000083c00000|100%|HC|  |TAMS 0x0000000083c00000, 0x0000000083b00000| Complete 
|  60|0x0000000083c00000, 0x0000000083d00000, 0x0000000083d00000|100%| O|  |TAMS 0x0000000083d00000, 0x0000000083c00000| Untracked 
|  61|0x0000000083d00000, 0x0000000083e00000, 0x0000000083e00000|100%| O|  |TAMS 0x0000000083e00000, 0x0000000083d00000| Complete 
|  62|0x0000000083e00000, 0x0000000083f00000, 0x0000000083f00000|100%|HS|  |TAMS 0x0000000083f00000, 0x0000000083e00000| Complete 
|  63|0x0000000083f00000, 0x0000000084000000, 0x0000000084000000|100%|HC|  |TAMS 0x0000000084000000, 0x0000000083f00000| Complete 
|  64|0x0000000084000000, 0x0000000084100000, 0x0000000084100000|100%|HC|  |TAMS 0x0000000084100000, 0x0000000084000000| Complete 
|  65|0x0000000084100000, 0x0000000084200000, 0x0000000084200000|100%| O|  |TAMS 0x0000000084200000, 0x0000000084100000| Complete 
|  66|0x0000000084200000, 0x0000000084300000, 0x0000000084300000|100%| O|  |TAMS 0x0000000084300000, 0x0000000084200000| Complete 
|  67|0x0000000084300000, 0x0000000084400000, 0x0000000084400000|100%|HS|  |TAMS 0x0000000084400000, 0x0000000084300000| Complete 
|  68|0x0000000084400000, 0x0000000084500000, 0x0000000084500000|100%|HC|  |TAMS 0x0000000084500000, 0x0000000084400000| Complete 
|  69|0x0000000084500000, 0x0000000084600000, 0x0000000084600000|100%|HC|  |TAMS 0x0000000084600000, 0x0000000084500000| Complete 
|  70|0x0000000084600000, 0x0000000084700000, 0x0000000084700000|100%|HC|  |TAMS 0x0000000084700000, 0x0000000084600000| Complete 
|  71|0x0000000084700000, 0x0000000084800000, 0x0000000084800000|100%|HC|  |TAMS 0x0000000084800000, 0x0000000084700000| Complete 
|  72|0x0000000084800000, 0x0000000084900000, 0x0000000084900000|100%| O|  |TAMS 0x0000000084900000, 0x0000000084800000| Untracked 
|  73|0x0000000084900000, 0x0000000084900000, 0x0000000084a00000|  0%| F|  |TAMS 0x0000000084900000, 0x0000000084900000| Untracked 
|  74|0x0000000084a00000, 0x0000000084b00000, 0x0000000084b00000|100%| O|  |TAMS 0x0000000084b00000, 0x0000000084a00000| Complete 
|  75|0x0000000084b00000, 0x0000000084c00000, 0x0000000084c00000|100%| O|  |TAMS 0x0000000084c00000, 0x0000000084b00000| Complete 
|  76|0x0000000084c00000, 0x0000000084d00000, 0x0000000084d00000|100%| O|  |TAMS 0x0000000084d00000, 0x0000000084c00000| Complete 
|  77|0x0000000084d00000, 0x0000000084e00000, 0x0000000084e00000|100%| O|  |TAMS 0x0000000084e00000, 0x0000000084d00000| Complete 
|  78|0x0000000084e00000, 0x0000000084f00000, 0x0000000084f00000|100%|HS|  |TAMS 0x0000000084f00000, 0x0000000084e00000| Complete 
|  79|0x0000000084f00000, 0x0000000085000000, 0x0000000085000000|100%| O|  |TAMS 0x0000000085000000, 0x0000000084f00000| Untracked 
|  80|0x0000000085000000, 0x0000000085100000, 0x0000000085100000|100%|HS|  |TAMS 0x0000000085100000, 0x0000000085000000| Complete 
|  81|0x0000000085100000, 0x0000000085200000, 0x0000000085200000|100%| O|  |TAMS 0x0000000085200000, 0x0000000085100000| Complete 
|  82|0x0000000085200000, 0x0000000085300000, 0x0000000085300000|100%| O|  |TAMS 0x0000000085300000, 0x0000000085200000| Complete 
|  83|0x0000000085300000, 0x0000000085400000, 0x0000000085400000|100%| O|  |TAMS 0x0000000085400000, 0x0000000085300000| Complete 
|  84|0x0000000085400000, 0x0000000085500000, 0x0000000085500000|100%| O|  |TAMS 0x0000000085500000, 0x0000000085400000| Untracked 
|  85|0x0000000085500000, 0x0000000085600000, 0x0000000085600000|100%| O|  |TAMS 0x0000000085600000, 0x0000000085500000| Untracked 
|  86|0x0000000085600000, 0x0000000085700000, 0x0000000085700000|100%| O|  |TAMS 0x0000000085700000, 0x0000000085600000| Untracked 
|  87|0x0000000085700000, 0x0000000085800000, 0x0000000085800000|100%| O|  |TAMS 0x0000000085800000, 0x0000000085700000| Complete 
|  88|0x0000000085800000, 0x0000000085900000, 0x0000000085900000|100%|HS|  |TAMS 0x0000000085900000, 0x0000000085800000| Complete 
|  89|0x0000000085900000, 0x0000000085a00000, 0x0000000085a00000|100%|HC|  |TAMS 0x0000000085a00000, 0x0000000085900000| Complete 
|  90|0x0000000085a00000, 0x0000000085b00000, 0x0000000085b00000|100%| O|  |TAMS 0x0000000085b00000, 0x0000000085a00000| Untracked 
|  91|0x0000000085b00000, 0x0000000085c00000, 0x0000000085c00000|100%| O|  |TAMS 0x0000000085c00000, 0x0000000085b00000| Complete 
|  92|0x0000000085c00000, 0x0000000085d00000, 0x0000000085d00000|100%| O|  |TAMS 0x0000000085d00000, 0x0000000085c00000| Untracked 
|  93|0x0000000085d00000, 0x0000000085e00000, 0x0000000085e00000|100%| O|  |TAMS 0x0000000085e00000, 0x0000000085d00000| Untracked 
|  94|0x0000000085e00000, 0x0000000085f00000, 0x0000000085f00000|100%| O|  |TAMS 0x0000000085f00000, 0x0000000085e00000| Untracked 
|  95|0x0000000085f00000, 0x0000000086000000, 0x0000000086000000|100%| O|  |TAMS 0x0000000086000000, 0x0000000085f00000| Complete 
|  96|0x0000000086000000, 0x0000000086100000, 0x0000000086100000|100%| O|  |TAMS 0x0000000086100000, 0x0000000086000000| Untracked 
|  97|0x0000000086100000, 0x0000000086200000, 0x0000000086200000|100%| O|  |TAMS 0x0000000086200000, 0x0000000086100000| Untracked 
|  98|0x0000000086200000, 0x0000000086300000, 0x0000000086300000|100%| O|  |TAMS 0x0000000086300000, 0x0000000086200000| Untracked 
|  99|0x0000000086300000, 0x0000000086400000, 0x0000000086400000|100%| O|  |TAMS 0x0000000086400000, 0x0000000086300000| Complete 
| 100|0x0000000086400000, 0x0000000086500000, 0x0000000086500000|100%| O|  |TAMS 0x0000000086500000, 0x0000000086400000| Complete 
| 101|0x0000000086500000, 0x0000000086600000, 0x0000000086600000|100%| O|  |TAMS 0x0000000086600000, 0x0000000086500000| Complete 
| 102|0x0000000086600000, 0x0000000086700000, 0x0000000086700000|100%| O|  |TAMS 0x0000000086700000, 0x0000000086600000| Complete 
| 103|0x0000000086700000, 0x0000000086800000, 0x0000000086800000|100%| O|  |TAMS 0x0000000086800000, 0x0000000086700000| Untracked 
| 104|0x0000000086800000, 0x0000000086900000, 0x0000000086900000|100%| O|  |TAMS 0x0000000086900000, 0x0000000086800000| Complete 
| 105|0x0000000086900000, 0x0000000086a00000, 0x0000000086a00000|100%| O|  |TAMS 0x0000000086a00000, 0x0000000086900000| Untracked 
| 106|0x0000000086a00000, 0x0000000086b00000, 0x0000000086b00000|100%| O|  |TAMS 0x0000000086b00000, 0x0000000086a00000| Complete 
| 107|0x0000000086b00000, 0x0000000086c00000, 0x0000000086c00000|100%| O|  |TAMS 0x0000000086c00000, 0x0000000086b00000| Complete 
| 108|0x0000000086c00000, 0x0000000086d00000, 0x0000000086d00000|100%| O|  |TAMS 0x0000000086d00000, 0x0000000086c00000| Complete 
| 109|0x0000000086d00000, 0x0000000086e00000, 0x0000000086e00000|100%| O|  |TAMS 0x0000000086e00000, 0x0000000086d00000| Untracked 
| 110|0x0000000086e00000, 0x0000000086f00000, 0x0000000086f00000|100%| O|  |TAMS 0x0000000086f00000, 0x0000000086e00000| Untracked 
| 111|0x0000000086f00000, 0x0000000087000000, 0x0000000087000000|100%|HS|  |TAMS 0x0000000087000000, 0x0000000086f00000| Complete 
| 112|0x0000000087000000, 0x0000000087100000, 0x0000000087100000|100%|HC|  |TAMS 0x0000000087100000, 0x0000000087000000| Complete 
| 113|0x0000000087100000, 0x0000000087200000, 0x0000000087200000|100%|HS|  |TAMS 0x0000000087200000, 0x0000000087100000| Complete 
| 114|0x0000000087200000, 0x0000000087300000, 0x0000000087300000|100%|HC|  |TAMS 0x0000000087300000, 0x0000000087200000| Complete 
| 115|0x0000000087300000, 0x0000000087400000, 0x0000000087400000|100%|HC|  |TAMS 0x0000000087400000, 0x0000000087300000| Complete 
| 116|0x0000000087400000, 0x0000000087500000, 0x0000000087500000|100%|HS|  |TAMS 0x0000000087500000, 0x0000000087400000| Complete 
| 117|0x0000000087500000, 0x0000000087600000, 0x0000000087600000|100%|HC|  |TAMS 0x0000000087600000, 0x0000000087500000| Complete 
| 118|0x0000000087600000, 0x0000000087700000, 0x0000000087700000|100%|HC|  |TAMS 0x0000000087700000, 0x0000000087600000| Complete 
| 119|0x0000000087700000, 0x0000000087800000, 0x0000000087800000|100%|HS|  |TAMS 0x0000000087800000, 0x0000000087700000| Complete 
| 120|0x0000000087800000, 0x0000000087900000, 0x0000000087900000|100%|HC|  |TAMS 0x0000000087900000, 0x0000000087800000| Complete 
| 121|0x0000000087900000, 0x0000000087a00000, 0x0000000087a00000|100%|HC|  |TAMS 0x0000000087a00000, 0x0000000087900000| Complete 
| 122|0x0000000087a00000, 0x0000000087b00000, 0x0000000087b00000|100%|HC|  |TAMS 0x0000000087b00000, 0x0000000087a00000| Complete 
| 123|0x0000000087b00000, 0x0000000087c00000, 0x0000000087c00000|100%|HS|  |TAMS 0x0000000087c00000, 0x0000000087b00000| Complete 
| 124|0x0000000087c00000, 0x0000000087d00000, 0x0000000087d00000|100%|HC|  |TAMS 0x0000000087d00000, 0x0000000087c00000| Complete 
| 125|0x0000000087d00000, 0x0000000087e00000, 0x0000000087e00000|100%|HC|  |TAMS 0x0000000087e00000, 0x0000000087d00000| Complete 
| 126|0x0000000087e00000, 0x0000000087f00000, 0x0000000087f00000|100%|HC|  |TAMS 0x0000000087f00000, 0x0000000087e00000| Complete 
| 127|0x0000000087f00000, 0x0000000088000000, 0x0000000088000000|100%|HC|  |TAMS 0x0000000088000000, 0x0000000087f00000| Complete 
| 128|0x0000000088000000, 0x0000000088100000, 0x0000000088100000|100%| O|  |TAMS 0x0000000088100000, 0x0000000088000000| Complete 
| 129|0x0000000088100000, 0x0000000088200000, 0x0000000088200000|100%|HS|  |TAMS 0x0000000088200000, 0x0000000088100000| Complete 
| 130|0x0000000088200000, 0x0000000088300000, 0x0000000088300000|100%| O|  |TAMS 0x0000000088300000, 0x0000000088200000| Untracked 
| 131|0x0000000088300000, 0x0000000088400000, 0x0000000088400000|100%| O|  |TAMS 0x0000000088400000, 0x0000000088300000| Untracked 
| 132|0x0000000088400000, 0x0000000088500000, 0x0000000088500000|100%| O|  |TAMS 0x0000000088500000, 0x0000000088400000| Untracked 
| 133|0x0000000088500000, 0x0000000088500000, 0x0000000088600000|  0%| F|  |TAMS 0x0000000088500000, 0x0000000088500000| Untracked 
| 134|0x0000000088600000, 0x0000000088700000, 0x0000000088700000|100%| O|  |TAMS 0x0000000088700000, 0x0000000088600000| Complete 
| 135|0x0000000088700000, 0x0000000088800000, 0x0000000088800000|100%| O|  |TAMS 0x0000000088800000, 0x0000000088700000| Complete 
| 136|0x0000000088800000, 0x0000000088900000, 0x0000000088900000|100%| O|  |TAMS 0x0000000088900000, 0x0000000088800000| Complete 
| 137|0x0000000088900000, 0x0000000088a00000, 0x0000000088a00000|100%| O|  |TAMS 0x0000000088a00000, 0x0000000088900000| Complete 
| 138|0x0000000088a00000, 0x0000000088b00000, 0x0000000088b00000|100%| O|  |TAMS 0x0000000088b00000, 0x0000000088a00000| Complete 
| 139|0x0000000088b00000, 0x0000000088b00000, 0x0000000088c00000|  0%| F|  |TAMS 0x0000000088b00000, 0x0000000088b00000| Untracked 
| 140|0x0000000088c00000, 0x0000000088d00000, 0x0000000088d00000|100%| O|  |TAMS 0x0000000088d00000, 0x0000000088c00000| Complete 
| 141|0x0000000088d00000, 0x0000000088e00000, 0x0000000088e00000|100%| O|  |TAMS 0x0000000088e00000, 0x0000000088d00000| Complete 
| 142|0x0000000088e00000, 0x0000000088f00000, 0x0000000088f00000|100%| O|  |TAMS 0x0000000088f00000, 0x0000000088e00000| Untracked 
| 143|0x0000000088f00000, 0x0000000089000000, 0x0000000089000000|100%| O|  |TAMS 0x0000000089000000, 0x0000000088f00000| Complete 
| 144|0x0000000089000000, 0x0000000089000000, 0x0000000089100000|  0%| F|  |TAMS 0x0000000089000000, 0x0000000089000000| Untracked 
| 145|0x0000000089100000, 0x0000000089200000, 0x0000000089200000|100%| O|  |TAMS 0x0000000089200000, 0x0000000089100000| Complete 
| 146|0x0000000089200000, 0x0000000089300000, 0x0000000089300000|100%| O|  |TAMS 0x0000000089300000, 0x0000000089200000| Untracked 
| 147|0x0000000089300000, 0x0000000089400000, 0x0000000089400000|100%| O|  |TAMS 0x0000000089400000, 0x0000000089300000| Complete 
| 148|0x0000000089400000, 0x0000000089400000, 0x0000000089500000|  0%| F|  |TAMS 0x0000000089400000, 0x0000000089400000| Untracked 
| 149|0x0000000089500000, 0x0000000089600000, 0x0000000089600000|100%| O|  |TAMS 0x0000000089600000, 0x0000000089500000| Untracked 
| 150|0x0000000089600000, 0x0000000089700000, 0x0000000089700000|100%| O|  |TAMS 0x0000000089700000, 0x0000000089600000| Untracked 
| 151|0x0000000089700000, 0x0000000089800000, 0x0000000089800000|100%| O|  |TAMS 0x0000000089800000, 0x0000000089700000| Complete 
| 152|0x0000000089800000, 0x0000000089900000, 0x0000000089900000|100%| O|  |TAMS 0x0000000089900000, 0x0000000089800000| Untracked 
| 153|0x0000000089900000, 0x0000000089a00000, 0x0000000089a00000|100%| O|  |TAMS 0x0000000089a00000, 0x0000000089900000| Complete 
| 154|0x0000000089a00000, 0x0000000089b00000, 0x0000000089b00000|100%| O|  |TAMS 0x0000000089b00000, 0x0000000089a00000| Untracked 
| 155|0x0000000089b00000, 0x0000000089c00000, 0x0000000089c00000|100%| O|  |TAMS 0x0000000089c00000, 0x0000000089b00000| Untracked 
| 156|0x0000000089c00000, 0x0000000089d00000, 0x0000000089d00000|100%| O|  |TAMS 0x0000000089d00000, 0x0000000089c00000| Complete 
| 157|0x0000000089d00000, 0x0000000089e00000, 0x0000000089e00000|100%| O|  |TAMS 0x0000000089e00000, 0x0000000089d00000| Complete 
| 158|0x0000000089e00000, 0x0000000089f00000, 0x0000000089f00000|100%| O|  |TAMS 0x0000000089f00000, 0x0000000089e00000| Complete 
| 159|0x0000000089f00000, 0x000000008a000000, 0x000000008a000000|100%| O|  |TAMS 0x000000008a000000, 0x0000000089f00000| Untracked 
| 160|0x000000008a000000, 0x000000008a100000, 0x000000008a100000|100%| O|  |TAMS 0x000000008a100000, 0x000000008a000000| Untracked 
| 161|0x000000008a100000, 0x000000008a200000, 0x000000008a200000|100%| O|  |TAMS 0x000000008a200000, 0x000000008a100000| Untracked 
| 162|0x000000008a200000, 0x000000008a300000, 0x000000008a300000|100%| O|  |TAMS 0x000000008a300000, 0x000000008a200000| Untracked 
| 163|0x000000008a300000, 0x000000008a400000, 0x000000008a400000|100%| O|  |TAMS 0x000000008a400000, 0x000000008a300000| Complete 
| 164|0x000000008a400000, 0x000000008a500000, 0x000000008a500000|100%| O|  |TAMS 0x000000008a500000, 0x000000008a400000| Untracked 
| 165|0x000000008a500000, 0x000000008a600000, 0x000000008a600000|100%| O|  |TAMS 0x000000008a600000, 0x000000008a500000| Untracked 
| 166|0x000000008a600000, 0x000000008a700000, 0x000000008a700000|100%| O|  |TAMS 0x000000008a700000, 0x000000008a600000| Untracked 
| 167|0x000000008a700000, 0x000000008a800000, 0x000000008a800000|100%| O|  |TAMS 0x000000008a800000, 0x000000008a700000| Untracked 
| 168|0x000000008a800000, 0x000000008a900000, 0x000000008a900000|100%| O|  |TAMS 0x000000008a900000, 0x000000008a800000| Complete 
| 169|0x000000008a900000, 0x000000008a900000, 0x000000008aa00000|  0%| F|  |TAMS 0x000000008a900000, 0x000000008a900000| Untracked 
| 170|0x000000008aa00000, 0x000000008aa00000, 0x000000008ab00000|  0%| F|  |TAMS 0x000000008aa00000, 0x000000008aa00000| Untracked 
| 171|0x000000008ab00000, 0x000000008ab00000, 0x000000008ac00000|  0%| F|  |TAMS 0x000000008ab00000, 0x000000008ab00000| Untracked 
| 172|0x000000008ac00000, 0x000000008ad00000, 0x000000008ad00000|100%| O|  |TAMS 0x000000008ad00000, 0x000000008ac00000| Complete 
| 173|0x000000008ad00000, 0x000000008ad1c600, 0x000000008ae00000| 11%| O|  |TAMS 0x000000008ad1c600, 0x000000008ad00000| Untracked 
| 174|0x000000008ae00000, 0x000000008af00000, 0x000000008af00000|100%| O|  |TAMS 0x000000008af00000, 0x000000008ae00000| Untracked 
| 175|0x000000008af00000, 0x000000008b000000, 0x000000008b000000|100%| O|  |TAMS 0x000000008b000000, 0x000000008af00000| Untracked 
| 176|0x000000008b000000, 0x000000008b000000, 0x000000008b100000|  0%| F|  |TAMS 0x000000008b000000, 0x000000008b000000| Untracked 
| 177|0x000000008b100000, 0x000000008b200000, 0x000000008b200000|100%| O|  |TAMS 0x000000008b200000, 0x000000008b100000| Untracked 
| 178|0x000000008b200000, 0x000000008b300000, 0x000000008b300000|100%| O|  |TAMS 0x000000008b300000, 0x000000008b200000| Complete 
| 179|0x000000008b300000, 0x000000008b300000, 0x000000008b400000|  0%| F|  |TAMS 0x000000008b300000, 0x000000008b300000| Untracked 
| 180|0x000000008b400000, 0x000000008b400000, 0x000000008b500000|  0%| F|  |TAMS 0x000000008b400000, 0x000000008b400000| Untracked 
| 181|0x000000008b500000, 0x000000008b600000, 0x000000008b600000|100%| O|  |TAMS 0x000000008b600000, 0x000000008b500000| Untracked 
| 182|0x000000008b600000, 0x000000008b700000, 0x000000008b700000|100%| O|  |TAMS 0x000000008b700000, 0x000000008b600000| Untracked 
| 183|0x000000008b700000, 0x000000008b800000, 0x000000008b800000|100%| O|  |TAMS 0x000000008b800000, 0x000000008b700000| Complete 
| 184|0x000000008b800000, 0x000000008b800000, 0x000000008b900000|  0%| F|  |TAMS 0x000000008b800000, 0x000000008b800000| Untracked 
| 185|0x000000008b900000, 0x000000008b900000, 0x000000008ba00000|  0%| F|  |TAMS 0x000000008b900000, 0x000000008b900000| Untracked 
| 186|0x000000008ba00000, 0x000000008bb00000, 0x000000008bb00000|100%| O|  |TAMS 0x000000008bb00000, 0x000000008ba00000| Untracked 
| 187|0x000000008bb00000, 0x000000008bc00000, 0x000000008bc00000|100%| O|  |TAMS 0x000000008bc00000, 0x000000008bb00000| Untracked 
| 188|0x000000008bc00000, 0x000000008bd00000, 0x000000008bd00000|100%| O|  |TAMS 0x000000008bd00000, 0x000000008bc00000| Untracked 
| 189|0x000000008bd00000, 0x000000008be00000, 0x000000008be00000|100%| O|  |TAMS 0x000000008be00000, 0x000000008bd00000| Untracked 
| 190|0x000000008be00000, 0x000000008bf00000, 0x000000008bf00000|100%| O|  |TAMS 0x000000008bf00000, 0x000000008be00000| Complete 
| 191|0x000000008bf00000, 0x000000008c000000, 0x000000008c000000|100%| O|  |TAMS 0x000000008c000000, 0x000000008bf00000| Complete 
| 192|0x000000008c000000, 0x000000008c100000, 0x000000008c100000|100%| O|  |TAMS 0x000000008c100000, 0x000000008c000000| Complete 
| 193|0x000000008c100000, 0x000000008c200000, 0x000000008c200000|100%| O|  |TAMS 0x000000008c200000, 0x000000008c100000| Complete 
| 194|0x000000008c200000, 0x000000008c300000, 0x000000008c300000|100%| O|  |TAMS 0x000000008c300000, 0x000000008c200000| Complete 
| 195|0x000000008c300000, 0x000000008c400000, 0x000000008c400000|100%| O|  |TAMS 0x000000008c400000, 0x000000008c300000| Untracked 
| 196|0x000000008c400000, 0x000000008c500000, 0x000000008c500000|100%| O|  |TAMS 0x000000008c500000, 0x000000008c400000| Untracked 
| 197|0x000000008c500000, 0x000000008c600000, 0x000000008c600000|100%| O|  |TAMS 0x000000008c600000, 0x000000008c500000| Untracked 
| 198|0x000000008c600000, 0x000000008c700000, 0x000000008c700000|100%| O|  |TAMS 0x000000008c700000, 0x000000008c600000| Untracked 
| 199|0x000000008c700000, 0x000000008c800000, 0x000000008c800000|100%| O|  |TAMS 0x000000008c800000, 0x000000008c700000| Untracked 
| 200|0x000000008c800000, 0x000000008c800000, 0x000000008c900000|  0%| F|  |TAMS 0x000000008c800000, 0x000000008c800000| Untracked 
| 201|0x000000008c900000, 0x000000008ca00000, 0x000000008ca00000|100%| O|  |TAMS 0x000000008ca00000, 0x000000008c900000| Untracked 
| 202|0x000000008ca00000, 0x000000008ca00000, 0x000000008cb00000|  0%| F|  |TAMS 0x000000008ca00000, 0x000000008ca00000| Untracked 
| 203|0x000000008cb00000, 0x000000008cb00000, 0x000000008cc00000|  0%| F|  |TAMS 0x000000008cb00000, 0x000000008cb00000| Untracked 
| 204|0x000000008cc00000, 0x000000008cd00000, 0x000000008cd00000|100%| O|  |TAMS 0x000000008cd00000, 0x000000008cc00000| Complete 
| 205|0x000000008cd00000, 0x000000008cd00000, 0x000000008ce00000|  0%| F|  |TAMS 0x000000008cd00000, 0x000000008cd00000| Untracked 
| 206|0x000000008ce00000, 0x000000008ce00000, 0x000000008cf00000|  0%| F|  |TAMS 0x000000008ce00000, 0x000000008ce00000| Untracked 
| 207|0x000000008cf00000, 0x000000008cf00000, 0x000000008d000000|  0%| F|  |TAMS 0x000000008cf00000, 0x000000008cf00000| Untracked 
| 208|0x000000008d000000, 0x000000008d000000, 0x000000008d100000|  0%| F|  |TAMS 0x000000008d000000, 0x000000008d000000| Untracked 
| 209|0x000000008d100000, 0x000000008d100000, 0x000000008d200000|  0%| F|  |TAMS 0x000000008d100000, 0x000000008d100000| Untracked 
| 210|0x000000008d200000, 0x000000008d200000, 0x000000008d300000|  0%| F|  |TAMS 0x000000008d200000, 0x000000008d200000| Untracked 
| 211|0x000000008d300000, 0x000000008d300000, 0x000000008d400000|  0%| F|  |TAMS 0x000000008d300000, 0x000000008d300000| Untracked 
| 212|0x000000008d400000, 0x000000008d400000, 0x000000008d500000|  0%| F|  |TAMS 0x000000008d400000, 0x000000008d400000| Untracked 
| 213|0x000000008d500000, 0x000000008d500000, 0x000000008d600000|  0%| F|  |TAMS 0x000000008d500000, 0x000000008d500000| Untracked 
| 214|0x000000008d600000, 0x000000008d600000, 0x000000008d700000|  0%| F|  |TAMS 0x000000008d600000, 0x000000008d600000| Untracked 
| 215|0x000000008d700000, 0x000000008d700000, 0x000000008d800000|  0%| F|  |TAMS 0x000000008d700000, 0x000000008d700000| Untracked 
| 216|0x000000008d800000, 0x000000008d800000, 0x000000008d900000|  0%| F|  |TAMS 0x000000008d800000, 0x000000008d800000| Untracked 
| 217|0x000000008d900000, 0x000000008d900000, 0x000000008da00000|  0%| F|  |TAMS 0x000000008d900000, 0x000000008d900000| Untracked 
| 218|0x000000008da00000, 0x000000008da00000, 0x000000008db00000|  0%| F|  |TAMS 0x000000008da00000, 0x000000008da00000| Untracked 
| 219|0x000000008db00000, 0x000000008dc00000, 0x000000008dc00000|100%| O|  |TAMS 0x000000008dc00000, 0x000000008db00000| Complete 
| 220|0x000000008dc00000, 0x000000008dc00000, 0x000000008dd00000|  0%| F|  |TAMS 0x000000008dc00000, 0x000000008dc00000| Untracked 
| 221|0x000000008dd00000, 0x000000008dd00000, 0x000000008de00000|  0%| F|  |TAMS 0x000000008dd00000, 0x000000008dd00000| Untracked 
| 222|0x000000008de00000, 0x000000008de00000, 0x000000008df00000|  0%| F|  |TAMS 0x000000008de00000, 0x000000008de00000| Untracked 
| 223|0x000000008df00000, 0x000000008e000000, 0x000000008e000000|100%| O|  |TAMS 0x000000008e000000, 0x000000008df00000| Untracked 
| 224|0x000000008e000000, 0x000000008e000000, 0x000000008e100000|  0%| F|  |TAMS 0x000000008e000000, 0x000000008e000000| Untracked 
| 225|0x000000008e100000, 0x000000008e100000, 0x000000008e200000|  0%| F|  |TAMS 0x000000008e100000, 0x000000008e100000| Untracked 
| 226|0x000000008e200000, 0x000000008e200000, 0x000000008e300000|  0%| F|  |TAMS 0x000000008e200000, 0x000000008e200000| Untracked 
| 227|0x000000008e300000, 0x000000008e300000, 0x000000008e400000|  0%| F|  |TAMS 0x000000008e300000, 0x000000008e300000| Untracked 
| 228|0x000000008e400000, 0x000000008e500000, 0x000000008e500000|100%| O|  |TAMS 0x000000008e500000, 0x000000008e400000| Untracked 
| 229|0x000000008e500000, 0x000000008e600000, 0x000000008e600000|100%| O|  |TAMS 0x000000008e600000, 0x000000008e500000| Untracked 
| 230|0x000000008e600000, 0x000000008e700000, 0x000000008e700000|100%| O|  |TAMS 0x000000008e700000, 0x000000008e600000| Untracked 
| 231|0x000000008e700000, 0x000000008e800000, 0x000000008e800000|100%| O|  |TAMS 0x000000008e800000, 0x000000008e700000| Complete 
| 232|0x000000008e800000, 0x000000008e900000, 0x000000008e900000|100%| O|  |TAMS 0x000000008e900000, 0x000000008e800000| Untracked 
| 233|0x000000008e900000, 0x000000008ea00000, 0x000000008ea00000|100%| O|  |TAMS 0x000000008ea00000, 0x000000008e900000| Complete 
| 234|0x000000008ea00000, 0x000000008eb00000, 0x000000008eb00000|100%| O|  |TAMS 0x000000008eb00000, 0x000000008ea00000| Complete 
| 235|0x000000008eb00000, 0x000000008ec00000, 0x000000008ec00000|100%| O|  |TAMS 0x000000008ec00000, 0x000000008eb00000| Complete 
| 236|0x000000008ec00000, 0x000000008ec00000, 0x000000008ed00000|  0%| F|  |TAMS 0x000000008ec00000, 0x000000008ec00000| Untracked 
| 237|0x000000008ed00000, 0x000000008ee00000, 0x000000008ee00000|100%| O|  |TAMS 0x000000008ee00000, 0x000000008ed00000| Untracked 
| 238|0x000000008ee00000, 0x000000008ef00000, 0x000000008ef00000|100%| O|  |TAMS 0x000000008ef00000, 0x000000008ee00000| Untracked 
| 239|0x000000008ef00000, 0x000000008ef00000, 0x000000008f000000|  0%| F|  |TAMS 0x000000008ef00000, 0x000000008ef00000| Untracked 
| 240|0x000000008f000000, 0x000000008f000000, 0x000000008f100000|  0%| F|  |TAMS 0x000000008f000000, 0x000000008f000000| Untracked 
| 241|0x000000008f100000, 0x000000008f100000, 0x000000008f200000|  0%| F|  |TAMS 0x000000008f100000, 0x000000008f100000| Untracked 
| 242|0x000000008f200000, 0x000000008f200000, 0x000000008f300000|  0%| F|  |TAMS 0x000000008f200000, 0x000000008f200000| Untracked 
| 243|0x000000008f300000, 0x000000008f300000, 0x000000008f400000|  0%| F|  |TAMS 0x000000008f300000, 0x000000008f300000| Untracked 
| 244|0x000000008f400000, 0x000000008f400000, 0x000000008f500000|  0%| F|  |TAMS 0x000000008f400000, 0x000000008f400000| Untracked 
| 245|0x000000008f500000, 0x000000008f500000, 0x000000008f600000|  0%| F|  |TAMS 0x000000008f500000, 0x000000008f500000| Untracked 
| 246|0x000000008f600000, 0x000000008f600000, 0x000000008f700000|  0%| F|  |TAMS 0x000000008f600000, 0x000000008f600000| Untracked 
| 247|0x000000008f700000, 0x000000008f700000, 0x000000008f800000|  0%| F|  |TAMS 0x000000008f700000, 0x000000008f700000| Untracked 
| 248|0x000000008f800000, 0x000000008f800000, 0x000000008f900000|  0%| F|  |TAMS 0x000000008f800000, 0x000000008f800000| Untracked 
| 249|0x000000008f900000, 0x000000008f900000, 0x000000008fa00000|  0%| F|  |TAMS 0x000000008f900000, 0x000000008f900000| Untracked 
| 250|0x000000008fa00000, 0x000000008fa00000, 0x000000008fb00000|  0%| F|  |TAMS 0x000000008fa00000, 0x000000008fa00000| Untracked 
| 251|0x000000008fb00000, 0x000000008fb00000, 0x000000008fc00000|  0%| F|  |TAMS 0x000000008fb00000, 0x000000008fb00000| Untracked 
| 252|0x000000008fc00000, 0x000000008fc00000, 0x000000008fd00000|  0%| F|  |TAMS 0x000000008fc00000, 0x000000008fc00000| Untracked 
| 253|0x000000008fd00000, 0x000000008fd00000, 0x000000008fe00000|  0%| F|  |TAMS 0x000000008fd00000, 0x000000008fd00000| Untracked 
| 254|0x000000008fe00000, 0x000000008fe00000, 0x000000008ff00000|  0%| F|  |TAMS 0x000000008fe00000, 0x000000008fe00000| Untracked 
| 255|0x000000008ff00000, 0x000000008ff00000, 0x0000000090000000|  0%| F|  |TAMS 0x000000008ff00000, 0x000000008ff00000| Untracked 
| 256|0x0000000090000000, 0x0000000090000000, 0x0000000090100000|  0%| F|  |TAMS 0x0000000090000000, 0x0000000090000000| Untracked 
| 257|0x0000000090100000, 0x0000000090100000, 0x0000000090200000|  0%| F|  |TAMS 0x0000000090100000, 0x0000000090100000| Untracked 
| 258|0x0000000090200000, 0x0000000090200000, 0x0000000090300000|  0%| F|  |TAMS 0x0000000090200000, 0x0000000090200000| Untracked 
| 259|0x0000000090300000, 0x0000000090300000, 0x0000000090400000|  0%| F|  |TAMS 0x0000000090300000, 0x0000000090300000| Untracked 
| 260|0x0000000090400000, 0x0000000090400000, 0x0000000090500000|  0%| F|  |TAMS 0x0000000090400000, 0x0000000090400000| Untracked 
| 261|0x0000000090500000, 0x0000000090500000, 0x0000000090600000|  0%| F|  |TAMS 0x0000000090500000, 0x0000000090500000| Untracked 
| 262|0x0000000090600000, 0x0000000090600000, 0x0000000090700000|  0%| F|  |TAMS 0x0000000090600000, 0x0000000090600000| Untracked 
| 263|0x0000000090700000, 0x0000000090700000, 0x0000000090800000|  0%| F|  |TAMS 0x0000000090700000, 0x0000000090700000| Untracked 
| 264|0x0000000090800000, 0x0000000090800000, 0x0000000090900000|  0%| F|  |TAMS 0x0000000090800000, 0x0000000090800000| Untracked 
| 265|0x0000000090900000, 0x0000000090900000, 0x0000000090a00000|  0%| F|  |TAMS 0x0000000090900000, 0x0000000090900000| Untracked 
| 266|0x0000000090a00000, 0x0000000090a00000, 0x0000000090b00000|  0%| F|  |TAMS 0x0000000090a00000, 0x0000000090a00000| Untracked 
| 267|0x0000000090b00000, 0x0000000090b00000, 0x0000000090c00000|  0%| F|  |TAMS 0x0000000090b00000, 0x0000000090b00000| Untracked 
| 268|0x0000000090c00000, 0x0000000090c00000, 0x0000000090d00000|  0%| F|  |TAMS 0x0000000090c00000, 0x0000000090c00000| Untracked 
| 269|0x0000000090d00000, 0x0000000090d00000, 0x0000000090e00000|  0%| F|  |TAMS 0x0000000090d00000, 0x0000000090d00000| Untracked 
| 270|0x0000000090e00000, 0x0000000090e00000, 0x0000000090f00000|  0%| F|  |TAMS 0x0000000090e00000, 0x0000000090e00000| Untracked 
| 271|0x0000000090f00000, 0x0000000090f00000, 0x0000000091000000|  0%| F|  |TAMS 0x0000000090f00000, 0x0000000090f00000| Untracked 
| 272|0x0000000091000000, 0x0000000091000000, 0x0000000091100000|  0%| F|  |TAMS 0x0000000091000000, 0x0000000091000000| Untracked 
| 273|0x0000000091100000, 0x0000000091100000, 0x0000000091200000|  0%| F|  |TAMS 0x0000000091100000, 0x0000000091100000| Untracked 
| 274|0x0000000091200000, 0x0000000091200000, 0x0000000091300000|  0%| F|  |TAMS 0x0000000091200000, 0x0000000091200000| Untracked 
| 275|0x0000000091300000, 0x0000000091300000, 0x0000000091400000|  0%| F|  |TAMS 0x0000000091300000, 0x0000000091300000| Untracked 
| 276|0x0000000091400000, 0x0000000091400000, 0x0000000091500000|  0%| F|  |TAMS 0x0000000091400000, 0x0000000091400000| Untracked 
| 277|0x0000000091500000, 0x0000000091500000, 0x0000000091600000|  0%| F|  |TAMS 0x0000000091500000, 0x0000000091500000| Untracked 
| 278|0x0000000091600000, 0x0000000091600000, 0x0000000091700000|  0%| F|  |TAMS 0x0000000091600000, 0x0000000091600000| Untracked 
| 279|0x0000000091700000, 0x0000000091700000, 0x0000000091800000|  0%| F|  |TAMS 0x0000000091700000, 0x0000000091700000| Untracked 
| 280|0x0000000091800000, 0x0000000091800000, 0x0000000091900000|  0%| F|  |TAMS 0x0000000091800000, 0x0000000091800000| Untracked 
| 281|0x0000000091900000, 0x0000000091900000, 0x0000000091a00000|  0%| F|  |TAMS 0x0000000091900000, 0x0000000091900000| Untracked 
| 282|0x0000000091a00000, 0x0000000091a00000, 0x0000000091b00000|  0%| F|  |TAMS 0x0000000091a00000, 0x0000000091a00000| Untracked 
| 283|0x0000000091b00000, 0x0000000091b00000, 0x0000000091c00000|  0%| F|  |TAMS 0x0000000091b00000, 0x0000000091b00000| Untracked 
| 284|0x0000000091c00000, 0x0000000091c00000, 0x0000000091d00000|  0%| F|  |TAMS 0x0000000091c00000, 0x0000000091c00000| Untracked 
| 285|0x0000000091d00000, 0x0000000091d00000, 0x0000000091e00000|  0%| F|  |TAMS 0x0000000091d00000, 0x0000000091d00000| Untracked 
| 286|0x0000000091e00000, 0x0000000091e00000, 0x0000000091f00000|  0%| F|  |TAMS 0x0000000091e00000, 0x0000000091e00000| Untracked 
| 287|0x0000000091f00000, 0x0000000091f00000, 0x0000000092000000|  0%| F|  |TAMS 0x0000000091f00000, 0x0000000091f00000| Untracked 
| 288|0x0000000092000000, 0x0000000092000000, 0x0000000092100000|  0%| F|  |TAMS 0x0000000092000000, 0x0000000092000000| Untracked 
| 289|0x0000000092100000, 0x0000000092100000, 0x0000000092200000|  0%| F|  |TAMS 0x0000000092100000, 0x0000000092100000| Untracked 
| 290|0x0000000092200000, 0x0000000092292200, 0x0000000092300000| 57%| S|CS|TAMS 0x0000000092200000, 0x0000000092200000| Complete 
| 291|0x0000000092300000, 0x0000000092400000, 0x0000000092400000|100%| S|CS|TAMS 0x0000000092300000, 0x0000000092300000| Complete 
| 292|0x0000000092400000, 0x0000000092500000, 0x0000000092500000|100%| S|CS|TAMS 0x0000000092400000, 0x0000000092400000| Complete 
| 293|0x0000000092500000, 0x0000000092500000, 0x0000000092600000|  0%| F|  |TAMS 0x0000000092500000, 0x0000000092500000| Untracked 
| 294|0x0000000092600000, 0x0000000092600000, 0x0000000092700000|  0%| F|  |TAMS 0x0000000092600000, 0x0000000092600000| Untracked 
| 295|0x0000000092700000, 0x0000000092700000, 0x0000000092800000|  0%| F|  |TAMS 0x0000000092700000, 0x0000000092700000| Untracked 
| 296|0x0000000092800000, 0x0000000092800000, 0x0000000092900000|  0%| F|  |TAMS 0x0000000092800000, 0x0000000092800000| Untracked 
| 297|0x0000000092900000, 0x0000000092900000, 0x0000000092a00000|  0%| F|  |TAMS 0x0000000092900000, 0x0000000092900000| Untracked 
| 298|0x0000000092a00000, 0x0000000092a00000, 0x0000000092b00000|  0%| F|  |TAMS 0x0000000092a00000, 0x0000000092a00000| Untracked 
| 299|0x0000000092b00000, 0x0000000092b00000, 0x0000000092c00000|  0%| F|  |TAMS 0x0000000092b00000, 0x0000000092b00000| Untracked 
| 300|0x0000000092c00000, 0x0000000092c00000, 0x0000000092d00000|  0%| F|  |TAMS 0x0000000092c00000, 0x0000000092c00000| Untracked 
| 301|0x0000000092d00000, 0x0000000092d00000, 0x0000000092e00000|  0%| F|  |TAMS 0x0000000092d00000, 0x0000000092d00000| Untracked 
| 302|0x0000000092e00000, 0x0000000092e00000, 0x0000000092f00000|  0%| F|  |TAMS 0x0000000092e00000, 0x0000000092e00000| Untracked 
| 303|0x0000000092f00000, 0x0000000092f00000, 0x0000000093000000|  0%| F|  |TAMS 0x0000000092f00000, 0x0000000092f00000| Untracked 
| 304|0x0000000093000000, 0x0000000093000000, 0x0000000093100000|  0%| F|  |TAMS 0x0000000093000000, 0x0000000093000000| Untracked 
| 305|0x0000000093100000, 0x0000000093100000, 0x0000000093200000|  0%| F|  |TAMS 0x0000000093100000, 0x0000000093100000| Untracked 
| 306|0x0000000093200000, 0x0000000093200000, 0x0000000093300000|  0%| F|  |TAMS 0x0000000093200000, 0x0000000093200000| Untracked 
| 307|0x0000000093300000, 0x0000000093300000, 0x0000000093400000|  0%| F|  |TAMS 0x0000000093300000, 0x0000000093300000| Untracked 
| 308|0x0000000093400000, 0x0000000093400000, 0x0000000093500000|  0%| F|  |TAMS 0x0000000093400000, 0x0000000093400000| Untracked 
| 309|0x0000000093500000, 0x0000000093500000, 0x0000000093600000|  0%| F|  |TAMS 0x0000000093500000, 0x0000000093500000| Untracked 
| 310|0x0000000093600000, 0x0000000093600000, 0x0000000093700000|  0%| F|  |TAMS 0x0000000093600000, 0x0000000093600000| Untracked 
| 311|0x0000000093700000, 0x0000000093700000, 0x0000000093800000|  0%| F|  |TAMS 0x0000000093700000, 0x0000000093700000| Untracked 
| 312|0x0000000093800000, 0x0000000093800000, 0x0000000093900000|  0%| F|  |TAMS 0x0000000093800000, 0x0000000093800000| Untracked 
| 313|0x0000000093900000, 0x0000000093900000, 0x0000000093a00000|  0%| F|  |TAMS 0x0000000093900000, 0x0000000093900000| Untracked 
| 314|0x0000000093a00000, 0x0000000093a00000, 0x0000000093b00000|  0%| F|  |TAMS 0x0000000093a00000, 0x0000000093a00000| Untracked 
| 315|0x0000000093b00000, 0x0000000093b00000, 0x0000000093c00000|  0%| F|  |TAMS 0x0000000093b00000, 0x0000000093b00000| Untracked 
| 316|0x0000000093c00000, 0x0000000093c00000, 0x0000000093d00000|  0%| F|  |TAMS 0x0000000093c00000, 0x0000000093c00000| Untracked 
| 317|0x0000000093d00000, 0x0000000093d00000, 0x0000000093e00000|  0%| F|  |TAMS 0x0000000093d00000, 0x0000000093d00000| Untracked 
| 318|0x0000000093e00000, 0x0000000093e00000, 0x0000000093f00000|  0%| F|  |TAMS 0x0000000093e00000, 0x0000000093e00000| Untracked 
| 319|0x0000000093f00000, 0x0000000093f00000, 0x0000000094000000|  0%| F|  |TAMS 0x0000000093f00000, 0x0000000093f00000| Untracked 
| 320|0x0000000094000000, 0x0000000094000000, 0x0000000094100000|  0%| F|  |TAMS 0x0000000094000000, 0x0000000094000000| Untracked 
| 321|0x0000000094100000, 0x0000000094100000, 0x0000000094200000|  0%| F|  |TAMS 0x0000000094100000, 0x0000000094100000| Untracked 
| 322|0x0000000094200000, 0x0000000094200000, 0x0000000094300000|  0%| F|  |TAMS 0x0000000094200000, 0x0000000094200000| Untracked 
| 323|0x0000000094300000, 0x0000000094300000, 0x0000000094400000|  0%| F|  |TAMS 0x0000000094300000, 0x0000000094300000| Untracked 
| 324|0x0000000094400000, 0x0000000094400000, 0x0000000094500000|  0%| F|  |TAMS 0x0000000094400000, 0x0000000094400000| Untracked 
| 325|0x0000000094500000, 0x0000000094500000, 0x0000000094600000|  0%| F|  |TAMS 0x0000000094500000, 0x0000000094500000| Untracked 
| 326|0x0000000094600000, 0x0000000094600000, 0x0000000094700000|  0%| F|  |TAMS 0x0000000094600000, 0x0000000094600000| Untracked 
| 327|0x0000000094700000, 0x0000000094700000, 0x0000000094800000|  0%| F|  |TAMS 0x0000000094700000, 0x0000000094700000| Untracked 
| 328|0x0000000094800000, 0x0000000094800000, 0x0000000094900000|  0%| F|  |TAMS 0x0000000094800000, 0x0000000094800000| Untracked 
| 329|0x0000000094900000, 0x0000000094900000, 0x0000000094a00000|  0%| F|  |TAMS 0x0000000094900000, 0x0000000094900000| Untracked 
| 330|0x0000000094a00000, 0x0000000094a00000, 0x0000000094b00000|  0%| F|  |TAMS 0x0000000094a00000, 0x0000000094a00000| Untracked 
| 331|0x0000000094b00000, 0x0000000094b00000, 0x0000000094c00000|  0%| F|  |TAMS 0x0000000094b00000, 0x0000000094b00000| Untracked 
| 332|0x0000000094c00000, 0x0000000094c00000, 0x0000000094d00000|  0%| F|  |TAMS 0x0000000094c00000, 0x0000000094c00000| Untracked 
| 333|0x0000000094d00000, 0x0000000094d00000, 0x0000000094e00000|  0%| F|  |TAMS 0x0000000094d00000, 0x0000000094d00000| Untracked 
| 334|0x0000000094e00000, 0x0000000094e00000, 0x0000000094f00000|  0%| F|  |TAMS 0x0000000094e00000, 0x0000000094e00000| Untracked 
| 335|0x0000000094f00000, 0x0000000094f00000, 0x0000000095000000|  0%| F|  |TAMS 0x0000000094f00000, 0x0000000094f00000| Untracked 
| 336|0x0000000095000000, 0x0000000095000000, 0x0000000095100000|  0%| F|  |TAMS 0x0000000095000000, 0x0000000095000000| Untracked 
| 337|0x0000000095100000, 0x0000000095100000, 0x0000000095200000|  0%| F|  |TAMS 0x0000000095100000, 0x0000000095100000| Untracked 
| 338|0x0000000095200000, 0x0000000095200000, 0x0000000095300000|  0%| F|  |TAMS 0x0000000095200000, 0x0000000095200000| Untracked 
| 339|0x0000000095300000, 0x0000000095300000, 0x0000000095400000|  0%| F|  |TAMS 0x0000000095300000, 0x0000000095300000| Untracked 
| 340|0x0000000095400000, 0x0000000095400000, 0x0000000095500000|  0%| F|  |TAMS 0x0000000095400000, 0x0000000095400000| Untracked 
| 341|0x0000000095500000, 0x0000000095500000, 0x0000000095600000|  0%| F|  |TAMS 0x0000000095500000, 0x0000000095500000| Untracked 
| 342|0x0000000095600000, 0x0000000095600000, 0x0000000095700000|  0%| F|  |TAMS 0x0000000095600000, 0x0000000095600000| Untracked 
| 343|0x0000000095700000, 0x0000000095700000, 0x0000000095800000|  0%| F|  |TAMS 0x0000000095700000, 0x0000000095700000| Untracked 
| 344|0x0000000095800000, 0x0000000095800000, 0x0000000095900000|  0%| F|  |TAMS 0x0000000095800000, 0x0000000095800000| Untracked 

Card table byte_map: [0x0000025f7b4a0000,0x0000025f7b8a0000] _byte_map_base: 0x0000025f7b0a0000

Marking Bits (Prev, Next): (CMBitMap*) 0x0000025f685be198, (CMBitMap*) 0x0000025f685be1d0
 Prev Bits: [0x0000025f7bca0000, 0x0000025f7dca0000)
 Next Bits: [0x0000025f7dca0000, 0x0000025f7fca0000)

Polling page: 0x0000025f66390000

Metaspace:

Usage:
  Non-class:    135.20 MB capacity,   132.31 MB ( 98%) used,     2.40 MB (  2%) free+waste,   500.13 KB ( <1%) overhead. 
      Class:     20.23 MB capacity,    18.67 MB ( 92%) used,     1.34 MB (  7%) free+waste,   224.06 KB (  1%) overhead. 
       Both:    155.43 MB capacity,   150.99 MB ( 97%) used,     3.74 MB (  2%) free+waste,   724.19 KB ( <1%) overhead. 

Virtual space:
  Non-class space:      136.00 MB reserved,     135.42 MB (>99%) committed 
      Class space:        1.00 GB reserved,      20.32 MB (  2%) committed 
             Both:        1.13 GB reserved,     155.75 MB ( 13%) committed 

Chunk freelists:
   Non-Class:  33.00 KB
       Class:  87.00 KB
        Both:  120.00 KB

MaxMetaspaceSize: 17179869184.00 GB
CompressedClassSpaceSize: 1.00 GB
Initial GC threshold: 20.80 MB
Current GC threshold: 258.33 MB
CDS: off

CodeHeap 'non-profiled nmethods': size=120064Kb used=15312Kb max_used=15885Kb free=104751Kb
 bounds [0x0000025f73b60000, 0x0000025f74af0000, 0x0000025f7b0a0000]
CodeHeap 'profiled nmethods': size=120000Kb used=46376Kb max_used=48505Kb free=73623Kb
 bounds [0x0000025f6c630000, 0x0000025f6f5a0000, 0x0000025f73b60000]
CodeHeap 'non-nmethods': size=5696Kb used=2516Kb max_used=2562Kb free=3179Kb
 bounds [0x0000025f6c0a0000, 0x0000025f6c330000, 0x0000025f6c630000]
 total_blobs=22154 nmethods=21095 adapters=970
 compilation: enabled
              stopped_count=0, restarted_count=0
 full_count=0

Compilation events (20 events):
Event: 2860.263 Thread 0x0000025f021ee000 24092       3       java.lang.Character::toString (5 bytes)
Event: 2860.264 Thread 0x0000025f021ee000 nmethod 24092 0x0000025f6d0cef10 code [0x0000025f6d0cf0c0, 0x0000025f6d0cf1c8]
Event: 2860.321 Thread 0x0000025f021e5000 24093       4       java.nio.Buffer::<init> (99 bytes)
Event: 2860.323 Thread 0x0000025f021e5000 nmethod 24093 0x0000025f73e7ae10 code [0x0000025f73e7afa0, 0x0000025f73e7b098]
Event: 2860.343 Thread 0x0000025f021ee000 24094       3       com.android.tools.build.apkzlib.zip.ZFileOptions$$Lambda$2348/0x000000010123f840::get (4 bytes)
Event: 2860.344 Thread 0x0000025f021ee000 nmethod 24094 0x0000025f6ca48c10 code [0x0000025f6ca48de0, 0x0000025f6ca49058]
Event: 2860.344 Thread 0x0000025f021ee000 24097   !   3       com.android.tools.build.apkzlib.zip.EncodeUtils::decode (52 bytes)
Event: 2860.346 Thread 0x0000025f021ee000 nmethod 24097 0x0000025f6dd07790 code [0x0000025f6dd07b20, 0x0000025f6dd09398]
Event: 2860.346 Thread 0x0000025f021ee000 24095       3       com.android.tools.build.apkzlib.zip.VerifyLogs::devNull (8 bytes)
Event: 2860.346 Thread 0x0000025f021ee000 nmethod 24095 0x0000025f6cd56d90 code [0x0000025f6cd56f40, 0x0000025f6cd57138]
Event: 2860.346 Thread 0x0000025f021ee000 24096       3       com.google.common.util.concurrent.ImmediateFuture::<init> (10 bytes)
Event: 2860.346 Thread 0x0000025f021ee000 nmethod 24096 0x0000025f6cb2ae10 code [0x0000025f6cb2afc0, 0x0000025f6cb2b178]
Event: 2860.354 Thread 0x0000025f021ee000 24098       3       com.android.tools.build.apkzlib.zip.ZipField::verify (8 bytes)
Event: 2860.355 Thread 0x0000025f021ee000 nmethod 24098 0x0000025f6cb5a010 code [0x0000025f6cb5a1c0, 0x0000025f6cb5a368]
Event: 2860.355 Thread 0x0000025f021ee000 24099   !   3       com.android.tools.build.apkzlib.zip.StoredEntry::createSourceFromZip (62 bytes)
Event: 2860.356 Thread 0x0000025f021ee000 nmethod 24099 0x0000025f6cd0a890 code [0x0000025f6cd0aae0, 0x0000025f6cd0b2b8]
Event: 2860.356 Thread 0x0000025f021ee000 24100       3       com.android.tools.build.apkzlib.zip.StoredEntry$1::<init> (20 bytes)
Event: 2860.356 Thread 0x0000025f021ee000 nmethod 24100 0x0000025f6d192a90 code [0x0000025f6d192c60, 0x0000025f6d192f38]
Event: 2860.462 Thread 0x0000025f021e5000 24101       4       org.gradle.internal.execution.history.changes.PropertyChanges::accept (118 bytes)
Event: 2860.464 Thread 0x0000025f021e5000 nmethod 24101 0x0000025f73e7aa10 code [0x0000025f73e7abc0, 0x0000025f73e7aca8]

GC Heap History (20 events):
Event: 2845.473 GC heap after
{Heap after GC invocations=219 (full 0):
 garbage-first heap   total 293888K, used 243871K [0x0000000080000000, 0x0000000100000000)
  region size 1024K, 2 young (2048K), 2 survivors (2048K)
 Metaspace       used 149507K, capacity 154044K, committed 154364K, reserved 1183744K
  class space    used 18706K, capacity 20299K, committed 20556K, reserved 1048576K
}
Event: 2846.018 GC heap before
{Heap before GC invocations=219 (full 0):
 garbage-first heap   total 293888K, used 255135K [0x0000000080000000, 0x0000000100000000)
  region size 1024K, 14 young (14336K), 2 survivors (2048K)
 Metaspace       used 150215K, capacity 154693K, committed 155132K, reserved 1183744K
  class space    used 18760K, capacity 20336K, committed 20556K, reserved 1048576K
}
Event: 2846.031 GC heap after
{Heap after GC invocations=220 (full 0):
 garbage-first heap   total 293888K, used 245865K [0x0000000080000000, 0x0000000100000000)
  region size 1024K, 2 young (2048K), 2 survivors (2048K)
 Metaspace       used 150215K, capacity 154693K, committed 155132K, reserved 1183744K
  class space    used 18760K, capacity 20336K, committed 20556K, reserved 1048576K
}
Event: 2846.427 GC heap before
{Heap before GC invocations=221 (full 0):
 garbage-first heap   total 293888K, used 257129K [0x0000000080000000, 0x0000000100000000)
  region size 1024K, 14 young (14336K), 2 survivors (2048K)
 Metaspace       used 151091K, capacity 155525K, committed 155900K, reserved 1185792K
  class space    used 18816K, capacity 20400K, committed 20556K, reserved 1048576K
}
Event: 2846.437 GC heap after
{Heap after GC invocations=222 (full 0):
 garbage-first heap   total 293888K, used 247363K [0x0000000080000000, 0x0000000100000000)
  region size 1024K, 2 young (2048K), 2 survivors (2048K)
 Metaspace       used 151091K, capacity 155525K, committed 155900K, reserved 1185792K
  class space    used 18816K, capacity 20400K, committed 20556K, reserved 1048576K
}
Event: 2846.656 GC heap before
{Heap before GC invocations=222 (full 0):
 garbage-first heap   total 293888K, used 259651K [0x0000000080000000, 0x0000000100000000)
  region size 1024K, 14 young (14336K), 2 survivors (2048K)
 Metaspace       used 152094K, capacity 156517K, committed 156796K, reserved 1185792K
  class space    used 18912K, capacity 20496K, committed 20684K, reserved 1048576K
}
Event: 2846.673 GC heap after
{Heap after GC invocations=223 (full 0):
 garbage-first heap   total 293888K, used 248022K [0x0000000080000000, 0x0000000100000000)
  region size 1024K, 2 young (2048K), 2 survivors (2048K)
 Metaspace       used 152094K, capacity 156517K, committed 156796K, reserved 1185792K
  class space    used 18912K, capacity 20496K, committed 20684K, reserved 1048576K
}
Event: 2846.970 GC heap before
{Heap before GC invocations=223 (full 0):
 garbage-first heap   total 293888K, used 260310K [0x0000000080000000, 0x0000000100000000)
  region size 1024K, 14 young (14336K), 2 survivors (2048K)
 Metaspace       used 152489K, capacity 156997K, committed 157308K, reserved 1185792K
  class space    used 18943K, capacity 20528K, committed 20684K, reserved 1048576K
}
Event: 2846.982 GC heap after
{Heap after GC invocations=224 (full 0):
 garbage-first heap   total 293888K, used 250067K [0x0000000080000000, 0x0000000100000000)
  region size 1024K, 2 young (2048K), 2 survivors (2048K)
 Metaspace       used 152489K, capacity 156997K, committed 157308K, reserved 1185792K
  class space    used 18943K, capacity 20528K, committed 20684K, reserved 1048576K
}
Event: 2847.450 GC heap before
{Heap before GC invocations=224 (full 0):
 garbage-first heap   total 293888K, used 262355K [0x0000000080000000, 0x0000000100000000)
  region size 1024K, 14 young (14336K), 2 survivors (2048K)
 Metaspace       used 152672K, capacity 157125K, committed 157564K, reserved 1185792K
  class space    used 18946K, capacity 20528K, committed 20684K, reserved 1048576K
}
Event: 2847.462 GC heap after
{Heap after GC invocations=225 (full 0):
 garbage-first heap   total 293888K, used 251396K [0x0000000080000000, 0x0000000100000000)
  region size 1024K, 2 young (2048K), 2 survivors (2048K)
 Metaspace       used 152672K, capacity 157125K, committed 157564K, reserved 1185792K
  class space    used 18946K, capacity 20528K, committed 20684K, reserved 1048576K
}
Event: 2847.690 GC heap before
{Heap before GC invocations=225 (full 0):
 garbage-first heap   total 293888K, used 263684K [0x0000000080000000, 0x0000000100000000)
  region size 1024K, 14 young (14336K), 2 survivors (2048K)
 Metaspace       used 153042K, capacity 157541K, committed 157820K, reserved 1185792K
  class space    used 18972K, capacity 20560K, committed 20684K, reserved 1048576K
}
Event: 2847.937 GC heap after
{Heap after GC invocations=226 (full 0):
 garbage-first heap   total 353280K, used 253494K [0x0000000080000000, 0x0000000100000000)
  region size 1024K, 2 young (2048K), 2 survivors (2048K)
 Metaspace       used 153042K, capacity 157541K, committed 157820K, reserved 1185792K
  class space    used 18972K, capacity 20560K, committed 20684K, reserved 1048576K
}
Event: 2848.448 GC heap before
{Heap before GC invocations=227 (full 0):
 garbage-first heap   total 353280K, used 257590K [0x0000000080000000, 0x0000000100000000)
  region size 1024K, 30 young (30720K), 2 survivors (2048K)
 Metaspace       used 153206K, capacity 157669K, committed 158076K, reserved 1187840K
  class space    used 18983K, capacity 20560K, committed 20684K, reserved 1048576K
}
Event: 2848.459 GC heap after
{Heap after GC invocations=228 (full 0):
 garbage-first heap   total 353280K, used 227988K [0x0000000080000000, 0x0000000100000000)
  region size 1024K, 2 young (2048K), 2 survivors (2048K)
 Metaspace       used 153206K, capacity 157669K, committed 158076K, reserved 1187840K
  class space    used 18983K, capacity 20560K, committed 20684K, reserved 1048576K
}
Event: 2848.640 GC heap before
{Heap before GC invocations=228 (full 0):
 garbage-first heap   total 353280K, used 242324K [0x0000000080000000, 0x0000000100000000)
  region size 1024K, 17 young (17408K), 2 survivors (2048K)
 Metaspace       used 153222K, capacity 157669K, committed 158076K, reserved 1187840K
  class space    used 18983K, capacity 20560K, committed 20684K, reserved 1048576K
}
Event: 2848.666 GC heap after
{Heap after GC invocations=229 (full 0):
 garbage-first heap   total 353280K, used 204851K [0x0000000080000000, 0x0000000100000000)
  region size 1024K, 1 young (1024K), 1 survivors (1024K)
 Metaspace       used 153222K, capacity 157669K, committed 158076K, reserved 1187840K
  class space    used 18983K, capacity 20560K, committed 20684K, reserved 1048576K
}
Event: 2848.982 GC heap before
{Heap before GC invocations=229 (full 0):
 garbage-first heap   total 353280K, used 218163K [0x0000000080000000, 0x0000000100000000)
  region size 1024K, 15 young (15360K), 1 survivors (1024K)
 Metaspace       used 153413K, capacity 157861K, committed 158076K, reserved 1187840K
  class space    used 18989K, capacity 20560K, committed 20684K, reserved 1048576K
}
Event: 2848.997 GC heap after
{Heap after GC invocations=230 (full 0):
 garbage-first heap   total 353280K, used 204844K [0x0000000080000000, 0x0000000100000000)
  region size 1024K, 1 young (1024K), 1 survivors (1024K)
 Metaspace       used 153413K, capacity 157861K, committed 158076K, reserved 1187840K
  class space    used 18989K, capacity 20560K, committed 20684K, reserved 1048576K
}
Event: 2860.509 GC heap before
{Heap before GC invocations=231 (full 0):
 garbage-first heap   total 353280K, used 286764K [0x0000000080000000, 0x0000000100000000)
  region size 1024K, 52 young (53248K), 1 survivors (1024K)
 Metaspace       used 154610K, capacity 159160K, committed 159484K, reserved 1187840K
  class space    used 19121K, capacity 20713K, committed 20812K, reserved 1048576K
}

Deoptimization events (20 events):
Event: 2857.466 Thread 0x0000025f0b35c800 Uncommon trap: trap_request=0xffffffc6 fr.pc=0x0000025f73c6b408 relative=0x00000000000005e8
Event: 2857.466 Thread 0x0000025f0b35c800 Uncommon trap: reason=bimorphic_or_optimized_type_check action=maybe_recompile pc=0x0000025f73c6b408 method=java.io.BufferedOutputStream.flushBuffer()V @ 20 c2
Event: 2857.466 Thread 0x0000025f0b35c800 DEOPT PACKING pc=0x0000025f73c6b408 sp=0x00000098ad2f88b0
Event: 2857.467 Thread 0x0000025f0b35c800 DEOPT UNPACKING pc=0x0000025f6c0ea1af sp=0x00000098ad2f8808 mode 2
Event: 2857.467 Thread 0x0000025f0b35c800 Uncommon trap: trap_request=0xffffffc6 fr.pc=0x0000025f73c6b408 relative=0x00000000000005e8
Event: 2857.467 Thread 0x0000025f0b35c800 Uncommon trap: reason=bimorphic_or_optimized_type_check action=maybe_recompile pc=0x0000025f73c6b408 method=java.io.BufferedOutputStream.flushBuffer()V @ 20 c2
Event: 2857.467 Thread 0x0000025f0b35c800 DEOPT PACKING pc=0x0000025f73c6b408 sp=0x00000098ad2f88b0
Event: 2857.467 Thread 0x0000025f0b35c800 DEOPT UNPACKING pc=0x0000025f6c0ea1af sp=0x00000098ad2f8808 mode 2
Event: 2857.469 Thread 0x0000025f0b35c800 Uncommon trap: trap_request=0xffffffc6 fr.pc=0x0000025f73c6b408 relative=0x00000000000005e8
Event: 2857.469 Thread 0x0000025f0b35c800 Uncommon trap: reason=bimorphic_or_optimized_type_check action=maybe_recompile pc=0x0000025f73c6b408 method=java.io.BufferedOutputStream.flushBuffer()V @ 20 c2
Event: 2857.469 Thread 0x0000025f0b35c800 DEOPT PACKING pc=0x0000025f73c6b408 sp=0x00000098ad2f88b0
Event: 2857.469 Thread 0x0000025f0b35c800 DEOPT UNPACKING pc=0x0000025f6c0ea1af sp=0x00000098ad2f8808 mode 2
Event: 2857.483 Thread 0x0000025f0b35f000 Uncommon trap: trap_request=0xffffff4d fr.pc=0x0000025f74ab69ec relative=0x000000000000322c
Event: 2857.483 Thread 0x0000025f0b35f000 Uncommon trap: reason=unstable_if action=reinterpret pc=0x0000025f74ab69ec method=java.io.ObjectInputStream.isCustomSubclass()Z @ 12 c2
Event: 2857.483 Thread 0x0000025f0b35f000 DEOPT PACKING pc=0x0000025f74ab69ec sp=0x00000098ad6fe0e0
Event: 2857.483 Thread 0x0000025f0b35f000 DEOPT UNPACKING pc=0x0000025f6c0ea1af sp=0x00000098ad6fe020 mode 2
Event: 2857.554 Thread 0x0000025f0b35f000 Uncommon trap: trap_request=0xffffff4d fr.pc=0x0000025f74ac3eec relative=0x000000000000038c
Event: 2857.554 Thread 0x0000025f0b35f000 Uncommon trap: reason=unstable_if action=reinterpret pc=0x0000025f74ac3eec method=java.io.ObjectStreamClass$FieldReflector.setObjFieldValues(Ljava/lang/Object;[Ljava/lang/Object;Z)V @ 56 c2
Event: 2857.554 Thread 0x0000025f0b35f000 DEOPT PACKING pc=0x0000025f74ac3eec sp=0x00000098ad6fda20
Event: 2857.554 Thread 0x0000025f0b35f000 DEOPT UNPACKING pc=0x0000025f6c0ea1af sp=0x00000098ad6fd850 mode 2

Classes redefined (0 events):
No events

Internal exceptions (20 events):
Event: 2839.992 Thread 0x0000025f03156000 Exception <a 'java/lang/NoSuchMethodError'{0x0000000091d6ead0}: <clinit>> (0x0000000091d6ead0) thrown at [./src/hotspot/share/prims/jni.cpp, line 1366]
Event: 2839.993 Thread 0x0000025f03156000 Exception <a 'java/lang/NoSuchMethodError'{0x0000000091d71698}: <clinit>> (0x0000000091d71698) thrown at [./src/hotspot/share/prims/jni.cpp, line 1366]
Event: 2839.993 Thread 0x0000025f03156000 Exception <a 'java/lang/NoSuchMethodError'{0x0000000091d76078}: <clinit>> (0x0000000091d76078) thrown at [./src/hotspot/share/prims/jni.cpp, line 1366]
Event: 2839.994 Thread 0x0000025f03156000 Exception <a 'java/lang/NoSuchMethodError'{0x0000000091d81818}: <clinit>> (0x0000000091d81818) thrown at [./src/hotspot/share/prims/jni.cpp, line 1366]
Event: 2840.007 Thread 0x0000025f03156000 Exception <a 'java/lang/NoSuchMethodError'{0x0000000091dd8ef0}: <clinit>> (0x0000000091dd8ef0) thrown at [./src/hotspot/share/prims/jni.cpp, line 1366]
Event: 2840.013 Thread 0x0000025f03156000 Exception <a 'java/lang/NoSuchMethodError'{0x0000000091c0b840}: <clinit>> (0x0000000091c0b840) thrown at [./src/hotspot/share/prims/jni.cpp, line 1366]
Event: 2840.013 Thread 0x0000025f03156000 Exception <a 'java/lang/NoSuchMethodError'{0x0000000091c0eca8}: <clinit>> (0x0000000091c0eca8) thrown at [./src/hotspot/share/prims/jni.cpp, line 1366]
Event: 2840.013 Thread 0x0000025f03156000 Exception <a 'java/lang/NoSuchMethodError'{0x0000000091c11918}: <clinit>> (0x0000000091c11918) thrown at [./src/hotspot/share/prims/jni.cpp, line 1366]
Event: 2840.016 Thread 0x0000025f03156000 Exception <a 'java/lang/NoSuchMethodError'{0x0000000091c29928}: <clinit>> (0x0000000091c29928) thrown at [./src/hotspot/share/prims/jni.cpp, line 1366]
Event: 2840.018 Thread 0x0000025f03156000 Exception <a 'java/lang/NoSuchMethodError'{0x0000000091c40c48}: <clinit>> (0x0000000091c40c48) thrown at [./src/hotspot/share/prims/jni.cpp, line 1366]
Event: 2840.020 Thread 0x0000025f03156000 Exception <a 'java/lang/NoSuchMethodError'{0x0000000091c55908}: <clinit>> (0x0000000091c55908) thrown at [./src/hotspot/share/prims/jni.cpp, line 1366]
Event: 2840.024 Thread 0x0000025f03156000 Exception <a 'java/lang/NoSuchMethodError'{0x0000000091c78c98}: <clinit>> (0x0000000091c78c98) thrown at [./src/hotspot/share/prims/jni.cpp, line 1366]
Event: 2840.029 Thread 0x0000025f03156000 Exception <a 'java/lang/NoSuchMethodError'{0x0000000091c9e138}: <clinit>> (0x0000000091c9e138) thrown at [./src/hotspot/share/prims/jni.cpp, line 1366]
Event: 2840.031 Thread 0x0000025f03156000 Exception <a 'java/lang/NoSuchMethodError'{0x0000000091cb2cc8}: <clinit>> (0x0000000091cb2cc8) thrown at [./src/hotspot/share/prims/jni.cpp, line 1366]
Event: 2844.668 Thread 0x0000025f03156000 Implicit null exception at 0x0000025f749fbcde to 0x0000025f74a00ac4
Event: 2844.668 Thread 0x0000025f03156000 Implicit null exception at 0x0000025f749fbcde to 0x0000025f74a00ac4
Event: 2844.852 Thread 0x0000025f03156000 Implicit null exception at 0x0000025f749fbcde to 0x0000025f74a00ac4
Event: 2845.173 Thread 0x0000025f03156000 Exception <a 'java/lang/NoSuchMethodError'{0x0000000091baa308}: <clinit>> (0x0000000091baa308) thrown at [./src/hotspot/share/prims/jni.cpp, line 1366]
Event: 2857.020 Thread 0x0000025f0b35c800 Exception <a 'sun/nio/fs/WindowsException'{0x0000000093578500}> (0x0000000093578500) thrown at [./src/hotspot/share/prims/jni.cpp, line 616]
Event: 2858.610 Thread 0x0000025f0b35c800 Exception <a 'sun/nio/fs/WindowsException'{0x00000000932676d0}> (0x00000000932676d0) thrown at [./src/hotspot/share/prims/jni.cpp, line 616]

Events (20 events):
Event: 2859.437 loading class com/android/tools/build/apkzlib/zip/DataDescriptorType done
Event: 2859.462 loading class com/android/tools/build/apkzlib/zip/ZFileExtension
Event: 2859.462 loading class com/android/tools/build/apkzlib/zip/ZFileExtension done
Event: 2859.467 loading class com/android/tools/build/apkzlib/utils/IOExceptionRunnable
Event: 2859.467 loading class com/android/tools/build/apkzlib/utils/IOExceptionRunnable done
Event: 2859.467 loading class com/android/tools/build/apkzlib/zip/ZFileExtension
Event: 2859.467 loading class com/android/tools/build/apkzlib/zip/ZFileExtension done
Event: 2859.467 loading class com/android/tools/build/apkzlib/utils/IOExceptionFunction
Event: 2859.467 loading class com/android/tools/build/apkzlib/utils/IOExceptionFunction done
Event: 2859.467 loading class com/android/tools/build/apkzlib/utils/IOExceptionFunction
Event: 2859.467 loading class com/android/tools/build/apkzlib/utils/IOExceptionFunction done
Event: 2859.470 loading class com/android/builder/files/RelativeFiles
Event: 2859.470 loading class com/android/builder/files/RelativeFiles done
Event: 2859.520 loading class com/android/builder/files/ZipCentralDirectory$CdrInfo
Event: 2859.520 loading class com/android/builder/files/ZipCentralDirectory$CdrInfo done
Event: 2859.521 loading class com/android/builder/files/ZipCentralDirectoryKt
Event: 2859.521 loading class com/android/builder/files/ZipCentralDirectoryKt done
Event: 2859.635 loading class com/android/builder/files/DirectoryEntry
Event: 2859.635 loading class com/android/builder/files/DirectoryEntry done
Event: 2860.509 Executing VM operation: G1CollectForAllocation


Dynamic libraries:
0x00007ff7ba440000 - 0x00007ff7ba44a000 	C:\Program Files\Android\Android Studio\jre\bin\java.exe
0x00007ffa9a910000 - 0x00007ffa9ab08000 	C:\WINDOWS\SYSTEM32\ntdll.dll
0x00007ffa99960000 - 0x00007ffa99a1f000 	C:\WINDOWS\System32\KERNEL32.DLL
0x00007ffa98190000 - 0x00007ffa98462000 	C:\WINDOWS\System32\KERNELBASE.dll
0x00007ffa98700000 - 0x00007ffa98800000 	C:\WINDOWS\System32\ucrtbase.dll
0x00007ffa904b0000 - 0x00007ffa904c9000 	C:\Program Files\Android\Android Studio\jre\bin\jli.dll
0x00007ffa788a0000 - 0x00007ffa788b7000 	C:\Program Files\Android\Android Studio\jre\bin\VCRUNTIME140.dll
0x00007ffa9a730000 - 0x00007ffa9a8cd000 	C:\WINDOWS\System32\USER32.dll
0x00007ffa98160000 - 0x00007ffa98182000 	C:\WINDOWS\System32\win32u.dll
0x00007ffa9a180000 - 0x00007ffa9a1ab000 	C:\WINDOWS\System32\GDI32.dll
0x00007ffa985c0000 - 0x00007ffa986cf000 	C:\WINDOWS\System32\gdi32full.dll
0x00007ffa8b8a0000 - 0x00007ffa8bb3a000 	C:\WINDOWS\WinSxS\amd64_microsoft.windows.common-controls_6595b64144ccf1df_6.0.19041.1110_none_60b5254171f9507e\COMCTL32.dll
0x00007ffa98010000 - 0x00007ffa980ad000 	C:\WINDOWS\System32\msvcp_win.dll
0x00007ffa99b30000 - 0x00007ffa99bce000 	C:\WINDOWS\System32\msvcrt.dll
0x00007ffa99fe0000 - 0x00007ffa9a012000 	C:\WINDOWS\System32\IMM32.DLL
0x00007ffa6adc0000 - 0x00007ffa6ae5d000 	C:\Program Files\Android\Android Studio\jre\bin\msvcp140.dll
0x00007ffa559d0000 - 0x00007ffa564d2000 	C:\Program Files\Android\Android Studio\jre\bin\server\jvm.dll
0x00007ffa99a20000 - 0x00007ffa99ace000 	C:\WINDOWS\System32\ADVAPI32.dll
0x00007ffa9a3e0000 - 0x00007ffa9a47c000 	C:\WINDOWS\System32\sechost.dll
0x00007ffa9a4e0000 - 0x00007ffa9a605000 	C:\WINDOWS\System32\RPCRT4.dll
0x00007ffa9a720000 - 0x00007ffa9a728000 	C:\WINDOWS\System32\PSAPI.DLL
0x00007ffa8b7b0000 - 0x00007ffa8b7ba000 	C:\WINDOWS\SYSTEM32\VERSION.dll
0x00007ffa8bd00000 - 0x00007ffa8bd27000 	C:\WINDOWS\SYSTEM32\WINMM.dll
0x00007ffa86df0000 - 0x00007ffa86df9000 	C:\WINDOWS\SYSTEM32\WSOCK32.dll
0x00007ffa9a110000 - 0x00007ffa9a17b000 	C:\WINDOWS\System32\WS2_32.dll
0x00007ffa960b0000 - 0x00007ffa960c2000 	C:\WINDOWS\SYSTEM32\kernel.appcore.dll
0x00007ffa91de0000 - 0x00007ffa91df1000 	C:\Program Files\Android\Android Studio\jre\bin\verify.dll
0x00007ffa95dc0000 - 0x00007ffa95fa4000 	C:\WINDOWS\SYSTEM32\DBGHELP.DLL
0x00007ffa72930000 - 0x00007ffa7295c000 	C:\WINDOWS\SYSTEM32\dbgcore.DLL
0x00007ffa98470000 - 0x00007ffa984f2000 	C:\WINDOWS\System32\bcryptPrimitives.dll
0x00007ffa91db0000 - 0x00007ffa91dd9000 	C:\Program Files\Android\Android Studio\jre\bin\java.dll
0x00007ffa951d0000 - 0x00007ffa951db000 	C:\Program Files\Android\Android Studio\jre\bin\jimage.dll
0x00007ffa91d50000 - 0x00007ffa91d68000 	C:\Program Files\Android\Android Studio\jre\bin\zip.dll
0x00007ffa98f40000 - 0x00007ffa99683000 	C:\WINDOWS\System32\SHELL32.dll
0x00007ffa960d0000 - 0x00007ffa96862000 	C:\WINDOWS\SYSTEM32\windows.storage.dll
0x00007ffa99bd0000 - 0x00007ffa99f24000 	C:\WINDOWS\System32\combase.dll
0x00007ffa97a00000 - 0x00007ffa97a30000 	C:\WINDOWS\SYSTEM32\Wldp.dll
0x00007ffa99f30000 - 0x00007ffa99fdd000 	C:\WINDOWS\System32\SHCORE.dll
0x00007ffa9a0b0000 - 0x00007ffa9a105000 	C:\WINDOWS\System32\shlwapi.dll
0x00007ffa97f50000 - 0x00007ffa97f6f000 	C:\WINDOWS\SYSTEM32\profapi.dll
0x00007ffa91d30000 - 0x00007ffa91d4a000 	C:\Program Files\Android\Android Studio\jre\bin\net.dll
0x00007ffa87cb0000 - 0x00007ffa87dbc000 	C:\WINDOWS\SYSTEM32\WINHTTP.dll
0x00007ffa97760000 - 0x00007ffa977ca000 	C:\WINDOWS\system32\mswsock.dll
0x00007ffa91d10000 - 0x00007ffa91d24000 	C:\Program Files\Android\Android Studio\jre\bin\nio.dll
0x00007ffa91cb0000 - 0x00007ffa91cd7000 	C:\Users\ednem\AndroidStudioProjects\Hogar_Gestor\native\e1d6ef7f7dcc3fd88c89a11ec53ec762bb8ba0a96d01ffa2cd45eb1d1d8dd5c5\windows-amd64\native-platform.dll
0x00007ffa4a430000 - 0x00007ffa4a574000 	C:\Users\ednem\AndroidStudioProjects\Hogar_Gestor\native\0d407fdbe67a94daf76414ababcb853783967236a71b16ec16e742cd7a986fd3\windows-amd64\native-platform-file-events.dll
0x00007ffa94150000 - 0x00007ffa9415a000 	C:\Program Files\Android\Android Studio\jre\bin\management.dll
0x00007ffa931c0000 - 0x00007ffa931cd000 	C:\Program Files\Android\Android Studio\jre\bin\management_ext.dll
0x00007ffa97950000 - 0x00007ffa97968000 	C:\WINDOWS\SYSTEM32\CRYPTSP.dll
0x00007ffa97010000 - 0x00007ffa97044000 	C:\WINDOWS\system32\rsaenh.dll
0x00007ffa986d0000 - 0x00007ffa986f7000 	C:\WINDOWS\System32\bcrypt.dll
0x00007ffa97ed0000 - 0x00007ffa97efe000 	C:\WINDOWS\SYSTEM32\USERENV.dll
0x00007ffa97970000 - 0x00007ffa9797c000 	C:\WINDOWS\SYSTEM32\CRYPTBASE.dll
0x00007ffa973e0000 - 0x00007ffa9741b000 	C:\WINDOWS\SYSTEM32\IPHLPAPI.DLL
0x00007ffa98f30000 - 0x00007ffa98f38000 	C:\WINDOWS\System32\NSI.dll
0x00007ffa8d260000 - 0x00007ffa8d277000 	C:\WINDOWS\SYSTEM32\dhcpcsvc6.DLL
0x00007ffa8d240000 - 0x00007ffa8d25d000 	C:\WINDOWS\SYSTEM32\dhcpcsvc.DLL
0x00007ffa97490000 - 0x00007ffa9755a000 	C:\WINDOWS\SYSTEM32\DNSAPI.dll
0x00007ffa91ce0000 - 0x00007ffa91d07000 	C:\Program Files\Android\Android Studio\jre\bin\sunec.dll
0x00007ffa87ad0000 - 0x00007ffa87ada000 	C:\Windows\System32\rasadhlp.dll
0x00007ffa88310000 - 0x00007ffa88390000 	C:\WINDOWS\System32\fwpuclnt.dll
0x00007ffa97130000 - 0x00007ffa97163000 	C:\WINDOWS\SYSTEM32\ntmarta.dll

dbghelp: loaded successfully - version: 4.0.5 - missing functions: none
symbol engine: initialized successfully - sym options: 0x614 - pdb path: .;C:\Program Files\Android\Android Studio\jre\bin;C:\WINDOWS\SYSTEM32;C:\WINDOWS\WinSxS\amd64_microsoft.windows.common-controls_6595b64144ccf1df_6.0.19041.1110_none_60b5254171f9507e;C:\Program Files\Android\Android Studio\jre\bin\server;C:\Users\ednem\AndroidStudioProjects\Hogar_Gestor\native\e1d6ef7f7dcc3fd88c89a11ec53ec762bb8ba0a96d01ffa2cd45eb1d1d8dd5c5\windows-amd64;C:\Users\ednem\AndroidStudioProjects\Hogar_Gestor\native\0d407fdbe67a94daf76414ababcb853783967236a71b16ec16e742cd7a986fd3\windows-amd64

VM Arguments:
jvm_args: --add-opens=java.base/java.util=ALL-UNNAMED --add-opens=java.base/java.lang=ALL-UNNAMED --add-opens=java.base/java.lang.invoke=ALL-UNNAMED --add-opens=java.base/java.util=ALL-UNNAMED --add-opens=java.prefs/java.util.prefs=ALL-UNNAMED --add-opens=java.prefs/java.util.prefs=ALL-UNNAMED --add-opens=java.base/java.nio.charset=ALL-UNNAMED --add-opens=java.base/java.net=ALL-UNNAMED --add-opens=java.base/java.util.concurrent.atomic=ALL-UNNAMED -Xmx2048m -Dfile.encoding=UTF-8 -Duser.country=MX -Duser.language=es -Duser.variant 
java_command: org.gradle.launcher.daemon.bootstrap.GradleDaemon 7.4
java_class_path (initial): C:\Users\ednem\AndroidStudioProjects\Hogar_Gestor\wrapper\dists\gradle-7.4-bin\c0gwcg53nkjbqw7r0h0umtfvt\gradle-7.4\lib\gradle-launcher-7.4.jar
Launcher Type: SUN_STANDARD

[Global flags]
     intx CICompilerCount                          = 3                                         {product} {ergonomic}
     uint ConcGCThreads                            = 1                                         {product} {ergonomic}
     uint G1ConcRefinementThreads                  = 4                                         {product} {ergonomic}
   size_t G1HeapRegionSize                         = 1048576                                   {product} {ergonomic}
    uintx GCDrainStackTargetSize                   = 64                                        {product} {ergonomic}
   size_t InitialHeapSize                          = 67108864                                  {product} {ergonomic}
   size_t MarkStackSize                            = 4194304                                   {product} {ergonomic}
   size_t MaxHeapSize                              = 2147483648                                {product} {command line}
   size_t MaxNewSize                               = 1287651328                                {product} {ergonomic}
   size_t MinHeapDeltaBytes                        = 1048576                                   {product} {ergonomic}
    uintx NonNMethodCodeHeapSize                   = 5830732                                {pd product} {ergonomic}
    uintx NonProfiledCodeHeapSize                  = 122913754                              {pd product} {ergonomic}
    uintx ProfiledCodeHeapSize                     = 122913754                              {pd product} {ergonomic}
    uintx ReservedCodeCacheSize                    = 251658240                              {pd product} {ergonomic}
     bool SegmentedCodeCache                       = true                                      {product} {ergonomic}
     bool UseCompressedClassPointers               = true                                 {lp64_product} {ergonomic}
     bool UseCompressedOops                        = true                                 {lp64_product} {ergonomic}
     bool UseG1GC                                  = true                                      {product} {ergonomic}
     bool UseLargePagesIndividualAllocation        = false                                  {pd product} {ergonomic}

Logging:
Log output configuration:
 #0: stdout all=warning uptime,level,tags
 #1: stderr all=off uptime,level,tags

Environment Variables:
JAVA_HOME=C:\Program Files\Java\jdk-15.0.1
PATH="C:\ProgramData\Oracle\Java\javapath\;C:\Program Files\Java\jdk-17.0.4.1\bin";C:\Program Files\Microsoft MPI\Bin\;C:\Program Files\Common Files\Oracle\Java\javapath;C:\Program Files (x86)\Common Files\Oracle\Java\javapath;C:\Program Files\Broadcom\Broadcom 802.11 Network Adapter;C:\Program Files (x86)\Intel\iCLS Client\;C:\Program Files\Intel\iCLS Client\;C:\WINDOWS\system32;C:\WINDOWS;C:\WINDOWS\System32\Wbem;C:\WINDOWS\System32\WindowsPowerShell\v1.0\;C:\Program Files (x86)\Intel\Intel(R) Management Engine Components\DAL;C:\Program Files\Intel\Intel(R) Management Engine Components\DAL;C:\Program Files (x86)\Intel\Intel(R) Management Engine Components\IPT;C:\Program Files\Intel\Intel(R) Management Engine Components\IPT;C:\WINDOWS\System32\OpenSSH\;C:\Program Files\dotnet\;C:\Program Files (x86)\Microsoft SQL Server\150\Tools\Binn\;C:\Program Files\Microsoft SQL Server\150\Tools\Binn\;C:\Program Files (x86)\Microsoft SQL Server\150\DTS\Binn\;C:\Program Files\Microsoft SQL Server\150\DTS\Binn\;C:\Program Files\Microsoft SQL Server\Client SDK\ODBC\170\Tools\Binn\;C:\Program Files\Azure Data Studio\bin;C:\Program Files\Git\cmd;C:\Program Files\Java\jdk-17.0.5\bin;C:\apache-maven-3.8.6\bin;C:\Program Files\Java\jdk-17.0.5\bin;C:\ProgramData\Oracle\Java\javapath\;C:\Users\ednem\.dotnet\tools;C:\Program Files\Azure Data Studio\bin;
USERNAME=ednem
OS=Windows_NT
PROCESSOR_IDENTIFIER=Intel64 Family 6 Model 61 Stepping 4, GenuineIntel



---------------  S Y S T E M  ---------------

OS: Windows 10 , 64 bit Build 19041 (10.0.19041.2251)
OS uptime: 4 days 10:47 hours

CPU:total 4 (initial active 4) (2 cores per cpu, 2 threads per core) family 6 model 61 stepping 4 microcode 0x2d, cmov, cx8, fxsr, mmx, sse, sse2, sse3, ssse3, sse4.1, sse4.2, popcnt, avx, avx2, aes, clmul, erms, 3dnowpref, lzcnt, ht, tsc, tscinvbit, bmi1, bmi2, adx, fma

Memory: 4k page, system-wide physical 4011M (402M free)
TotalPageFile size 6804M (AvailPageFile size 118M)
current process WorkingSet (physical memory assigned to process): 476M, peak: 570M
current process commit charge ("private bytes"): 742M, peak: 1157M

vm_info: OpenJDK 64-Bit Server VM (11.0.13+0-b1751.21-8125866) for windows-amd64 JRE (11.0.13+0-b1751.21-8125866), built on Feb  2 2022 03:00:22 by "builder" with MS VC++ 14.0 (VS2015)

END.
